#
# There is insufficient memory for the Java Runtime Environment to continue.
# Native memory allocation (malloc) failed to allocate 882480 bytes for Chunk::new
# Possible reasons:
#   The system is out of physical RAM or swap space
#   The process is running with CompressedOops enabled, and the Java Heap may be blocking the growth of the native heap
# Possible solutions:
#   Reduce memory load on the system
#   Increase physical memory or swap space
#   Check if swap backing store is full
#   Decrease Java heap size (-Xmx/-Xms)
#   Decrease number of Java threads
#   Decrease Java thread stack sizes (-Xss)
#   Set larger code cache with -XX:ReservedCodeCacheSize=
#   JVM is running with Unscaled Compressed Oops mode in which the Java heap is
#     placed in the first 4GB address space. The Java Heap base address is the
#     maximum limit for the native heap growth. Please use -XX:HeapBaseMinAddress
#     to set the Java Heap base and to place the Java Heap above 4GB virtual address.
# This output file may be truncated or incomplete.
#
#  Out of Memory Error (arena.cpp:191), pid=732, tid=9516
#
# JRE version: OpenJDK Runtime Environment (17.0.10) (build 17.0.10+0--11572160)
# Java VM: OpenJDK 64-Bit Server VM (17.0.10+0--11572160, mixed mode, tiered, compressed oops, compressed class ptrs, g1 gc, windows-amd64)
# No core dump will be written. Minidumps are not enabled by default on client versions of Windows
#

---------------  S U M M A R Y ------------

Command Line: --add-opens=java.base/java.util=ALL-UNNAMED --add-opens=java.base/java.lang=ALL-UNNAMED --add-opens=java.base/java.lang.invoke=ALL-UNNAMED --add-opens=java.prefs/java.util.prefs=ALL-UNNAMED --add-opens=java.base/java.nio.charset=ALL-UNNAMED --add-opens=java.base/java.net=ALL-UNNAMED --add-opens=java.base/java.util.concurrent.atomic=ALL-UNNAMED -Xmx2048m -Dfile.encoding=UTF-8 -Duser.country=ID -Duser.language=en -Duser.variant -javaagent:C:\Users\chaerul\.gradle\wrapper\dists\gradle-8.6-bin\afr5mpiioh2wthjmwnkmdsd5w\gradle-8.6\lib\agents\gradle-instrumentation-agent-8.6.jar org.gradle.launcher.daemon.bootstrap.GradleDaemon 8.6

Host: Intel(R) Core(TM)2 Duo CPU     P8400  @ 2.26GHz, 2 cores, 3G,  Windows 10 , 64 bit Build 19041 (10.0.19041.3636)
Time: Wed Jun 12 00:40:07 2024 SE Asia Standard Time elapsed time: 25.325201 seconds (0d 0h 0m 25s)

---------------  T H R E A D  ---------------

Current thread (0x000001a2d72c5350):  JavaThread "C2 CompilerThread0" daemon [_thread_in_native, id=9516, stack(0x0000006bf9300000,0x0000006bf9400000)]


Current CompileTask:
C2:  25325 3571   !   4       jdk.internal.loader.URLClassPath$JarLoader::getResource (354 bytes)

Stack: [0x0000006bf9300000,0x0000006bf9400000]
Native frames: (J=compiled Java code, j=interpreted, Vv=VM code, C=native code)
V  [jvm.dll+0x688e89]
V  [jvm.dll+0x84247a]
V  [jvm.dll+0x8440be]
V  [jvm.dll+0x844723]
V  [jvm.dll+0x24be0f]
V  [jvm.dll+0xac524]
V  [jvm.dll+0xacb6c]
V  [jvm.dll+0x36bd67]
V  [jvm.dll+0x33615a]
V  [jvm.dll+0x3355fa]
V  [jvm.dll+0x21daa1]
V  [jvm.dll+0x21cec1]
V  [jvm.dll+0x1a60ad]
V  [jvm.dll+0x22cd78]
V  [jvm.dll+0x22aeb0]
V  [jvm.dll+0x7f6917]
V  [jvm.dll+0x7f0d1a]
V  [jvm.dll+0x687d05]
C  [ucrtbase.dll+0x21bb2]
C  [KERNEL32.DLL+0x17344]
C  [ntdll.dll+0x526b1]


---------------  P R O C E S S  ---------------

Threads class SMR info:
_java_thread_list=0x000001a2dcf52950, length=34, elements={
0x000001a2be040990, 0x000001a2d72db620, 0x000001a2d72dc3b0, 0x000001a2d72c0a20,
0x000001a2d72c14f0, 0x000001a2d72c3dd0, 0x000001a2d72c46a0, 0x000001a2d72c5350,
0x000001a2d72c5d10, 0x000001a2d731e8c0, 0x000001a2d74ed3a0, 0x000001a2d764fff0,
0x000001a2dc2d96d0, 0x000001a2ddc98b00, 0x000001a2dc0cb7a0, 0x000001a2dde16d60,
0x000001a2dc958030, 0x000001a2dd5d79b0, 0x000001a2dd5d8df0, 0x000001a2dd5d74a0,
0x000001a2dd5d9300, 0x000001a2dd5d9810, 0x000001a2dd5d6060, 0x000001a2dd5d6570,
0x000001a2dd5d6f90, 0x000001a2dd5d7ec0, 0x000001a2dd5d83d0, 0x000001a2dd5d6a80,
0x000001a2ddd768b0, 0x000001a2ddd79130, 0x000001a2ddd721d0, 0x000001a2ddd777e0,
0x000001a2ddd74a50, 0x000001a2ddd74540
}

Java Threads: ( => current thread )
  0x000001a2be040990 JavaThread "main" [_thread_blocked, id=12780, stack(0x0000006bf8600000,0x0000006bf8700000)]
  0x000001a2d72db620 JavaThread "Reference Handler" daemon [_thread_blocked, id=7380, stack(0x0000006bf8d00000,0x0000006bf8e00000)]
  0x000001a2d72dc3b0 JavaThread "Finalizer" daemon [_thread_blocked, id=12080, stack(0x0000006bf8e00000,0x0000006bf8f00000)]
  0x000001a2d72c0a20 JavaThread "Signal Dispatcher" daemon [_thread_blocked, id=1624, stack(0x0000006bf8f00000,0x0000006bf9000000)]
  0x000001a2d72c14f0 JavaThread "Attach Listener" daemon [_thread_blocked, id=7936, stack(0x0000006bf9000000,0x0000006bf9100000)]
  0x000001a2d72c3dd0 JavaThread "Service Thread" daemon [_thread_blocked, id=6052, stack(0x0000006bf9100000,0x0000006bf9200000)]
  0x000001a2d72c46a0 JavaThread "Monitor Deflation Thread" daemon [_thread_blocked, id=6564, stack(0x0000006bf9200000,0x0000006bf9300000)]
=>0x000001a2d72c5350 JavaThread "C2 CompilerThread0" daemon [_thread_in_native, id=9516, stack(0x0000006bf9300000,0x0000006bf9400000)]
  0x000001a2d72c5d10 JavaThread "C1 CompilerThread0" daemon [_thread_blocked, id=10016, stack(0x0000006bf9400000,0x0000006bf9500000)]
  0x000001a2d731e8c0 JavaThread "Sweeper thread" daemon [_thread_blocked, id=4460, stack(0x0000006bf9500000,0x0000006bf9600000)]
  0x000001a2d74ed3a0 JavaThread "Common-Cleaner" daemon [_thread_blocked, id=9076, stack(0x0000006bf9600000,0x0000006bf9700000)]
  0x000001a2d764fff0 JavaThread "Notification Thread" daemon [_thread_blocked, id=3204, stack(0x0000006bf9700000,0x0000006bf9800000)]
  0x000001a2dc2d96d0 JavaThread "Daemon health stats" [_thread_blocked, id=14252, stack(0x0000006bf9a00000,0x0000006bf9b00000)]
  0x000001a2ddc98b00 JavaThread "Incoming local TCP Connector on port 63168" [_thread_in_native, id=12148, stack(0x0000006bf9b00000,0x0000006bf9c00000)]
  0x000001a2dc0cb7a0 JavaThread "Daemon periodic checks" [_thread_blocked, id=9148, stack(0x0000006bf9c00000,0x0000006bf9d00000)]
  0x000001a2dde16d60 JavaThread "Daemon" [_thread_blocked, id=9772, stack(0x0000006bf9d00000,0x0000006bf9e00000)]
  0x000001a2dc958030 JavaThread "Handler for socket connection from /127.0.0.1:63168 to /127.0.0.1:63169" [_thread_in_native, id=10704, stack(0x0000006bf9e00000,0x0000006bf9f00000)]
  0x000001a2dd5d79b0 JavaThread "Cancel handler" [_thread_blocked, id=8500, stack(0x0000006bf9f00000,0x0000006bfa000000)]
  0x000001a2dd5d8df0 JavaThread "Daemon worker" [_thread_in_native, id=384, stack(0x0000006bfa000000,0x0000006bfa100000)]
  0x000001a2dd5d74a0 JavaThread "Asynchronous log dispatcher for DefaultDaemonConnection: socket connection from /127.0.0.1:63168 to /127.0.0.1:63169" [_thread_blocked, id=2892, stack(0x0000006bfa100000,0x0000006bfa200000)]
  0x000001a2dd5d9300 JavaThread "Stdin handler" [_thread_blocked, id=10272, stack(0x0000006bfa200000,0x0000006bfa300000)]
  0x000001a2dd5d9810 JavaThread "Daemon client event forwarder" [_thread_blocked, id=6408, stack(0x0000006bfa300000,0x0000006bfa400000)]
  0x000001a2dd5d6060 JavaThread "Cache worker for journal cache (C:\Users\chaerul\.gradle\caches\journal-1)" [_thread_blocked, id=4264, stack(0x0000006bfa400000,0x0000006bfa500000)]
  0x000001a2dd5d6570 JavaThread "File lock request listener" [_thread_in_native, id=10560, stack(0x0000006bfa500000,0x0000006bfa600000)]
  0x000001a2dd5d6f90 JavaThread "Cache worker for file hash cache (C:\Users\chaerul\.gradle\caches\8.6\fileHashes)" [_thread_blocked, id=14184, stack(0x0000006bfa600000,0x0000006bfa700000)]
  0x000001a2dd5d7ec0 JavaThread "File watcher server" daemon [_thread_in_native, id=15324, stack(0x0000006bfa700000,0x0000006bfa800000)]
  0x000001a2dd5d83d0 JavaThread "File watcher consumer" daemon [_thread_blocked, id=4084, stack(0x0000006bfa800000,0x0000006bfa900000)]
  0x000001a2dd5d6a80 JavaThread "jar transforms" [_thread_blocked, id=440, stack(0x0000006bfa900000,0x0000006bfaa00000)]
  0x000001a2ddd768b0 JavaThread "jar transforms Thread 2" [_thread_blocked, id=864, stack(0x0000006bfaa00000,0x0000006bfab00000)]
  0x000001a2ddd79130 JavaThread "Cache worker for checksums cache (C:\Users\chaerul\Desktop\projek apk\laundryku\.gradle\8.6\checksums)" [_thread_blocked, id=13796, stack(0x0000006bfab00000,0x0000006bfac00000)]
  0x000001a2ddd721d0 JavaThread "Cache worker for file hash cache (C:\Users\chaerul\Desktop\projek apk\laundryku\.gradle\8.6\fileHashes)" [_thread_blocked, id=9404, stack(0x0000006bfac00000,0x0000006bfad00000)]
  0x000001a2ddd777e0 JavaThread "Cache worker for cache directory md-supplier (C:\Users\chaerul\.gradle\caches\8.6\md-supplier)" [_thread_blocked, id=5676, stack(0x0000006bfad00000,0x0000006bfae00000)]
  0x000001a2ddd74a50 JavaThread "Cache worker for cache directory md-rule (C:\Users\chaerul\.gradle\caches\8.6\md-rule)" [_thread_blocked, id=8440, stack(0x0000006bfae00000,0x0000006bfaf00000)]
  0x000001a2ddd74540 JavaThread "Cache worker for file content cache (C:\Users\chaerul\.gradle\caches\8.6\fileContent)" [_thread_blocked, id=12092, stack(0x0000006bfaf00000,0x0000006bfb000000)]

Other Threads:
  0x000001a2d725d900 VMThread "VM Thread" [stack: 0x0000006bf8c00000,0x0000006bf8d00000] [id=13204]
  0x000001a2be041860 WatcherThread [stack: 0x0000006bf9800000,0x0000006bf9900000] [id=1364]
  0x000001a2be0997e0 GCTaskThread "GC Thread#0" [stack: 0x0000006bf8700000,0x0000006bf8800000] [id=3252]
  0x000001a2d7742cd0 GCTaskThread "GC Thread#1" [stack: 0x0000006bf9900000,0x0000006bf9a00000] [id=13264]
  0x000001a2be0aade0 ConcurrentGCThread "G1 Main Marker" [stack: 0x0000006bf8800000,0x0000006bf8900000] [id=14504]
  0x000001a2be0ab710 ConcurrentGCThread "G1 Conc#0" [stack: 0x0000006bf8900000,0x0000006bf8a00000] [id=14692]
  0x000001a2be0f1110 ConcurrentGCThread "G1 Refine#0" [stack: 0x0000006bf8a00000,0x0000006bf8b00000] [id=6464]
  0x000001a2be0f1a50 ConcurrentGCThread "G1 Service" [stack: 0x0000006bf8b00000,0x0000006bf8c00000] [id=10944]

Threads with active compile tasks:
C2 CompilerThread0    25410 3571   !   4       jdk.internal.loader.URLClassPath$JarLoader::getResource (354 bytes)

VM state: not at safepoint (normal execution)

VM Mutex/Monitor currently owned by a thread: None

OutOfMemory and StackOverflow Exception counts:
OutOfMemoryError java_heap_errors=4
LinkageErrors=122

Heap address: 0x0000000080000000, size: 2048 MB, Compressed Oops mode: 32-bit

CDS archive(s) not mapped
Compressed class space mapped at: 0x0000000100000000-0x0000000140000000, reserved size: 1073741824
Narrow klass base: 0x0000000000000000, Narrow klass shift: 3, Narrow klass range: 0x140000000

GC Precious Log:
 CPUs: 2 total, 2 available
 Memory: 3990M
 Large Page Support: Disabled
 NUMA Support: Disabled
 Compressed Oops: Enabled (32-bit)
 Heap Region Size: 1M
 Heap Min Capacity: 8M
 Heap Initial Capacity: 64M
 Heap Max Capacity: 2G
 Pre-touch: Disabled
 Parallel Workers: 2
 Concurrent Workers: 1
 Concurrent Refinement Workers: 2
 Periodic GC: Disabled

Heap:
 garbage-first heap   total 71680K, used 45491K [0x0000000080000000, 0x0000000100000000)
  region size 1024K, 6 young (6144K), 3 survivors (3072K)
 Metaspace       used 42930K, committed 43328K, reserved 1114112K
  class space    used 5834K, committed 6016K, reserved 1048576K

Heap Regions: E=young(eden), S=young(survivor), O=old, HS=humongous(starts), HC=humongous(continues), CS=collection set, F=free, OA=open archive, CA=closed archive, TAMS=top-at-mark-start (previous, next)
|   0|0x0000000080000000, 0x0000000080100000, 0x0000000080100000|100%| O|  |TAMS 0x0000000080100000, 0x0000000080000000| Untracked 
|   1|0x0000000080100000, 0x0000000080200000, 0x0000000080200000|100%| O|  |TAMS 0x0000000080200000, 0x0000000080100000| Untracked 
|   2|0x0000000080200000, 0x0000000080300000, 0x0000000080300000|100%|HS|  |TAMS 0x0000000080300000, 0x0000000080200000| Complete 
|   3|0x0000000080300000, 0x0000000080400000, 0x0000000080400000|100%|HC|  |TAMS 0x0000000080400000, 0x0000000080300000| Complete 
|   4|0x0000000080400000, 0x0000000080500000, 0x0000000080500000|100%|HC|  |TAMS 0x0000000080500000, 0x0000000080400000| Complete 
|   5|0x0000000080500000, 0x0000000080600000, 0x0000000080600000|100%|HC|  |TAMS 0x0000000080600000, 0x0000000080500000| Complete 
|   6|0x0000000080600000, 0x0000000080700000, 0x0000000080700000|100%| O|  |TAMS 0x0000000080700000, 0x0000000080600000| Untracked 
|   7|0x0000000080700000, 0x0000000080800000, 0x0000000080800000|100%| O|  |TAMS 0x0000000080800000, 0x0000000080700000| Untracked 
|   8|0x0000000080800000, 0x0000000080900000, 0x0000000080900000|100%| O|  |TAMS 0x0000000080900000, 0x0000000080800000| Untracked 
|   9|0x0000000080900000, 0x0000000080a00000, 0x0000000080a00000|100%| O|  |TAMS 0x0000000080a00000, 0x0000000080900000| Untracked 
|  10|0x0000000080a00000, 0x0000000080b00000, 0x0000000080b00000|100%| O|  |TAMS 0x0000000080b00000, 0x0000000080a00000| Untracked 
|  11|0x0000000080b00000, 0x0000000080c00000, 0x0000000080c00000|100%| O|  |TAMS 0x0000000080c00000, 0x0000000080b00000| Untracked 
|  12|0x0000000080c00000, 0x0000000080d00000, 0x0000000080d00000|100%| O|  |TAMS 0x0000000080d00000, 0x0000000080c00000| Untracked 
|  13|0x0000000080d00000, 0x0000000080e00000, 0x0000000080e00000|100%| O|  |TAMS 0x0000000080e00000, 0x0000000080d00000| Untracked 
|  14|0x0000000080e00000, 0x0000000080f00000, 0x0000000080f00000|100%| O|  |TAMS 0x0000000080f00000, 0x0000000080e00000| Untracked 
|  15|0x0000000080f00000, 0x0000000081000000, 0x0000000081000000|100%| O|  |TAMS 0x0000000081000000, 0x0000000080f00000| Untracked 
|  16|0x0000000081000000, 0x0000000081100000, 0x0000000081100000|100%| O|  |TAMS 0x0000000081100000, 0x0000000081000000| Untracked 
|  17|0x0000000081100000, 0x0000000081200000, 0x0000000081200000|100%| O|  |TAMS 0x0000000081200000, 0x0000000081100000| Untracked 
|  18|0x0000000081200000, 0x0000000081300000, 0x0000000081300000|100%| O|  |TAMS 0x0000000081300000, 0x0000000081200000| Untracked 
|  19|0x0000000081300000, 0x0000000081400000, 0x0000000081400000|100%|HS|  |TAMS 0x0000000081400000, 0x0000000081300000| Complete 
|  20|0x0000000081400000, 0x0000000081500000, 0x0000000081500000|100%|HC|  |TAMS 0x0000000081500000, 0x0000000081400000| Complete 
|  21|0x0000000081500000, 0x0000000081600000, 0x0000000081600000|100%|HS|  |TAMS 0x0000000081600000, 0x0000000081500000| Complete 
|  22|0x0000000081600000, 0x0000000081700000, 0x0000000081700000|100%|HC|  |TAMS 0x0000000081700000, 0x0000000081600000| Complete 
|  23|0x0000000081700000, 0x0000000081800000, 0x0000000081800000|100%|HC|  |TAMS 0x0000000081800000, 0x0000000081700000| Complete 
|  24|0x0000000081800000, 0x0000000081900000, 0x0000000081900000|100%|HS|  |TAMS 0x0000000081900000, 0x0000000081800000| Complete 
|  25|0x0000000081900000, 0x0000000081a00000, 0x0000000081a00000|100%|HC|  |TAMS 0x0000000081a00000, 0x0000000081900000| Complete 
|  26|0x0000000081a00000, 0x0000000081b00000, 0x0000000081b00000|100%|HC|  |TAMS 0x0000000081b00000, 0x0000000081a00000| Complete 
|  27|0x0000000081b00000, 0x0000000081c00000, 0x0000000081c00000|100%| O|  |TAMS 0x0000000081c00000, 0x0000000081b00000| Untracked 
|  28|0x0000000081c00000, 0x0000000081d00000, 0x0000000081d00000|100%| O|  |TAMS 0x0000000081d00000, 0x0000000081c00000| Untracked 
|  29|0x0000000081d00000, 0x0000000081e00000, 0x0000000081e00000|100%| O|  |TAMS 0x0000000081e00000, 0x0000000081d00000| Untracked 
|  30|0x0000000081e00000, 0x0000000081f00000, 0x0000000081f00000|100%|HS|  |TAMS 0x0000000081f00000, 0x0000000081e00000| Complete 
|  31|0x0000000081f00000, 0x0000000082000000, 0x0000000082000000|100%|HC|  |TAMS 0x0000000082000000, 0x0000000081f00000| Complete 
|  32|0x0000000082000000, 0x0000000082100000, 0x0000000082100000|100%|HC|  |TAMS 0x0000000082100000, 0x0000000082000000| Complete 
|  33|0x0000000082100000, 0x0000000082200000, 0x0000000082200000|100%| O|  |TAMS 0x0000000082200000, 0x0000000082100000| Untracked 
|  34|0x0000000082200000, 0x0000000082300000, 0x0000000082300000|100%| O|  |TAMS 0x0000000082300000, 0x0000000082200000| Untracked 
|  35|0x0000000082300000, 0x0000000082400000, 0x0000000082400000|100%| O|  |TAMS 0x0000000082400000, 0x0000000082300000| Untracked 
|  36|0x0000000082400000, 0x0000000082500000, 0x0000000082500000|100%| O|  |TAMS 0x0000000082500000, 0x0000000082400000| Untracked 
|  37|0x0000000082500000, 0x0000000082600000, 0x0000000082600000|100%| O|  |TAMS 0x0000000082600000, 0x0000000082500000| Untracked 
|  38|0x0000000082600000, 0x0000000082700000, 0x0000000082700000|100%| O|  |TAMS 0x00000000826bde00, 0x0000000082600000| Untracked 
|  39|0x0000000082700000, 0x000000008276ce00, 0x0000000082800000| 42%| O|  |TAMS 0x0000000082700000, 0x0000000082700000| Untracked 
|  40|0x0000000082800000, 0x0000000082800000, 0x0000000082900000|  0%| F|  |TAMS 0x0000000082800000, 0x0000000082800000| Untracked 
|  41|0x0000000082900000, 0x0000000082900000, 0x0000000082a00000|  0%| F|  |TAMS 0x0000000082900000, 0x0000000082900000| Untracked 
|  42|0x0000000082a00000, 0x0000000082a00000, 0x0000000082b00000|  0%| F|  |TAMS 0x0000000082a00000, 0x0000000082a00000| Untracked 
|  43|0x0000000082b00000, 0x0000000082b00000, 0x0000000082c00000|  0%| F|  |TAMS 0x0000000082b00000, 0x0000000082b00000| Untracked 
|  44|0x0000000082c00000, 0x0000000082c00000, 0x0000000082d00000|  0%| F|  |TAMS 0x0000000082c00000, 0x0000000082c00000| Untracked 
|  45|0x0000000082d00000, 0x0000000082d00000, 0x0000000082e00000|  0%| F|  |TAMS 0x0000000082d00000, 0x0000000082d00000| Untracked 
|  46|0x0000000082e00000, 0x0000000082e00000, 0x0000000082f00000|  0%| F|  |TAMS 0x0000000082e00000, 0x0000000082e00000| Untracked 
|  47|0x0000000082f00000, 0x0000000082f00000, 0x0000000083000000|  0%| F|  |TAMS 0x0000000082f00000, 0x0000000082f00000| Untracked 
|  48|0x0000000083000000, 0x0000000083000000, 0x0000000083100000|  0%| F|  |TAMS 0x0000000083000000, 0x0000000083000000| Untracked 
|  49|0x0000000083100000, 0x0000000083100000, 0x0000000083200000|  0%| F|  |TAMS 0x0000000083100000, 0x0000000083100000| Untracked 
|  50|0x0000000083200000, 0x0000000083200000, 0x0000000083300000|  0%| F|  |TAMS 0x0000000083200000, 0x0000000083200000| Untracked 
|  51|0x0000000083300000, 0x0000000083300000, 0x0000000083400000|  0%| F|  |TAMS 0x0000000083300000, 0x0000000083300000| Untracked 
|  52|0x0000000083400000, 0x0000000083500000, 0x0000000083500000|100%| S|CS|TAMS 0x0000000083400000, 0x0000000083400000| Complete 
|  53|0x0000000083500000, 0x0000000083600000, 0x0000000083600000|100%| S|CS|TAMS 0x0000000083500000, 0x0000000083500000| Complete 
|  54|0x0000000083600000, 0x0000000083700000, 0x0000000083700000|100%| S|CS|TAMS 0x0000000083600000, 0x0000000083600000| Complete 
|  55|0x0000000083700000, 0x0000000083700000, 0x0000000083800000|  0%| F|  |TAMS 0x0000000083700000, 0x0000000083700000| Untracked 
|  56|0x0000000083800000, 0x0000000083800000, 0x0000000083900000|  0%| F|  |TAMS 0x0000000083800000, 0x0000000083800000| Untracked 
|  57|0x0000000083900000, 0x0000000083900000, 0x0000000083a00000|  0%| F|  |TAMS 0x0000000083900000, 0x0000000083900000| Untracked 
|  58|0x0000000083a00000, 0x0000000083a00000, 0x0000000083b00000|  0%| F|  |TAMS 0x0000000083a00000, 0x0000000083a00000| Untracked 
|  59|0x0000000083b00000, 0x0000000083b00000, 0x0000000083c00000|  0%| F|  |TAMS 0x0000000083b00000, 0x0000000083b00000| Untracked 
|  60|0x0000000083c00000, 0x0000000083c00000, 0x0000000083d00000|  0%| F|  |TAMS 0x0000000083c00000, 0x0000000083c00000| Untracked 
|  61|0x0000000083d00000, 0x0000000083d00000, 0x0000000083e00000|  0%| F|  |TAMS 0x0000000083d00000, 0x0000000083d00000| Untracked 
|  62|0x0000000083e00000, 0x0000000083e00000, 0x0000000083f00000|  0%| F|  |TAMS 0x0000000083e00000, 0x0000000083e00000| Untracked 
|  63|0x0000000083f00000, 0x0000000083f00000, 0x0000000084000000|  0%| F|  |TAMS 0x0000000083f00000, 0x0000000083f00000| Untracked 
|  64|0x0000000084000000, 0x0000000084000000, 0x0000000084100000|  0%| F|  |TAMS 0x0000000084000000, 0x0000000084000000| Untracked 
|  65|0x0000000084100000, 0x0000000084100000, 0x0000000084200000|  0%| F|  |TAMS 0x0000000084100000, 0x0000000084100000| Untracked 
|  66|0x0000000084200000, 0x0000000084200000, 0x0000000084300000|  0%| F|  |TAMS 0x0000000084200000, 0x0000000084200000| Untracked 
|  67|0x0000000084300000, 0x00000000843451a8, 0x0000000084400000| 26%| E|  |TAMS 0x0000000084300000, 0x0000000084300000| Complete 
|  68|0x0000000084400000, 0x0000000084500000, 0x0000000084500000|100%| E|CS|TAMS 0x0000000084400000, 0x0000000084400000| Complete 
|  69|0x0000000084500000, 0x0000000084600000, 0x0000000084600000|100%| E|CS|TAMS 0x0000000084500000, 0x0000000084500000| Complete 

Card table byte_map: [0x000001a2d0920000,0x000001a2d0d20000] _byte_map_base: 0x000001a2d0520000

Marking Bits (Prev, Next): (CMBitMap*) 0x000001a2be099d10, (CMBitMap*) 0x000001a2be099d50
 Prev Bits: [0x000001a2d1120000, 0x000001a2d3120000)
 Next Bits: [0x000001a2d3120000, 0x000001a2d5120000)

Polling page: 0x000001a2bd800000

Metaspace:

Usage:
  Non-class:     36.23 MB used.
      Class:      5.70 MB used.
       Both:     41.93 MB used.

Virtual space:
  Non-class space:       64.00 MB reserved,      36.44 MB ( 57%) committed,  1 nodes.
      Class space:        1.00 GB reserved,       5.88 MB ( <1%) committed,  1 nodes.
             Both:        1.06 GB reserved,      42.31 MB (  4%) committed. 

Chunk freelists:
   Non-Class:  11.47 MB
       Class:  10.02 MB
        Both:  21.48 MB

MaxMetaspaceSize: unlimited
CompressedClassSpaceSize: 1.00 GB
Initial GC threshold: 21.00 MB
Current GC threshold: 63.69 MB
CDS: off
MetaspaceReclaimPolicy: balanced
 - commit_granule_bytes: 65536.
 - commit_granule_words: 8192.
 - virtual_space_node_default_size: 8388608.
 - enlarge_chunks_in_place: 1.
 - new_chunks_are_fully_committed: 0.
 - uncommit_free_chunks: 1.
 - use_allocation_guard: 0.
 - handle_deallocations: 1.


Internal statistics:

num_allocs_failed_limit: 3.
num_arena_births: 402.
num_arena_deaths: 0.
num_vsnodes_births: 2.
num_vsnodes_deaths: 0.
num_space_committed: 677.
num_space_uncommitted: 0.
num_chunks_returned_to_freelist: 3.
num_chunks_taken_from_freelist: 1690.
num_chunk_merges: 0.
num_chunk_splits: 1070.
num_chunks_enlarged: 727.
num_inconsistent_stats: 0.

CodeHeap 'non-profiled nmethods': size=120064Kb used=2046Kb max_used=2046Kb free=118017Kb
 bounds [0x000001a2c8fe0000, 0x000001a2c9250000, 0x000001a2d0520000]
CodeHeap 'profiled nmethods': size=120000Kb used=7582Kb max_used=7582Kb free=112417Kb
 bounds [0x000001a2c1520000, 0x000001a2c1c90000, 0x000001a2c8a50000]
CodeHeap 'non-nmethods': size=5696Kb used=1247Kb max_used=1271Kb free=4448Kb
 bounds [0x000001a2c8a50000, 0x000001a2c8cc0000, 0x000001a2c8fe0000]
 total_blobs=4163 nmethods=3599 adapters=477
 compilation: enabled
              stopped_count=0, restarted_count=0
 full_count=0

Compilation events (20 events):
Event: 25.280 Thread 0x000001a2d72c5d10 3589       3       java.beans.FeatureDescriptor::getClass0 (22 bytes)
Event: 25.281 Thread 0x000001a2d72c5d10 nmethod 3589 0x000001a2c1c81490 code [0x000001a2c1c81640, 0x000001a2c1c81968]
Event: 25.281 Thread 0x000001a2d72c5d10 3590       1       java.beans.FeatureDescriptor::setName (6 bytes)
Event: 25.281 Thread 0x000001a2d72c5d10 nmethod 3590 0x000001a2c91def90 code [0x000001a2c91df120, 0x000001a2c91df238]
Event: 25.283 Thread 0x000001a2d72c5d10 3591       1       java.util.TreeMap$Entry::getValue (5 bytes)
Event: 25.283 Thread 0x000001a2d72c5d10 nmethod 3591 0x000001a2c91df290 code [0x000001a2c91df420, 0x000001a2c91df4f8]
Event: 25.284 Thread 0x000001a2d72c5d10 3592       3       org.codehaus.groovy.reflection.CachedClass::getName (8 bytes)
Event: 25.284 Thread 0x000001a2d72c5d10 nmethod 3592 0x000001a2c1c81a90 code [0x000001a2c1c81c40, 0x000001a2c1c81e48]
Event: 25.288 Thread 0x000001a2d72c5d10 3593       1       java.lang.reflect.Field::getDeclaringClass (5 bytes)
Event: 25.289 Thread 0x000001a2d72c5d10 nmethod 3593 0x000001a2c91df590 code [0x000001a2c91df720, 0x000001a2c91df7f8]
Event: 25.292 Thread 0x000001a2d72c5d10 3594       3       org.codehaus.groovy.reflection.CachedMethod::getReturnType (8 bytes)
Event: 25.292 Thread 0x000001a2d72c5d10 nmethod 3594 0x000001a2c1c81f90 code [0x000001a2c1c82120, 0x000001a2c1c82258]
Event: 25.293 Thread 0x000001a2d72c5d10 3595       1       groovy.lang.MetaProperty::getName (5 bytes)
Event: 25.293 Thread 0x000001a2d72c5d10 nmethod 3595 0x000001a2c91df890 code [0x000001a2c91dfa20, 0x000001a2c91dfaf8]
Event: 25.293 Thread 0x000001a2d72c5d10 3596       3       java.beans.MethodRef::get (91 bytes)
Event: 25.294 Thread 0x000001a2d72c5d10 nmethod 3596 0x000001a2c1c82310 code [0x000001a2c1c82580, 0x000001a2c1c831e8]
Event: 25.296 Thread 0x000001a2d72c5d10 3597       3       org.codehaus.groovy.util.ComplexKeyHashMap::hash (31 bytes)
Event: 25.296 Thread 0x000001a2d72c5d10 nmethod 3597 0x000001a2c1c83510 code [0x000001a2c1c836a0, 0x000001a2c1c837b8]
Event: 25.297 Thread 0x000001a2d72c5d10 3598       3       org.codehaus.groovy.util.SingleKeyHashMap::getOrPut (137 bytes)
Event: 25.297 Thread 0x000001a2d72c5d10 nmethod 3598 0x000001a2c1c83890 code [0x000001a2c1c83ac0, 0x000001a2c1c84648]

GC Heap History (20 events):
Event: 8.233 GC heap before
{Heap before GC invocations=4 (full 0):
 garbage-first heap   total 65536K, used 44227K [0x0000000080000000, 0x0000000100000000)
  region size 1024K, 33 young (33792K), 1 survivors (1024K)
 Metaspace       used 12112K, committed 12288K, reserved 1114112K
  class space    used 1325K, committed 1408K, reserved 1048576K
}
Event: 8.245 GC heap after
{Heap after GC invocations=5 (full 0):
 garbage-first heap   total 65536K, used 16091K [0x0000000080000000, 0x0000000100000000)
  region size 1024K, 5 young (5120K), 5 survivors (5120K)
 Metaspace       used 12112K, committed 12288K, reserved 1114112K
  class space    used 1325K, committed 1408K, reserved 1048576K
}
Event: 12.453 GC heap before
{Heap before GC invocations=5 (full 0):
 garbage-first heap   total 65536K, used 39643K [0x0000000080000000, 0x0000000100000000)
  region size 1024K, 29 young (29696K), 5 survivors (5120K)
 Metaspace       used 20414K, committed 20672K, reserved 1114112K
  class space    used 2380K, committed 2496K, reserved 1048576K
}
Event: 12.472 GC heap after
{Heap after GC invocations=6 (full 0):
 garbage-first heap   total 65536K, used 19592K [0x0000000080000000, 0x0000000100000000)
  region size 1024K, 4 young (4096K), 4 survivors (4096K)
 Metaspace       used 20414K, committed 20672K, reserved 1114112K
  class space    used 2380K, committed 2496K, reserved 1048576K
}
Event: 12.629 GC heap before
{Heap before GC invocations=6 (full 0):
 garbage-first heap   total 65536K, used 22664K [0x0000000080000000, 0x0000000100000000)
  region size 1024K, 9 young (9216K), 4 survivors (4096K)
 Metaspace       used 21276K, committed 21504K, reserved 1114112K
  class space    used 2502K, committed 2624K, reserved 1048576K
}
Event: 12.641 GC heap after
{Heap after GC invocations=7 (full 0):
 garbage-first heap   total 65536K, used 19967K [0x0000000080000000, 0x0000000100000000)
  region size 1024K, 1 young (1024K), 1 survivors (1024K)
 Metaspace       used 21276K, committed 21504K, reserved 1114112K
  class space    used 2502K, committed 2624K, reserved 1048576K
}
Event: 15.380 GC heap before
{Heap before GC invocations=8 (full 0):
 garbage-first heap   total 65536K, used 45567K [0x0000000080000000, 0x0000000100000000)
  region size 1024K, 27 young (27648K), 1 survivors (1024K)
 Metaspace       used 25783K, committed 26048K, reserved 1114112K
  class space    used 3250K, committed 3392K, reserved 1048576K
}
Event: 15.388 GC heap after
{Heap after GC invocations=9 (full 0):
 garbage-first heap   total 65536K, used 20752K [0x0000000080000000, 0x0000000100000000)
  region size 1024K, 2 young (2048K), 2 survivors (2048K)
 Metaspace       used 25783K, committed 26048K, reserved 1114112K
  class space    used 3250K, committed 3392K, reserved 1048576K
}
Event: 17.198 GC heap before
{Heap before GC invocations=9 (full 0):
 garbage-first heap   total 65536K, used 47376K [0x0000000080000000, 0x0000000100000000)
  region size 1024K, 28 young (28672K), 2 survivors (2048K)
 Metaspace       used 29187K, committed 29440K, reserved 1114112K
  class space    used 3845K, committed 3968K, reserved 1048576K
}
Event: 17.209 GC heap after
{Heap after GC invocations=10 (full 0):
 garbage-first heap   total 65536K, used 22412K [0x0000000080000000, 0x0000000100000000)
  region size 1024K, 3 young (3072K), 3 survivors (3072K)
 Metaspace       used 29187K, committed 29440K, reserved 1114112K
  class space    used 3845K, committed 3968K, reserved 1048576K
}
Event: 21.047 GC heap before
{Heap before GC invocations=10 (full 0):
 garbage-first heap   total 65536K, used 46988K [0x0000000080000000, 0x0000000100000000)
  region size 1024K, 21 young (21504K), 3 survivors (3072K)
 Metaspace       used 31419K, committed 31744K, reserved 1114112K
  class space    used 4236K, committed 4352K, reserved 1048576K
}
Event: 21.064 GC heap after
{Heap after GC invocations=11 (full 0):
 garbage-first heap   total 65536K, used 33972K [0x0000000080000000, 0x0000000100000000)
  region size 1024K, 4 young (4096K), 4 survivors (4096K)
 Metaspace       used 31419K, committed 31744K, reserved 1114112K
  class space    used 4236K, committed 4352K, reserved 1048576K
}
Event: 21.790 GC heap before
{Heap before GC invocations=12 (full 0):
 garbage-first heap   total 65536K, used 51380K [0x0000000080000000, 0x0000000100000000)
  region size 1024K, 19 young (19456K), 4 survivors (4096K)
 Metaspace       used 33250K, committed 33664K, reserved 1114112K
  class space    used 4502K, committed 4672K, reserved 1048576K
}
Event: 21.803 GC heap after
{Heap after GC invocations=13 (full 0):
 garbage-first heap   total 65536K, used 39475K [0x0000000080000000, 0x0000000100000000)
  region size 1024K, 3 young (3072K), 3 survivors (3072K)
 Metaspace       used 33250K, committed 33664K, reserved 1114112K
  class space    used 4502K, committed 4672K, reserved 1048576K
}
Event: 22.467 GC heap before
{Heap before GC invocations=13 (full 0):
 garbage-first heap   total 65536K, used 49715K [0x0000000080000000, 0x0000000100000000)
  region size 1024K, 14 young (14336K), 3 survivors (3072K)
 Metaspace       used 34644K, committed 35008K, reserved 1114112K
  class space    used 4736K, committed 4864K, reserved 1048576K
}
Event: 22.474 GC heap after
{Heap after GC invocations=14 (full 0):
 garbage-first heap   total 65536K, used 40268K [0x0000000080000000, 0x0000000100000000)
  region size 1024K, 1 young (1024K), 1 survivors (1024K)
 Metaspace       used 34644K, committed 35008K, reserved 1114112K
  class space    used 4736K, committed 4864K, reserved 1048576K
}
Event: 23.176 GC heap before
{Heap before GC invocations=15 (full 0):
 garbage-first heap   total 70656K, used 52556K [0x0000000080000000, 0x0000000100000000)
  region size 1024K, 13 young (13312K), 1 survivors (1024K)
 Metaspace       used 36128K, committed 36480K, reserved 1114112K
  class space    used 4994K, committed 5184K, reserved 1048576K
}
Event: 23.182 GC heap after
{Heap after GC invocations=16 (full 0):
 garbage-first heap   total 70656K, used 40711K [0x0000000080000000, 0x0000000100000000)
  region size 1024K, 2 young (2048K), 2 survivors (2048K)
 Metaspace       used 36128K, committed 36480K, reserved 1114112K
  class space    used 4994K, committed 5184K, reserved 1048576K
}
Event: 24.300 GC heap before
{Heap before GC invocations=16 (full 0):
 garbage-first heap   total 70656K, used 56071K [0x0000000080000000, 0x0000000100000000)
  region size 1024K, 17 young (17408K), 2 survivors (2048K)
 Metaspace       used 38677K, committed 39104K, reserved 1114112K
  class space    used 5391K, committed 5632K, reserved 1048576K
}
Event: 24.309 GC heap after
{Heap after GC invocations=17 (full 0):
 garbage-first heap   total 70656K, used 41660K [0x0000000080000000, 0x0000000100000000)
  region size 1024K, 2 young (2048K), 2 survivors (2048K)
 Metaspace       used 38677K, committed 39104K, reserved 1114112K
  class space    used 5391K, committed 5632K, reserved 1048576K
}

Dll operation events (3 events):
Event: 0.087 Loaded shared library C:\Program Files\Android\Android Studio\jbr\bin\java.dll
Event: 0.621 Loaded shared library C:\Program Files\Android\Android Studio\jbr\bin\zip.dll
Event: 2.437 Loaded shared library C:\Program Files\Android\Android Studio\jbr\bin\verify.dll

Deoptimization events (20 events):
Event: 24.822 Thread 0x000001a2dd5d8df0 Uncommon trap: trap_request=0xffffffde fr.pc=0x000001a2c91a6c64 relative=0x00000000000002a4
Event: 24.822 Thread 0x000001a2dd5d8df0 Uncommon trap: reason=class_check action=maybe_recompile pc=0x000001a2c91a6c64 method=java.lang.reflect.Executable.getAnnotation(Ljava/lang/Class;)Ljava/lang/annotation/Annotation; @ 19 c2
Event: 24.822 Thread 0x000001a2dd5d8df0 DEOPT PACKING pc=0x000001a2c91a6c64 sp=0x0000006bfa0f78c0
Event: 24.822 Thread 0x000001a2dd5d8df0 DEOPT UNPACKING pc=0x000001a2c8aa699d sp=0x0000006bfa0f7818 mode 2
Event: 24.829 Thread 0x000001a2dd5d8df0 Uncommon trap: trap_request=0xffffffde fr.pc=0x000001a2c91a6c64 relative=0x00000000000002a4
Event: 24.829 Thread 0x000001a2dd5d8df0 Uncommon trap: reason=class_check action=maybe_recompile pc=0x000001a2c91a6c64 method=java.lang.reflect.Executable.getAnnotation(Ljava/lang/Class;)Ljava/lang/annotation/Annotation; @ 19 c2
Event: 24.829 Thread 0x000001a2dd5d8df0 DEOPT PACKING pc=0x000001a2c91a6c64 sp=0x0000006bfa0f78c0
Event: 24.829 Thread 0x000001a2dd5d8df0 DEOPT UNPACKING pc=0x000001a2c8aa699d sp=0x0000006bfa0f7818 mode 2
Event: 24.829 Thread 0x000001a2dd5d8df0 Uncommon trap: trap_request=0xffffffde fr.pc=0x000001a2c91a6c64 relative=0x00000000000002a4
Event: 24.829 Thread 0x000001a2dd5d8df0 Uncommon trap: reason=class_check action=maybe_recompile pc=0x000001a2c91a6c64 method=java.lang.reflect.Executable.getAnnotation(Ljava/lang/Class;)Ljava/lang/annotation/Annotation; @ 19 c2
Event: 24.829 Thread 0x000001a2dd5d8df0 DEOPT PACKING pc=0x000001a2c91a6c64 sp=0x0000006bfa0f78c0
Event: 24.829 Thread 0x000001a2dd5d8df0 DEOPT UNPACKING pc=0x000001a2c8aa699d sp=0x0000006bfa0f7818 mode 2
Event: 24.829 Thread 0x000001a2dd5d8df0 Uncommon trap: trap_request=0xffffffde fr.pc=0x000001a2c91a6c64 relative=0x00000000000002a4
Event: 24.829 Thread 0x000001a2dd5d8df0 Uncommon trap: reason=class_check action=maybe_recompile pc=0x000001a2c91a6c64 method=java.lang.reflect.Executable.getAnnotation(Ljava/lang/Class;)Ljava/lang/annotation/Annotation; @ 19 c2
Event: 24.829 Thread 0x000001a2dd5d8df0 DEOPT PACKING pc=0x000001a2c91a6c64 sp=0x0000006bfa0f78c0
Event: 24.829 Thread 0x000001a2dd5d8df0 DEOPT UNPACKING pc=0x000001a2c8aa699d sp=0x0000006bfa0f7818 mode 2
Event: 25.216 Thread 0x000001a2dd5d8df0 Uncommon trap: trap_request=0xffffff54 fr.pc=0x000001a2c908d2c0 relative=0x0000000000000f80
Event: 25.216 Thread 0x000001a2dd5d8df0 Uncommon trap: reason=speculate_null_assert action=make_not_entrant pc=0x000001a2c908d2c0 method=jdk.internal.loader.URLClassPath$JarLoader.getResource(Ljava/lang/String;ZLjava/util/Set;)Ljdk/internal/loader/Resource; @ 17 c2
Event: 25.216 Thread 0x000001a2dd5d8df0 DEOPT PACKING pc=0x000001a2c908d2c0 sp=0x0000006bfa0f65d0
Event: 25.216 Thread 0x000001a2dd5d8df0 DEOPT UNPACKING pc=0x000001a2c8aa699d sp=0x0000006bfa0f6568 mode 2

Classes unloaded (0 events):
No events

Classes redefined (0 events):
No events

Internal exceptions (20 events):
Event: 21.962 Thread 0x000001a2dd5d8df0 Exception <a 'java/lang/NoSuchMethodError'{0x0000000083c22bd8}: 'java.lang.Object java.lang.invoke.Invokers$Holder.linkToTargetMethod(java.lang.Object, java.lang.Object, java.lang.Object, java.lang.Object, java.lang.Object, java.lang.Object, java.lang.Object, java.lang.Object, java.lang.Object, java.lang.Object, java.lang.Object)'> (0x0000000083c22bd8) 
thrown [s\src\hotspot\share\interpreter\linkResolver.cpp, line 771]
Event: 22.008 Thread 0x000001a2dd5d8df0 Exception <a 'java/lang/NoSuchMethodError'{0x0000000083cc8d90}: 'java.lang.Object java.lang.invoke.DirectMethodHandle$Holder.invokeStaticInit(java.lang.Object, java.lang.Object, java.lang.Object, java.lang.Object)'> (0x0000000083cc8d90) 
thrown [s\src\hotspot\share\interpreter\linkResolver.cpp, line 771]
Event: 22.310 Thread 0x000001a2dd5d8df0 Implicit null exception at 0x000001a2c903cf0f to 0x000001a2c903d370
Event: 23.081 Thread 0x000001a2dd5d8df0 Exception <a 'java/lang/NoSuchMethodError'{0x0000000083b57448}: 'java.lang.Object java.lang.invoke.DirectMethodHandle$Holder.newInvokeSpecial(java.lang.Object, java.lang.Object, java.lang.Object, java.lang.Object, java.lang.Object, java.lang.Object, java.lang.Object, java.lang.Object)'> (0x0000000083b57448) 
thrown [s\src\hotspot\share\interpreter\linkResolver.cpp, line 771]
Event: 23.083 Thread 0x000001a2dd5d8df0 Exception <a 'java/lang/NoSuchMethodError'{0x0000000083b5d3a0}: 'java.lang.Object java.lang.invoke.DirectMethodHandle$Holder.invokeSpecial(java.lang.Object, java.lang.Object, java.lang.Object, java.lang.Object, java.lang.Object, java.lang.Object, java.lang.Object, java.lang.Object, java.lang.Object)'> (0x0000000083b5d3a0) 
thrown [s\src\hotspot\share\interpreter\linkResolver.cpp, line 771]
Event: 23.084 Thread 0x000001a2dd5d8df0 Exception <a 'java/lang/NoSuchMethodError'{0x0000000083b62ca0}: 'java.lang.Object java.lang.invoke.Invokers$Holder.linkToTargetMethod(java.lang.Object, java.lang.Object, java.lang.Object, java.lang.Object, java.lang.Object, java.lang.Object, java.lang.Object, java.lang.Object)'> (0x0000000083b62ca0) 
thrown [s\src\hotspot\share\interpreter\linkResolver.cpp, line 771]
Event: 23.823 Thread 0x000001a2dd5d8df0 Exception <a 'java/lang/NoSuchMethodError'{0x0000000083e8c9f8}: 'void java.lang.invoke.DirectMethodHandle$Holder.invokeStatic(java.lang.Object, java.lang.Object, java.lang.Object, java.lang.Object, java.lang.Object, java.lang.Object)'> (0x0000000083e8c9f8) 
thrown [s\src\hotspot\share\interpreter\linkResolver.cpp, line 771]
Event: 24.035 Thread 0x000001a2dd5d8df0 Exception <a 'java/lang/NoSuchMethodError'{0x0000000083a39610}: 'java.lang.Object java.lang.invoke.DirectMethodHandle$Holder.invokeSpecial(java.lang.Object, java.lang.Object, java.lang.Object, int, java.lang.Object, java.lang.Object)'> (0x0000000083a39610) 
thrown [s\src\hotspot\share\interpreter\linkResolver.cpp, line 771]
Event: 24.293 Thread 0x000001a2dd5d8df0 Implicit null exception at 0x000001a2c919421a to 0x000001a2c9194700
Event: 24.535 Thread 0x000001a2dd5d8df0 Exception <a 'java/lang/NoSuchMethodError'{0x0000000084587f50}: 'void java.lang.invoke.DirectMethodHandle$Holder.invokeStaticInit(java.lang.Object, java.lang.Object, java.lang.Object)'> (0x0000000084587f50) 
thrown [s\src\hotspot\share\interpreter\linkResolver.cpp, line 771]
Event: 24.536 Thread 0x000001a2dd5d8df0 Exception <a 'java/lang/NoSuchMethodError'{0x000000008458f698}: 'void java.lang.invoke.DirectMethodHandle$Holder.invokeStaticInit(java.lang.Object, java.lang.Object, java.lang.Object, java.lang.Object)'> (0x000000008458f698) 
thrown [s\src\hotspot\share\interpreter\linkResolver.cpp, line 771]
Event: 24.561 Thread 0x000001a2dd5d8df0 Exception <a 'java/lang/NoSuchMethodError'{0x00000000845b1b88}: 'void java.lang.invoke.DirectMethodHandle$Holder.invokeStaticInit(java.lang.Object, java.lang.Object, java.lang.Object, java.lang.Object, java.lang.Object)'> (0x00000000845b1b88) 
thrown [s\src\hotspot\share\interpreter\linkResolver.cpp, line 771]
Event: 24.591 Thread 0x000001a2dd5d8df0 Exception <a 'java/lang/NoSuchMethodError'{0x000000008430c8b8}: 'int java.lang.invoke.DirectMethodHandle$Holder.invokeStaticInit(java.lang.Object, java.lang.Object, java.lang.Object, java.lang.Object)'> (0x000000008430c8b8) 
thrown [s\src\hotspot\share\interpreter\linkResolver.cpp, line 771]
Event: 25.219 Thread 0x000001a2dd5d8df0 Exception <a 'java/lang/ClassNotFoundException'{0x00000000838306a8}: groovy/lang/ExpandoMetaClassBeanInfo> (0x00000000838306a8) 
thrown [s\src\hotspot\share\classfile\systemDictionary.cpp, line 256]
Event: 25.223 Thread 0x000001a2dd5d8df0 Exception <a 'java/lang/ClassNotFoundException'{0x0000000083848348}: groovy/lang/MetaClassImplBeanInfo> (0x0000000083848348) 
thrown [s\src\hotspot\share\classfile\systemDictionary.cpp, line 256]
Event: 25.223 Thread 0x000001a2dd5d8df0 Exception <a 'java/lang/ClassNotFoundException'{0x000000008384e150}: java/lang/ObjectBeanInfo> (0x000000008384e150) 
thrown [s\src\hotspot\share\classfile\systemDictionary.cpp, line 256]
Event: 25.225 Thread 0x000001a2dd5d8df0 Exception <a 'java/lang/ClassNotFoundException'{0x0000000083854ed0}: java/lang/ObjectCustomizer> (0x0000000083854ed0) 
thrown [s\src\hotspot\share\classfile\systemDictionary.cpp, line 256]
Event: 25.234 Thread 0x000001a2dd5d8df0 Exception <a 'java/lang/IncompatibleClassChangeError'{0x0000000083864ba8}: Found class java.lang.Object, but interface was expected> (0x0000000083864ba8) 
thrown [s\src\hotspot\share\interpreter\linkResolver.cpp, line 838]
Event: 25.244 Thread 0x000001a2dd5d8df0 Exception <a 'java/lang/ClassNotFoundException'{0x000000008388b378}: groovy/lang/MetaClassImplCustomizer> (0x000000008388b378) 
thrown [s\src\hotspot\share\classfile\systemDictionary.cpp, line 256]
Event: 25.275 Thread 0x000001a2dd5d8df0 Exception <a 'java/lang/ClassNotFoundException'{0x00000000838c28c0}: groovy/lang/ExpandoMetaClassCustomizer> (0x00000000838c28c0) 
thrown [s\src\hotspot\share\classfile\systemDictionary.cpp, line 256]

VM Operations (20 events):
Event: 22.556 Executing VM operation: G1PauseCleanup
Event: 22.571 Executing VM operation: G1PauseCleanup done
Event: 23.066 Executing VM operation: HandshakeAllThreads
Event: 23.066 Executing VM operation: HandshakeAllThreads done
Event: 23.176 Executing VM operation: G1CollectForAllocation
Event: 23.183 Executing VM operation: G1CollectForAllocation done
Event: 24.197 Executing VM operation: Cleanup
Event: 24.198 Executing VM operation: Cleanup done
Event: 24.273 Executing VM operation: HandshakeAllThreads
Event: 24.273 Executing VM operation: HandshakeAllThreads done
Event: 24.300 Executing VM operation: G1CollectForAllocation
Event: 24.309 Executing VM operation: G1CollectForAllocation done
Event: 24.368 Executing VM operation: G1PauseRemark
Event: 24.373 Executing VM operation: G1PauseRemark done
Event: 24.395 Executing VM operation: G1PauseCleanup
Event: 24.395 Executing VM operation: G1PauseCleanup done
Event: 24.959 Executing VM operation: HandshakeAllThreads
Event: 24.959 Executing VM operation: HandshakeAllThreads done
Event: 25.149 Executing VM operation: HandshakeAllThreads
Event: 25.149 Executing VM operation: HandshakeAllThreads done

Events (20 events):
Event: 25.236 loading class com/sun/beans/introspect/EventSetInfo
Event: 25.236 loading class com/sun/beans/introspect/EventSetInfo done
Event: 25.237 loading class com/sun/beans/introspect/PropertyInfo
Event: 25.237 loading class com/sun/beans/introspect/PropertyInfo done
Event: 25.237 loading class com/sun/beans/WildcardTypeImpl
Event: 25.238 loading class com/sun/beans/WildcardTypeImpl done
Event: 25.238 loading class java/beans/BeanProperty
Event: 25.238 loading class java/beans/BeanProperty done
Event: 25.238 loading class com/sun/beans/introspect/PropertyInfo$Name
Event: 25.239 loading class com/sun/beans/introspect/PropertyInfo$Name done
Event: 25.239 loading class java/beans/IndexedPropertyDescriptor
Event: 25.240 loading class java/beans/IndexedPropertyDescriptor done
Event: 25.240 loading class java/beans/GenericBeanInfo
Event: 25.241 loading class java/beans/SimpleBeanInfo
Event: 25.241 loading class java/beans/SimpleBeanInfo done
Event: 25.241 loading class java/beans/GenericBeanInfo done
Event: 25.249 loading class java/util/Hashtable$EntrySet
Event: 25.250 loading class java/util/Hashtable$EntrySet done
Event: 25.303 loading class java/util/ServiceConfigurationError
Event: 25.304 loading class java/util/ServiceConfigurationError done


Dynamic libraries:
0x00007ff6efe60000 - 0x00007ff6efe6a000 	C:\Program Files\Android\Android Studio\jbr\bin\java.exe
0x00007fffa9af0000 - 0x00007fffa9ce8000 	C:\Windows\SYSTEM32\ntdll.dll
0x00007fffa8740000 - 0x00007fffa87fd000 	C:\Windows\System32\KERNEL32.DLL
0x00007fffa7720000 - 0x00007fffa7a16000 	C:\Windows\System32\KERNELBASE.dll
0x00007fffa7a20000 - 0x00007fffa7b20000 	C:\Windows\System32\ucrtbase.dll
0x00007fff8e530000 - 0x00007fff8e547000 	C:\Program Files\Android\Android Studio\jbr\bin\jli.dll
0x00007fffa1e30000 - 0x00007fffa1e4b000 	C:\Program Files\Android\Android Studio\jbr\bin\VCRUNTIME140.dll
0x00007fffa9020000 - 0x00007fffa91bf000 	C:\Windows\System32\USER32.dll
0x00007fffa71a0000 - 0x00007fffa71c2000 	C:\Windows\System32\win32u.dll
0x00007fffa86d0000 - 0x00007fffa86fb000 	C:\Windows\System32\GDI32.dll
0x00007fffa73a0000 - 0x00007fffa74b7000 	C:\Windows\System32\gdi32full.dll
0x00007fffa7570000 - 0x00007fffa760d000 	C:\Windows\System32\msvcp_win.dll
0x00007fff96a10000 - 0x00007fff96caa000 	C:\Windows\WinSxS\amd64_microsoft.windows.common-controls_6595b64144ccf1df_6.0.19041.4355_none_60b8b9eb71f62e16\COMCTL32.dll
0x00007fffa83b0000 - 0x00007fffa844e000 	C:\Windows\System32\msvcrt.dll
0x00007fffa8700000 - 0x00007fffa8732000 	C:\Windows\System32\IMM32.DLL
0x00007fffa31f0000 - 0x00007fffa31fc000 	C:\Program Files\Android\Android Studio\jbr\bin\vcruntime140_1.dll
0x00007fff8d420000 - 0x00007fff8d4ad000 	C:\Program Files\Android\Android Studio\jbr\bin\msvcp140.dll
0x00007fff601e0000 - 0x00007fff60e63000 	C:\Program Files\Android\Android Studio\jbr\bin\server\jvm.dll
0x00007fffa8920000 - 0x00007fffa89d0000 	C:\Windows\System32\ADVAPI32.dll
0x00007fffa8880000 - 0x00007fffa8920000 	C:\Windows\System32\sechost.dll
0x00007fffa84d0000 - 0x00007fffa85f3000 	C:\Windows\System32\RPCRT4.dll
0x00007fffa76f0000 - 0x00007fffa7717000 	C:\Windows\System32\bcrypt.dll
0x00007fffa66d0000 - 0x00007fffa671b000 	C:\Windows\SYSTEM32\POWRPROF.dll
0x00007fffa3220000 - 0x00007fffa3229000 	C:\Windows\SYSTEM32\WSOCK32.dll
0x00007fffa8460000 - 0x00007fffa84cb000 	C:\Windows\System32\WS2_32.dll
0x00007fff917a0000 - 0x00007fff917c7000 	C:\Windows\SYSTEM32\WINMM.dll
0x00007fff98450000 - 0x00007fff9845a000 	C:\Windows\SYSTEM32\VERSION.dll
0x00007fffa6590000 - 0x00007fffa65a2000 	C:\Windows\SYSTEM32\UMPDC.dll
0x00007fffa5020000 - 0x00007fffa5032000 	C:\Windows\SYSTEM32\kernel.appcore.dll
0x00007fffa3210000 - 0x00007fffa321a000 	C:\Program Files\Android\Android Studio\jbr\bin\jimage.dll
0x00007fff92f80000 - 0x00007fff93164000 	C:\Windows\SYSTEM32\DBGHELP.DLL
0x00007fff92f20000 - 0x00007fff92f54000 	C:\Windows\SYSTEM32\dbgcore.DLL
0x00007fffa7610000 - 0x00007fffa7692000 	C:\Windows\System32\bcryptPrimitives.dll
0x00007fff96450000 - 0x00007fff9645e000 	C:\Program Files\Android\Android Studio\jbr\bin\instrument.dll
0x00007fff9f610000 - 0x00007fff9f635000 	C:\Program Files\Android\Android Studio\jbr\bin\java.dll
0x00007fff9edb0000 - 0x00007fff9edc8000 	C:\Program Files\Android\Android Studio\jbr\bin\zip.dll
0x00007fffa7c40000 - 0x00007fffa83ab000 	C:\Windows\System32\SHELL32.dll
0x00007fffa5220000 - 0x00007fffa59bd000 	C:\Windows\SYSTEM32\windows.storage.dll
0x00007fffa8c60000 - 0x00007fffa8fb3000 	C:\Windows\System32\combase.dll
0x00007fffa6bc0000 - 0x00007fffa6bee000 	C:\Windows\SYSTEM32\Wldp.dll
0x00007fffa8600000 - 0x00007fffa86cd000 	C:\Windows\System32\OLEAUT32.dll
0x00007fffa9710000 - 0x00007fffa97bd000 	C:\Windows\System32\SHCORE.dll
0x00007fffa8c00000 - 0x00007fffa8c55000 	C:\Windows\System32\shlwapi.dll
0x00007fffa70d0000 - 0x00007fffa70f4000 	C:\Windows\SYSTEM32\profapi.dll
0x00007fff9cb90000 - 0x00007fff9cba9000 	C:\Program Files\Android\Android Studio\jbr\bin\net.dll
0x00007fff9e940000 - 0x00007fff9ea4a000 	C:\Windows\SYSTEM32\WINHTTP.dll
0x00007fffa6920000 - 0x00007fffa698a000 	C:\Windows\system32\mswsock.dll
0x00007fff9cb00000 - 0x00007fff9cb16000 	C:\Program Files\Android\Android Studio\jbr\bin\nio.dll
0x00007fff9cb80000 - 0x00007fff9cb90000 	C:\Program Files\Android\Android Studio\jbr\bin\verify.dll
0x00007fff9e0a0000 - 0x00007fff9e0c7000 	C:\Users\chaerul\.gradle\native\c067742578af261105cb4f569cf0c3c89f3d7b1fecec35dd04571415982c5e48\windows-amd64\native-platform.dll
0x00007fff81b80000 - 0x00007fff81cc4000 	C:\Users\chaerul\.gradle\native\38dada09dfb8b06ba9b0570ebf7e218e3eb74d4ef43ca46872605cf95ebc2f47\windows-amd64\native-platform-file-events.dll
0x00007fff97890000 - 0x00007fff97899000 	C:\Program Files\Android\Android Studio\jbr\bin\management.dll
0x00007fff969c0000 - 0x00007fff969cb000 	C:\Program Files\Android\Android Studio\jbr\bin\management_ext.dll
0x00007fffa97c0000 - 0x00007fffa97c8000 	C:\Windows\System32\PSAPI.DLL
0x00007fffa6b10000 - 0x00007fffa6b28000 	C:\Windows\SYSTEM32\CRYPTSP.dll
0x00007fffa61d0000 - 0x00007fffa6204000 	C:\Windows\system32\rsaenh.dll
0x00007fffa7080000 - 0x00007fffa70ae000 	C:\Windows\SYSTEM32\USERENV.dll
0x00007fffa6b30000 - 0x00007fffa6b3c000 	C:\Windows\SYSTEM32\CRYPTBASE.dll
0x00007fffa65b0000 - 0x00007fffa65eb000 	C:\Windows\SYSTEM32\IPHLPAPI.DLL
0x00007fffa89d0000 - 0x00007fffa89d8000 	C:\Windows\System32\NSI.dll
0x00007fff9ed90000 - 0x00007fff9eda7000 	C:\Windows\SYSTEM32\dhcpcsvc6.DLL
0x00007fff9fe80000 - 0x00007fff9fe9d000 	C:\Windows\SYSTEM32\dhcpcsvc.DLL
0x00007fffa65f0000 - 0x00007fffa66bb000 	C:\Windows\SYSTEM32\DNSAPI.dll
0x00007fff9caf0000 - 0x00007fff9caf9000 	C:\Program Files\Android\Android Studio\jbr\bin\extnet.dll
0x00007fffa1510000 - 0x00007fffa1517000 	C:\Windows\system32\wshunix.dll

dbghelp: loaded successfully - version: 4.0.5 - missing functions: none
symbol engine: initialized successfully - sym options: 0x614 - pdb path: .;C:\Program Files\Android\Android Studio\jbr\bin;C:\Windows\SYSTEM32;C:\Windows\WinSxS\amd64_microsoft.windows.common-controls_6595b64144ccf1df_6.0.19041.4355_none_60b8b9eb71f62e16;C:\Program Files\Android\Android Studio\jbr\bin\server;C:\Users\chaerul\.gradle\native\c067742578af261105cb4f569cf0c3c89f3d7b1fecec35dd04571415982c5e48\windows-amd64;C:\Users\chaerul\.gradle\native\38dada09dfb8b06ba9b0570ebf7e218e3eb74d4ef43ca46872605cf95ebc2f47\windows-amd64

VM Arguments:
jvm_args: --add-opens=java.base/java.util=ALL-UNNAMED --add-opens=java.base/java.lang=ALL-UNNAMED --add-opens=java.base/java.lang.invoke=ALL-UNNAMED --add-opens=java.prefs/java.util.prefs=ALL-UNNAMED --add-opens=java.base/java.nio.charset=ALL-UNNAMED --add-opens=java.base/java.net=ALL-UNNAMED --add-opens=java.base/java.util.concurrent.atomic=ALL-UNNAMED -Xmx2048m -Dfile.encoding=UTF-8 -Duser.country=ID -Duser.language=en -Duser.variant -javaagent:C:\Users\chaerul\.gradle\wrapper\dists\gradle-8.6-bin\afr5mpiioh2wthjmwnkmdsd5w\gradle-8.6\lib\agents\gradle-instrumentation-agent-8.6.jar 
java_command: org.gradle.launcher.daemon.bootstrap.GradleDaemon 8.6
java_class_path (initial): C:\Users\chaerul\.gradle\wrapper\dists\gradle-8.6-bin\afr5mpiioh2wthjmwnkmdsd5w\gradle-8.6\lib\gradle-launcher-8.6.jar
Launcher Type: SUN_STANDARD

[Global flags]
     intx CICompilerCount                          = 2                                         {product} {ergonomic}
     uint ConcGCThreads                            = 1                                         {product} {ergonomic}
     uint G1ConcRefinementThreads                  = 2                                         {product} {ergonomic}
   size_t G1HeapRegionSize                         = 1048576                                   {product} {ergonomic}
    uintx GCDrainStackTargetSize                   = 64                                        {product} {ergonomic}
   size_t InitialHeapSize                          = 67108864                                  {product} {ergonomic}
   size_t MarkStackSize                            = 4194304                                   {product} {ergonomic}
   size_t MaxHeapSize                              = 2147483648                                {product} {command line}
   size_t MaxNewSize                               = 1287651328                                {product} {ergonomic}
   size_t MinHeapDeltaBytes                        = 1048576                                   {product} {ergonomic}
   size_t MinHeapSize                              = 8388608                                   {product} {ergonomic}
    uintx NonNMethodCodeHeapSize                   = 5826188                                {pd product} {ergonomic}
    uintx NonProfiledCodeHeapSize                  = 122916026                              {pd product} {ergonomic}
    uintx ProfiledCodeHeapSize                     = 122916026                              {pd product} {ergonomic}
    uintx ReservedCodeCacheSize                    = 251658240                              {pd product} {ergonomic}
     bool SegmentedCodeCache                       = true                                      {product} {ergonomic}
   size_t SoftMaxHeapSize                          = 2147483648                             {manageable} {ergonomic}
     bool UseCompressedClassPointers               = true                           {product lp64_product} {ergonomic}
     bool UseCompressedOops                        = true                           {product lp64_product} {ergonomic}
     bool UseG1GC                                  = true                                      {product} {ergonomic}
     bool UseLargePagesIndividualAllocation        = false                                  {pd product} {ergonomic}

Logging:
Log output configuration:
 #0: stdout all=warning uptime,level,tags
 #1: stderr all=off uptime,level,tags

Environment Variables:
PATH=C:\Program Files (x86)\Common Files\Intel\Shared Libraries\redist\intel64\compiler;C:\Python311\Scripts\;C:\Python311\;C:\Program Files\Common Files\Oracle\Java\javapath;C:\Windows\system32;C:\Windows;C:\Windows\System32\Wbem;C:\Windows\System32\WindowsPowerShell\v1.0\;C:\Windows\System32\OpenSSH\;C:\Program Files\nodejs\;C:\ProgramData\chocolatey\bin;C:\Program Files\PowerShell\7\;C:\Users\chaerul\xampp\php;C:\ProgramData\ComposerSetup\bin;C:\Program Files\Git\cmd;C:\Program Files\Go\bin;C:\Users\chaerul\AppData\Local\Microsoft\WindowsApps;C:\Users\chaerul\AppData\Local\Programs\Microsoft VS Code\bin;C:\Users\chaerul\AppData\Roaming\npm;C:\Users\chaerul\AppData\Roaming\Composer\vendor\bin;C:\dart-sdk\bin;C:\src\flutter\bin;C:\Users\chaerul\go\bin;C:\xampp\php;
USERNAME=chaerul
OS=Windows_NT
PROCESSOR_IDENTIFIER=Intel64 Family 6 Model 23 Stepping 6, GenuineIntel
TMP=C:\Users\chaerul\AppData\Local\Temp
TEMP=C:\Users\chaerul\AppData\Local\Temp



Periodic native trim disabled

JNI global refs:
JNI global refs: 24, weak refs: 0

JNI global refs memory usage: 843, weak refs: 841

OOME stack traces (most recent first):
Classloader memory used:
Loader org.gradle.internal.classloader.VisitableURLClassLoader                         : 2477K
Loader bootstrap                                                                       : 2284K
Loader org.gradle.initialization.MixInLegacyTypesClassLoader                           : 476K
Loader org.gradle.internal.classloader.VisitableURLClassLoader                         : 57092B
Loader jdk.internal.loader.ClassLoaders$PlatformClassLoader                            : 29255B
Loader jdk.internal.loader.ClassLoaders$AppClassLoader                                 : 28733B
Loader jdk.internal.reflect.DelegatingClassLoader                                      : 23299B
Loader org.gradle.groovy.scripts.internal.DefaultScriptCompilationHandler$ScriptClassLoader: 771B

Classes loaded by more than one classloader:
Class org.gradle.api.GradleException                                                  : loaded 3 times (x 80B)
Class org.gradle.util.GradleVersion                                                   : loaded 2 times (x 81B)
Class org.gradle.internal.classpath.ClassPath                                         : loaded 2 times (x 68B)
Class org.gradle.api.internal.classpath.DefaultModuleRegistry                         : loaded 2 times (x 84B)
Class org.gradle.internal.exceptions.NonGradleCauseExceptionsHolder                   : loaded 2 times (x 68B)
Class org.gradle.api.Action                                                           : loaded 2 times (x 68B)
Class org.gradle.api.internal.DefaultClassPathProvider                                : loaded 2 times (x 74B)
Class org.gradle.internal.installation.GradleInstallation$1                           : loaded 2 times (x 73B)
Class org.gradle.internal.exceptions.DefaultMultiCauseException                       : loaded 2 times (x 89B)
Class org.gradle.internal.time.MonotonicClock                                         : loaded 2 times (x 75B)
Class org.gradle.internal.classloader.FilteringClassLoader                            : loaded 2 times (x 103B)
Class org.gradle.internal.classpath.DefaultClassPath$ImmutableUniqueList$Builder      : loaded 2 times (x 73B)
Class org.gradle.internal.classloader.ClassLoaderVisitor                              : loaded 2 times (x 74B)
Class org.gradle.internal.time.DefaultCountdownTimer                                  : loaded 2 times (x 86B)
Class org.gradle.internal.service.DefaultServiceLocator                               : loaded 2 times (x 81B)
Class org.gradle.internal.service.UnknownServiceException                             : loaded 2 times (x 81B)
Class org.gradle.internal.classloader.DefaultClassLoaderFactory                       : loaded 2 times (x 80B)
Class org.gradle.internal.classloader.VisitableURLClassLoader$Spec                    : loaded 2 times (x 72B)
Class org.gradle.tooling.model.ProjectModel                                           : loaded 2 times (x 68B)
Class org.gradle.internal.installation.GradleInstallation                             : loaded 2 times (x 73B)
Class org.gradle.api.internal.classpath.ModuleRegistry                                : loaded 2 times (x 68B)
Class org.gradle.api.internal.ClassPathProvider                                       : loaded 2 times (x 68B)
Class org.gradle.internal.classloader.ClasspathUtil$1                                 : loaded 2 times (x 74B)
Class org.gradle.internal.classloader.ClassLoaderFactory                              : loaded 2 times (x 68B)
Class org.gradle.api.internal.classpath.ManifestUtil                                  : loaded 2 times (x 69B)
Class org.gradle.api.specs.Spec                                                       : loaded 2 times (x 68B)
Class org.gradle.internal.IoActions                                                   : loaded 2 times (x 69B)
Class org.gradle.api.internal.classpath.EffectiveClassPath                            : loaded 2 times (x 88B)
Class org.gradle.internal.installation.CurrentGradleInstallation                      : loaded 2 times (x 71B)
Class org.gradle.internal.agents.InstrumentingClassLoader                             : loaded 2 times (x 68B)
Class org.gradle.internal.installation.CurrentGradleInstallationLocator               : loaded 2 times (x 69B)
Class org.gradle.api.internal.classpath.Module                                        : loaded 2 times (x 68B)
Class org.gradle.internal.service.CachingServiceLocator                               : loaded 2 times (x 80B)
Class org.gradle.internal.time.Timer                                                  : loaded 2 times (x 68B)
Class org.gradle.internal.classpath.DefaultClassPath                                  : loaded 2 times (x 88B)
Class org.gradle.internal.time.Time                                                   : loaded 2 times (x 69B)
Class org.gradle.internal.time.TimeSource$1                                           : loaded 2 times (x 75B)
Class org.gradle.internal.classloader.SystemClassLoaderSpec                           : loaded 2 times (x 69B)
Class kotlin.Function                                                                 : loaded 2 times (x 68B)
Class org.gradle.api.UncheckedIOException                                             : loaded 2 times (x 80B)
Class org.gradle.internal.time.CountdownTimer                                         : loaded 2 times (x 68B)
Class org.gradle.internal.time.Clock                                                  : loaded 2 times (x 68B)
Class org.gradle.internal.classloader.ClasspathUtil                                   : loaded 2 times (x 69B)
Class org.gradle.api.internal.DefaultClassPathRegistry                                : loaded 2 times (x 74B)
Class org.gradle.api.internal.classpath.DefaultModuleRegistry$DefaultModule           : loaded 2 times (x 84B)
Class org.gradle.internal.time.TimeSource                                             : loaded 2 times (x 68B)
Class org.gradle.api.internal.classpath.UnknownModuleException                        : loaded 2 times (x 80B)
Class org.gradle.internal.service.ServiceLookupException                              : loaded 2 times (x 80B)
Class org.gradle.cache.GlobalCache                                                    : loaded 2 times (x 68B)
Class [Lorg.gradle.api.internal.ClassPathProvider;                                    : loaded 2 times (x 67B)
Class org.gradle.internal.operations.MultipleBuildOperationFailures                   : loaded 2 times (x 89B)
Class org.gradle.util.internal.GUtil                                                  : loaded 2 times (x 69B)
Class org.gradle.internal.classloader.ClassLoaderSpec                                 : loaded 2 times (x 69B)
Class org.gradle.internal.classloader.VisitableURLClassLoader                         : loaded 2 times (x 115B)
Class org.gradle.internal.Cast                                                        : loaded 2 times (x 69B)
Class org.gradle.api.internal.ClassPathRegistry                                       : loaded 2 times (x 68B)
Class org.gradle.internal.classloader.VisitableURLClassLoader$InstrumentingVisitableURLClassLoader: loaded 2 times (x 121B)
Class org.gradle.internal.classloader.ClassLoaderHierarchy                            : loaded 2 times (x 68B)
Class org.gradle.internal.exceptions.MultiCauseException                              : loaded 2 times (x 68B)
Class org.gradle.internal.InternalTransformer                                         : loaded 2 times (x 68B)
Class org.gradle.internal.service.ServiceLocator                                      : loaded 2 times (x 68B)
Class org.gradle.internal.classpath.DefaultClassPath$ImmutableUniqueList              : loaded 2 times (x 159B)
Class org.gradle.internal.time.DefaultTimer                                           : loaded 2 times (x 78B)
Class org.gradle.internal.classpath.TransformedClassPath                              : loaded 2 times (x 94B)


---------------  S Y S T E M  ---------------

OS:
 Windows 10 , 64 bit Build 19041 (10.0.19041.3636)
OS uptime: 16 days 2:06 hours

CPU: total 2 (initial active 2) (2 cores per cpu, 1 threads per core) family 6 model 23 stepping 6 microcode 0x610, cx8, cmov, fxsr, mmx, sse, sse2, sse3, ssse3, sse4.1, tsc, clflush
Processor Information for all 2 processors :
  Max Mhz: 2267, Current Mhz: 2267, Mhz Limit: 2267

Memory: 4k page, system-wide physical 3990M (39M free)
TotalPageFile size 16278M (AvailPageFile size 5M)
current process WorkingSet (physical memory assigned to process): 191M, peak: 191M
current process commit charge ("private bytes"): 220M, peak: 222M

vm_info: OpenJDK 64-Bit Server VM (17.0.10+0--11572160) for windows-amd64 JRE (17.0.10+0--11572160), built on Mar 13 2024 23:56:38 by "androidbuild" with MS VC++ 16.10 / 16.11 (VS2019)

END.
