#
# There is insufficient memory for the Java Runtime Environment to continue.
# Native memory allocation (mmap) failed to map 20971520 bytes for G1 virtual space
# Possible reasons:
#   The system is out of physical RAM or swap space
#   The process is running with CompressedOops enabled, and the Java Heap may be blocking the growth of the native heap
# Possible solutions:
#   Reduce memory load on the system
#   Increase physical memory or swap space
#   Check if swap backing store is full
#   Decrease Java heap size (-Xmx/-Xms)
#   Decrease number of Java threads
#   Decrease Java thread stack sizes (-Xss)
#   Set larger code cache with -XX:ReservedCodeCacheSize=
#   JVM is running with Zero Based Compressed Oops mode in which the Java heap is
#     placed in the first 32GB address space. The Java Heap base address is the
#     maximum limit for the native heap growth. Please use -XX:HeapBaseMinAddress
#     to set the Java Heap base and to place the Java Heap above 32GB virtual address.
# This output file may be truncated or incomplete.
#
#  Out of Memory Error (os_windows.cpp:3825), pid=3824, tid=8876
#
# JRE version: OpenJDK Runtime Environment (17.0.10) (build 17.0.10+0--11572160)
# Java VM: OpenJDK 64-Bit Server VM (17.0.10+0--11572160, mixed mode, tiered, compressed oops, compressed class ptrs, g1 gc, windows-amd64)
# No core dump will be written. Minidumps are not enabled by default on client versions of Windows
#

---------------  S U M M A R Y ------------

Command Line: -XX:MaxMetaspaceSize=512m --add-opens=java.base/java.util=ALL-UNNAMED --add-opens=java.base/java.lang=ALL-UNNAMED --add-opens=java.base/java.lang.invoke=ALL-UNNAMED --add-opens=java.prefs/java.util.prefs=ALL-UNNAMED --add-opens=java.base/java.nio.charset=ALL-UNNAMED --add-opens=java.base/java.net=ALL-UNNAMED --add-opens=java.base/java.util.concurrent.atomic=ALL-UNNAMED -Xmx4g -Dfile.encoding=windows-1252 -Duser.country=ID -Duser.language=en -Duser.variant -javaagent:C:\Users\chaerul\.gradle\wrapper\dists\gradle-8.6-bin\afr5mpiioh2wthjmwnkmdsd5w\gradle-8.6\lib\agents\gradle-instrumentation-agent-8.6.jar org.gradle.launcher.daemon.bootstrap.GradleDaemon 8.6

Host: Intel(R) Core(TM)2 Duo CPU     P8400  @ 2.26GHz, 2 cores, 3G,  Windows 10 , 64 bit Build 19041 (10.0.19041.3636)
Time: Wed Jun 12 00:37:44 2024 SE Asia Standard Time elapsed time: 33.472005 seconds (0d 0h 0m 33s)

---------------  T H R E A D  ---------------

Current thread (0x00000267a1e780f0):  VMThread "VM Thread" [stack: 0x000000f040300000,0x000000f040400000] [id=8876]

Stack: [0x000000f040300000,0x000000f040400000]
Native frames: (J=compiled Java code, j=interpreted, Vv=VM code, C=native code)
V  [jvm.dll+0x688e89]
V  [jvm.dll+0x84247a]
V  [jvm.dll+0x8440be]
V  [jvm.dll+0x844723]
V  [jvm.dll+0x24be0f]
V  [jvm.dll+0x685c59]
V  [jvm.dll+0x67a50a]
V  [jvm.dll+0x30cbab]
V  [jvm.dll+0x314056]
V  [jvm.dll+0x363dce]
V  [jvm.dll+0x363fff]
V  [jvm.dll+0x2e2978]
V  [jvm.dll+0x2e5a66]
V  [jvm.dll+0x2f027a]
V  [jvm.dll+0x325240]
V  [jvm.dll+0x848e1b]
V  [jvm.dll+0x849b61]
V  [jvm.dll+0x84a07d]
V  [jvm.dll+0x84a454]
V  [jvm.dll+0x84a520]
V  [jvm.dll+0x7f0d1a]
V  [jvm.dll+0x687d05]
C  [ucrtbase.dll+0x21bb2]
C  [KERNEL32.DLL+0x17344]
C  [ntdll.dll+0x526b1]

VM_Operation (0x000000f03ffff910): G1PauseRemark, mode: safepoint, requested by thread 0x000002678404aeb0


---------------  P R O C E S S  ---------------

Threads class SMR info:
_java_thread_list=0x00000267a81a4160, length=36, elements={
0x0000026783fceae0, 0x00000267a1e49e40, 0x00000267a1e4abd0, 0x00000267a1e64a80,
0x00000267a603c010, 0x00000267a603e500, 0x00000267a603edd0, 0x00000267a6041a90,
0x00000267a6027820, 0x00000267a1eab600, 0x00000267a6190080, 0x00000267a62e7b70,
0x00000267a7e81630, 0x00000267a77187e0, 0x00000267a614ac50, 0x00000267a7788040,
0x00000267a791fe50, 0x00000267a76ec9c0, 0x00000267a76eb070, 0x00000267a76eb580,
0x00000267a76ebfa0, 0x00000267a76ec4b0, 0x00000267a6fdcd20, 0x00000267a6fdb8e0,
0x00000267a6fdd230, 0x00000267a6fdc300, 0x00000267a6fdd740, 0x00000267a6fdc810,
0x00000267a6fddc50, 0x00000267a6fdbdf0, 0x00000267a6fde160, 0x00000267a6fde670,
0x00000267a6fdeb80, 0x00000267a6fdb3d0, 0x00000267a6296d20, 0x00000267a629cd50
}

Java Threads: ( => current thread )
  0x0000026783fceae0 JavaThread "main" [_thread_blocked, id=8836, stack(0x000000f03fd00000,0x000000f03fe00000)]
  0x00000267a1e49e40 JavaThread "Reference Handler" daemon [_thread_blocked, id=4148, stack(0x000000f040400000,0x000000f040500000)]
  0x00000267a1e4abd0 JavaThread "Finalizer" daemon [_thread_blocked, id=12196, stack(0x000000f040500000,0x000000f040600000)]
  0x00000267a1e64a80 JavaThread "Signal Dispatcher" daemon [_thread_blocked, id=1832, stack(0x000000f040600000,0x000000f040700000)]
  0x00000267a603c010 JavaThread "Attach Listener" daemon [_thread_blocked, id=14612, stack(0x000000f040700000,0x000000f040800000)]
  0x00000267a603e500 JavaThread "Service Thread" daemon [_thread_blocked, id=6336, stack(0x000000f040800000,0x000000f040900000)]
  0x00000267a603edd0 JavaThread "Monitor Deflation Thread" daemon [_thread_blocked, id=5872, stack(0x000000f040900000,0x000000f040a00000)]
  0x00000267a6041a90 JavaThread "C2 CompilerThread0" daemon [_thread_blocked, id=752, stack(0x000000f040a00000,0x000000f040b00000)]
  0x00000267a6027820 JavaThread "C1 CompilerThread0" daemon [_thread_blocked, id=13040, stack(0x000000f040b00000,0x000000f040c00000)]
  0x00000267a1eab600 JavaThread "Sweeper thread" daemon [_thread_blocked, id=7104, stack(0x000000f040c00000,0x000000f040d00000)]
  0x00000267a6190080 JavaThread "Common-Cleaner" daemon [_thread_blocked, id=3608, stack(0x000000f040d00000,0x000000f040e00000)]
  0x00000267a62e7b70 JavaThread "Notification Thread" daemon [_thread_blocked, id=2024, stack(0x000000f040e00000,0x000000f040f00000)]
  0x00000267a7e81630 JavaThread "Daemon health stats" [_thread_blocked, id=9740, stack(0x000000f041100000,0x000000f041200000)]
  0x00000267a77187e0 JavaThread "Incoming local TCP Connector on port 63119" [_thread_in_native, id=5300, stack(0x000000f041200000,0x000000f041300000)]
  0x00000267a614ac50 JavaThread "Daemon periodic checks" [_thread_blocked, id=9892, stack(0x000000f041300000,0x000000f041400000)]
  0x00000267a7788040 JavaThread "Daemon" [_thread_blocked, id=1504, stack(0x000000f041400000,0x000000f041500000)]
  0x00000267a791fe50 JavaThread "Handler for socket connection from /127.0.0.1:63119 to /127.0.0.1:63120" [_thread_in_native, id=7188, stack(0x000000f041500000,0x000000f041600000)]
  0x00000267a76ec9c0 JavaThread "Cancel handler" [_thread_blocked, id=5784, stack(0x000000f041600000,0x000000f041700000)]
  0x00000267a76eb070 JavaThread "Daemon worker" [_thread_blocked, id=11472, stack(0x000000f041700000,0x000000f041800000)]
  0x00000267a76eb580 JavaThread "Asynchronous log dispatcher for DefaultDaemonConnection: socket connection from /127.0.0.1:63119 to /127.0.0.1:63120" [_thread_blocked, id=3616, stack(0x000000f041800000,0x000000f041900000)]
  0x00000267a76ebfa0 JavaThread "Stdin handler" [_thread_blocked, id=4676, stack(0x000000f041900000,0x000000f041a00000)]
  0x00000267a76ec4b0 JavaThread "Daemon client event forwarder" [_thread_blocked, id=11108, stack(0x000000f041a00000,0x000000f041b00000)]
  0x00000267a6fdcd20 JavaThread "Cache worker for journal cache (C:\Users\chaerul\.gradle\caches\journal-1)" [_thread_blocked, id=8308, stack(0x000000f041b00000,0x000000f041c00000)]
  0x00000267a6fdb8e0 JavaThread "File lock request listener" [_thread_in_native, id=12200, stack(0x000000f041c00000,0x000000f041d00000)]
  0x00000267a6fdd230 JavaThread "Cache worker for file hash cache (C:\Users\chaerul\.gradle\caches\8.6\fileHashes)" [_thread_blocked, id=6972, stack(0x000000f041d00000,0x000000f041e00000)]
  0x00000267a6fdc300 JavaThread "File watcher server" daemon [_thread_in_native, id=14688, stack(0x000000f041e00000,0x000000f041f00000)]
  0x00000267a6fdd740 JavaThread "File watcher consumer" daemon [_thread_blocked, id=6136, stack(0x000000f041f00000,0x000000f042000000)]
  0x00000267a6fdc810 JavaThread "jar transforms" [_thread_blocked, id=13944, stack(0x000000f042000000,0x000000f042100000)]
  0x00000267a6fddc50 JavaThread "jar transforms Thread 2" [_thread_blocked, id=7880, stack(0x000000f042100000,0x000000f042200000)]
  0x00000267a6fdbdf0 JavaThread "Cache worker for checksums cache (C:\Users\chaerul\Desktop\projek apk\laundryku\.gradle\8.6\checksums)" [_thread_blocked, id=6556, stack(0x000000f042200000,0x000000f042300000)]
  0x00000267a6fde160 JavaThread "Cache worker for file hash cache (C:\Users\chaerul\Desktop\projek apk\laundryku\.gradle\8.6\fileHashes)" [_thread_blocked, id=9720, stack(0x000000f042300000,0x000000f042400000)]
  0x00000267a6fde670 JavaThread "Cache worker for cache directory md-supplier (C:\Users\chaerul\.gradle\caches\8.6\md-supplier)" [_thread_blocked, id=15076, stack(0x000000f042400000,0x000000f042500000)]
  0x00000267a6fdeb80 JavaThread "Cache worker for cache directory md-rule (C:\Users\chaerul\.gradle\caches\8.6\md-rule)" [_thread_blocked, id=2656, stack(0x000000f042500000,0x000000f042600000)]
  0x00000267a6fdb3d0 JavaThread "Cache worker for file content cache (C:\Users\chaerul\.gradle\caches\8.6\fileContent)" [_thread_blocked, id=12484, stack(0x000000f042600000,0x000000f042700000)]
  0x00000267a6296d20 JavaThread "Unconstrained build operations" [_thread_blocked, id=9544, stack(0x000000f03fc00000,0x000000f03fd00000)]
  0x00000267a629cd50 JavaThread "Unconstrained build operations Thread 2" [_thread_blocked, id=12596, stack(0x000000f042700000,0x000000f042800000)]

Other Threads:
=>0x00000267a1e780f0 VMThread "VM Thread" [stack: 0x000000f040300000,0x000000f040400000] [id=8876]
  0x00000267a62c8c20 WatcherThread [stack: 0x000000f040f00000,0x000000f041000000] [id=10424]
  0x000002678403a050 GCTaskThread "GC Thread#0" [stack: 0x000000f03fe00000,0x000000f03ff00000] [id=3424]
  0x00000267a6230bd0 GCTaskThread "GC Thread#1" [stack: 0x000000f041000000,0x000000f041100000] [id=4332]
  0x000002678404aeb0 ConcurrentGCThread "G1 Main Marker" [stack: 0x000000f03ff00000,0x000000f040000000] [id=14992]
  0x000002678404b7e0 ConcurrentGCThread "G1 Conc#0" [stack: 0x000000f040000000,0x000000f040100000] [id=5960]
  0x0000026784079340 ConcurrentGCThread "G1 Refine#0" [stack: 0x000000f040100000,0x000000f040200000] [id=14632]
  0x0000026784079c80 ConcurrentGCThread "G1 Service" [stack: 0x000000f040200000,0x000000f040300000] [id=5188]

Threads with active compile tasks:

VM state: at safepoint (normal execution)

VM Mutex/Monitor currently owned by a thread:  ([mutex/lock_event])
[0x0000026783fc9da0] Threads_lock - owner thread: 0x00000267a1e780f0
[0x0000026783fca2b0] Heap_lock - owner thread: 0x000002678404aeb0

Heap address: 0x0000000700000000, size: 4096 MB, Compressed Oops mode: Zero based, Oop shift amount: 3

CDS archive(s) not mapped
Compressed class space mapped at: 0x0000000800000000-0x000000081a000000, reserved size: 436207616
Narrow klass base: 0x0000000800000000, Narrow klass shift: 0, Narrow klass range: 0x1a000000

GC Precious Log:
 CPUs: 2 total, 2 available
 Memory: 3990M
 Large Page Support: Disabled
 NUMA Support: Disabled
 Compressed Oops: Enabled (Zero based)
 Heap Region Size: 2M
 Heap Min Capacity: 8M
 Heap Initial Capacity: 64M
 Heap Max Capacity: 4G
 Pre-touch: Disabled
 Parallel Workers: 2
 Concurrent Workers: 1
 Concurrent Refinement Workers: 2
 Periodic GC: Disabled

Heap:
 garbage-first heap   total 100352K, used 66797K [0x0000000700000000, 0x0000000800000000)
  region size 2048K, 3 young (6144K), 2 survivors (4096K)
 Metaspace       used 50154K, committed 50624K, reserved 491520K
  class space    used 6761K, committed 6976K, reserved 425984K

Heap Regions: E=young(eden), S=young(survivor), O=old, HS=humongous(starts), HC=humongous(continues), CS=collection set, F=free, OA=open archive, CA=closed archive, TAMS=top-at-mark-start (previous, next)
|   0|0x0000000700000000, 0x0000000700200000, 0x0000000700200000|100%| O|  |TAMS 0x0000000700200000, 0x0000000700000000| Untracked 
|   1|0x0000000700200000, 0x0000000700400000, 0x0000000700400000|100%|HS|  |TAMS 0x0000000700400000, 0x0000000700200000| Complete 
|   2|0x0000000700400000, 0x0000000700600000, 0x0000000700600000|100%|HC|  |TAMS 0x0000000700600000, 0x0000000700400000| Complete 
|   3|0x0000000700600000, 0x0000000700800000, 0x0000000700800000|100%| O|  |TAMS 0x0000000700800000, 0x0000000700600000| Untracked 
|   4|0x0000000700800000, 0x0000000700a00000, 0x0000000700a00000|100%| O|  |TAMS 0x0000000700a00000, 0x0000000700800000| Untracked 
|   5|0x0000000700a00000, 0x0000000700c00000, 0x0000000700c00000|100%| O|  |TAMS 0x0000000700c00000, 0x0000000700a00000| Untracked 
|   6|0x0000000700c00000, 0x0000000700e00000, 0x0000000700e00000|100%| O|  |TAMS 0x0000000700e00000, 0x0000000700c00000| Untracked 
|   7|0x0000000700e00000, 0x0000000701000000, 0x0000000701000000|100%| O|  |TAMS 0x0000000701000000, 0x0000000700e00000| Untracked 
|   8|0x0000000701000000, 0x0000000701200000, 0x0000000701200000|100%| O|  |TAMS 0x0000000701200000, 0x0000000701000000| Untracked 
|   9|0x0000000701200000, 0x0000000701400000, 0x0000000701400000|100%| O|  |TAMS 0x0000000701400000, 0x0000000701200000| Untracked 
|  10|0x0000000701400000, 0x0000000701600000, 0x0000000701600000|100%|HS|  |TAMS 0x0000000701600000, 0x0000000701400000| Complete 
|  11|0x0000000701600000, 0x0000000701800000, 0x0000000701800000|100%|HS|  |TAMS 0x0000000701800000, 0x0000000701600000| Complete 
|  12|0x0000000701800000, 0x0000000701a00000, 0x0000000701a00000|100%|HC|  |TAMS 0x0000000701a00000, 0x0000000701800000| Complete 
|  13|0x0000000701a00000, 0x0000000701c00000, 0x0000000701c00000|100%|HS|  |TAMS 0x0000000701c00000, 0x0000000701a00000| Complete 
|  14|0x0000000701c00000, 0x0000000701e00000, 0x0000000701e00000|100%|HC|  |TAMS 0x0000000701e00000, 0x0000000701c00000| Complete 
|  15|0x0000000701e00000, 0x0000000702000000, 0x0000000702000000|100%| O|  |TAMS 0x0000000702000000, 0x0000000701e00000| Untracked 
|  16|0x0000000702000000, 0x0000000702200000, 0x0000000702200000|100%|HS|  |TAMS 0x0000000702200000, 0x0000000702000000| Complete 
|  17|0x0000000702200000, 0x0000000702400000, 0x0000000702400000|100%|HC|  |TAMS 0x0000000702400000, 0x0000000702200000| Complete 
|  18|0x0000000702400000, 0x0000000702600000, 0x0000000702600000|100%| O|  |TAMS 0x0000000702600000, 0x0000000702400000| Untracked 
|  19|0x0000000702600000, 0x0000000702800000, 0x0000000702800000|100%| O|  |TAMS 0x0000000702800000, 0x0000000702600000| Untracked 
|  20|0x0000000702800000, 0x0000000702a00000, 0x0000000702a00000|100%| O|  |TAMS 0x0000000702a00000, 0x0000000702800000| Untracked 
|  21|0x0000000702a00000, 0x0000000702c00000, 0x0000000702c00000|100%| O|  |TAMS 0x0000000702c00000, 0x0000000702a00000| Untracked 
|  22|0x0000000702c00000, 0x0000000702e00000, 0x0000000702e00000|100%| O|  |TAMS 0x0000000702e00000, 0x0000000702c00000| Untracked 
|  23|0x0000000702e00000, 0x0000000703000000, 0x0000000703000000|100%|HS|  |TAMS 0x0000000703000000, 0x0000000702e00000| Complete 
|  24|0x0000000703000000, 0x0000000703200000, 0x0000000703200000|100%|HC|  |TAMS 0x0000000703200000, 0x0000000703000000| Complete 
|  25|0x0000000703200000, 0x0000000703400000, 0x0000000703400000|100%| O|  |TAMS 0x00000007032f5a00, 0x0000000703200000| Untracked 
|  26|0x0000000703400000, 0x0000000703600000, 0x0000000703600000|100%|HS|  |TAMS 0x0000000703600000, 0x0000000703400000| Complete 
|  27|0x0000000703600000, 0x0000000703800000, 0x0000000703800000|100%|HC|  |TAMS 0x0000000703800000, 0x0000000703600000| Complete 
|  28|0x0000000703800000, 0x0000000703a00000, 0x0000000703a00000|100%| O|  |TAMS 0x0000000703800000, 0x0000000703800000| Untracked 
|  29|0x0000000703a00000, 0x0000000703aa1a00, 0x0000000703c00000| 31%| O|  |TAMS 0x0000000703a00000, 0x0000000703a00000| Updating 
|  30|0x0000000703c00000, 0x0000000703e00000, 0x0000000703e00000|100%|HS|  |TAMS 0x0000000703c00000, 0x0000000703c00000| Complete 
|  31|0x0000000703e00000, 0x0000000704000000, 0x0000000704000000|100%|HC|  |TAMS 0x0000000703e00000, 0x0000000703e00000| Complete 
|  32|0x0000000704000000, 0x0000000704000000, 0x0000000704200000|  0%| F|  |TAMS 0x0000000704000000, 0x0000000704000000| Untracked 
|  33|0x0000000704200000, 0x0000000704200000, 0x0000000704400000|  0%| F|  |TAMS 0x0000000704200000, 0x0000000704200000| Untracked 
|  34|0x0000000704400000, 0x0000000704400000, 0x0000000704600000|  0%| F|  |TAMS 0x0000000704400000, 0x0000000704400000| Untracked 
|  35|0x0000000704600000, 0x0000000704600000, 0x0000000704800000|  0%| F|  |TAMS 0x0000000704600000, 0x0000000704600000| Untracked 
|  36|0x0000000704800000, 0x0000000704800000, 0x0000000704a00000|  0%| F|  |TAMS 0x0000000704800000, 0x0000000704800000| Untracked 
|  37|0x0000000704a00000, 0x0000000704a00000, 0x0000000704c00000|  0%| F|  |TAMS 0x0000000704a00000, 0x0000000704a00000| Untracked 
|  38|0x0000000704c00000, 0x0000000704c00000, 0x0000000704e00000|  0%| F|  |TAMS 0x0000000704c00000, 0x0000000704c00000| Untracked 
|  39|0x0000000704e00000, 0x0000000704e00000, 0x0000000705000000|  0%| F|  |TAMS 0x0000000704e00000, 0x0000000704e00000| Untracked 
|  40|0x0000000705000000, 0x0000000705000000, 0x0000000705200000|  0%| F|  |TAMS 0x0000000705000000, 0x0000000705000000| Untracked 
|  41|0x0000000705200000, 0x0000000705200000, 0x0000000705400000|  0%| F|  |TAMS 0x0000000705200000, 0x0000000705200000| Untracked 
|  42|0x0000000705400000, 0x0000000705499cd0, 0x0000000705600000| 30%| S|CS|TAMS 0x0000000705400000, 0x0000000705400000| Complete 
|  43|0x0000000705600000, 0x0000000705800000, 0x0000000705800000|100%| S|CS|TAMS 0x0000000705600000, 0x0000000705600000| Complete 
|  44|0x0000000705800000, 0x0000000705800000, 0x0000000705a00000|  0%| F|  |TAMS 0x0000000705800000, 0x0000000705800000| Untracked 
|  45|0x0000000705a00000, 0x0000000705a00000, 0x0000000705c00000|  0%| F|  |TAMS 0x0000000705a00000, 0x0000000705a00000| Untracked 
|  46|0x0000000705c00000, 0x0000000705c00000, 0x0000000705e00000|  0%| F|  |TAMS 0x0000000705c00000, 0x0000000705c00000| Untracked 
|  47|0x0000000705e00000, 0x0000000705e00000, 0x0000000706000000|  0%| F|  |TAMS 0x0000000705e00000, 0x0000000705e00000| Untracked 
|  48|0x0000000706000000, 0x0000000706000a60, 0x0000000706200000|  0%| E|  |TAMS 0x0000000706000000, 0x0000000706000000| Complete 

Card table byte_map: [0x0000026796cb0000,0x00000267974b0000] _byte_map_base: 0x00000267934b0000

Marking Bits (Prev, Next): (CMBitMap*) 0x000002678403a580, (CMBitMap*) 0x000002678403a5c0
 Prev Bits: [0x0000026797cb0000, 0x000002679bcb0000)
 Next Bits: [0x000002679bcb0000, 0x000002679fcb0000)

Polling page: 0x0000026781f40000

Metaspace:

Usage:
  Non-class:     42.38 MB used.
      Class:      6.60 MB used.
       Both:     48.98 MB used.

Virtual space:
  Non-class space:       64.00 MB reserved,      42.62 MB ( 67%) committed,  1 nodes.
      Class space:      416.00 MB reserved,       6.81 MB (  2%) committed,  1 nodes.
             Both:      480.00 MB reserved,      49.44 MB ( 10%) committed. 

Chunk freelists:
   Non-Class:  5.11 MB
       Class:  9.16 MB
        Both:  14.26 MB

MaxMetaspaceSize: 512.00 MB
CompressedClassSpaceSize: 416.00 MB
Initial GC threshold: 21.00 MB
Current GC threshold: 81.81 MB
CDS: off
MetaspaceReclaimPolicy: balanced
 - commit_granule_bytes: 65536.
 - commit_granule_words: 8192.
 - virtual_space_node_default_size: 8388608.
 - enlarge_chunks_in_place: 1.
 - new_chunks_are_fully_committed: 0.
 - uncommit_free_chunks: 1.
 - use_allocation_guard: 0.
 - handle_deallocations: 1.


Internal statistics:

num_allocs_failed_limit: 3.
num_arena_births: 504.
num_arena_deaths: 0.
num_vsnodes_births: 2.
num_vsnodes_deaths: 0.
num_space_committed: 791.
num_space_uncommitted: 0.
num_chunks_returned_to_freelist: 3.
num_chunks_taken_from_freelist: 2118.
num_chunk_merges: 3.
num_chunk_splits: 1354.
num_chunks_enlarged: 897.
num_inconsistent_stats: 0.

CodeHeap 'non-profiled nmethods': size=120064Kb used=2797Kb max_used=2797Kb free=117266Kb
 bounds [0x000002678ef70000, 0x000002678f230000, 0x00000267964b0000]
CodeHeap 'profiled nmethods': size=120000Kb used=9928Kb max_used=9928Kb free=110071Kb
 bounds [0x00000267874b0000, 0x0000026787e70000, 0x000002678e9e0000]
CodeHeap 'non-nmethods': size=5696Kb used=2296Kb max_used=2336Kb free=3399Kb
 bounds [0x000002678e9e0000, 0x000002678ec50000, 0x000002678ef70000]
 total_blobs=5420 nmethods=4611 adapters=722
 compilation: enabled
              stopped_count=0, restarted_count=0
 full_count=0

Compilation events (20 events):
Event: 33.265 Thread 0x00000267a6027820 nmethod 4624 0x0000026787e5f990 code [0x0000026787e5fb20, 0x0000026787e5fc98]
Event: 33.266 Thread 0x00000267a6041a90 nmethod 4592 0x000002678f227410 code [0x000002678f2276a0, 0x000002678f229220]
Event: 33.266 Thread 0x00000267a6041a90 4575       4       java.util.stream.SpinedBuffer::accept (94 bytes)
Event: 33.267 Thread 0x00000267a6027820 4625       3       com.sun.beans.introspect.MethodInfo::resolve (12 bytes)
Event: 33.267 Thread 0x00000267a6027820 nmethod 4625 0x0000026787e5fd90 code [0x0000026787e5ffa0, 0x0000026787e604d8]
Event: 33.268 Thread 0x00000267a6027820 4626       3       java.util.stream.Nodes::builder (8 bytes)
Event: 33.268 Thread 0x00000267a6027820 nmethod 4626 0x0000026787e60710 code [0x0000026787e608c0, 0x0000026787e60cb8]
Event: 33.268 Thread 0x00000267a6027820 4627       3       java.util.stream.Nodes$SpinedNodeBuilder::begin (38 bytes)
Event: 33.268 Thread 0x00000267a6027820 nmethod 4627 0x0000026787e60e10 code [0x0000026787e60fc0, 0x0000026787e611d8]
Event: 33.268 Thread 0x00000267a6027820 4628       3       java.util.stream.Nodes$SpinedNodeBuilder::end (29 bytes)
Event: 33.268 Thread 0x00000267a6027820 nmethod 4628 0x0000026787e61290 code [0x0000026787e61420, 0x0000026787e61538]
Event: 33.268 Thread 0x00000267a6027820 4629       3       java.util.stream.Nodes$SpinedNodeBuilder::build (25 bytes)
Event: 33.268 Thread 0x00000267a6027820 nmethod 4629 0x0000026787e61610 code [0x0000026787e617a0, 0x0000026787e618b8]
Event: 33.269 Thread 0x00000267a6027820 4630       3       java.util.stream.Nodes$SpinedNodeBuilder::asArray (29 bytes)
Event: 33.269 Thread 0x00000267a6027820 nmethod 4630 0x0000026787e61990 code [0x0000026787e61b40, 0x0000026787e61c88]
Event: 33.269 Thread 0x00000267a6027820 4631       3       java.util.stream.Nodes$SpinedNodeBuilder::copyInto (30 bytes)
Event: 33.269 Thread 0x00000267a6027820 nmethod 4631 0x0000026787e61d10 code [0x0000026787e61ec0, 0x0000026787e62008]
Event: 33.272 Thread 0x00000267a6041a90 nmethod 4575 0x000002678f229f90 code [0x000002678f22a140, 0x000002678f22a558]
Event: 33.272 Thread 0x00000267a6041a90 4577       4       java.lang.StringConcatHelper::simpleConcat (94 bytes)
Event: 33.283 Thread 0x00000267a6041a90 nmethod 4577 0x000002678f22a790 code [0x000002678f22a940, 0x000002678f22af18]

GC Heap History (20 events):
Event: 22.621 GC heap before
{Heap before GC invocations=11 (full 0):
 garbage-first heap   total 65536K, used 51591K [0x0000000700000000, 0x0000000800000000)
  region size 2048K, 9 young (18432K), 2 survivors (4096K)
 Metaspace       used 33142K, committed 33472K, reserved 491520K
  class space    used 4487K, committed 4608K, reserved 425984K
}
Event: 22.633 GC heap after
{Heap after GC invocations=12 (full 0):
 garbage-first heap   total 65536K, used 41687K [0x0000000700000000, 0x0000000800000000)
  region size 2048K, 1 young (2048K), 1 survivors (2048K)
 Metaspace       used 33142K, committed 33472K, reserved 491520K
  class space    used 4487K, committed 4608K, reserved 425984K
}
Event: 23.108 GC heap before
{Heap before GC invocations=12 (full 0):
 garbage-first heap   total 65536K, used 49879K [0x0000000700000000, 0x0000000800000000)
  region size 2048K, 5 young (10240K), 1 survivors (2048K)
 Metaspace       used 34078K, committed 34368K, reserved 491520K
  class space    used 4662K, committed 4800K, reserved 425984K
}
Event: 23.115 GC heap after
{Heap after GC invocations=13 (full 0):
 garbage-first heap   total 65536K, used 42041K [0x0000000700000000, 0x0000000800000000)
  region size 2048K, 1 young (2048K), 1 survivors (2048K)
 Metaspace       used 34078K, committed 34368K, reserved 491520K
  class space    used 4662K, committed 4800K, reserved 425984K
}
Event: 23.705 GC heap before
{Heap before GC invocations=14 (full 0):
 garbage-first heap   total 79872K, used 50233K [0x0000000700000000, 0x0000000800000000)
  region size 2048K, 5 young (10240K), 1 survivors (2048K)
 Metaspace       used 35141K, committed 35520K, reserved 491520K
  class space    used 4825K, committed 4992K, reserved 425984K
}
Event: 23.711 GC heap after
{Heap after GC invocations=15 (full 0):
 garbage-first heap   total 79872K, used 42359K [0x0000000700000000, 0x0000000800000000)
  region size 2048K, 1 young (2048K), 1 survivors (2048K)
 Metaspace       used 35141K, committed 35520K, reserved 491520K
  class space    used 4825K, committed 4992K, reserved 425984K
}
Event: 25.279 GC heap before
{Heap before GC invocations=15 (full 0):
 garbage-first heap   total 79872K, used 60791K [0x0000000700000000, 0x0000000800000000)
  region size 2048K, 10 young (20480K), 1 survivors (2048K)
 Metaspace       used 37933K, committed 38336K, reserved 491520K
  class space    used 5264K, committed 5440K, reserved 425984K
}
Event: 25.295 GC heap after
{Heap after GC invocations=16 (full 0):
 garbage-first heap   total 79872K, used 43027K [0x0000000700000000, 0x0000000800000000)
  region size 2048K, 1 young (2048K), 1 survivors (2048K)
 Metaspace       used 37933K, committed 38336K, reserved 491520K
  class space    used 5264K, committed 5440K, reserved 425984K
}
Event: 27.035 GC heap before
{Heap before GC invocations=17 (full 0):
 garbage-first heap   total 79872K, used 61459K [0x0000000700000000, 0x0000000800000000)
  region size 2048K, 10 young (20480K), 1 survivors (2048K)
 Metaspace       used 42418K, committed 42816K, reserved 491520K
  class space    used 5755K, committed 5952K, reserved 425984K
}
Event: 27.049 GC heap after
{Heap after GC invocations=18 (full 0):
 garbage-first heap   total 79872K, used 45305K [0x0000000700000000, 0x0000000800000000)
  region size 2048K, 2 young (4096K), 2 survivors (4096K)
 Metaspace       used 42418K, committed 42816K, reserved 491520K
  class space    used 5755K, committed 5952K, reserved 425984K
}
Event: 27.864 GC heap before
{Heap before GC invocations=18 (full 0):
 garbage-first heap   total 79872K, used 63737K [0x0000000700000000, 0x0000000800000000)
  region size 2048K, 11 young (22528K), 2 survivors (4096K)
 Metaspace       used 43894K, committed 44352K, reserved 491520K
  class space    used 5900K, committed 6080K, reserved 425984K
}
Event: 27.884 GC heap after
{Heap after GC invocations=19 (full 0):
 garbage-first heap   total 79872K, used 47731K [0x0000000700000000, 0x0000000800000000)
  region size 2048K, 2 young (4096K), 2 survivors (4096K)
 Metaspace       used 43894K, committed 44352K, reserved 491520K
  class space    used 5900K, committed 6080K, reserved 425984K
}
Event: 28.840 GC heap before
{Heap before GC invocations=20 (full 0):
 garbage-first heap   total 90112K, used 60019K [0x0000000700000000, 0x0000000800000000)
  region size 2048K, 9 young (18432K), 2 survivors (4096K)
 Metaspace       used 44366K, committed 44736K, reserved 491520K
  class space    used 5949K, committed 6144K, reserved 425984K
}
Event: 28.852 GC heap after
{Heap after GC invocations=21 (full 0):
 garbage-first heap   total 90112K, used 49079K [0x0000000700000000, 0x0000000800000000)
  region size 2048K, 2 young (4096K), 2 survivors (4096K)
 Metaspace       used 44366K, committed 44736K, reserved 491520K
  class space    used 5949K, committed 6144K, reserved 425984K
}
Event: 30.581 GC heap before
{Heap before GC invocations=22 (full 0):
 garbage-first heap   total 96256K, used 73655K [0x0000000700000000, 0x0000000800000000)
  region size 2048K, 12 young (24576K), 2 survivors (4096K)
 Metaspace       used 47415K, committed 47808K, reserved 491520K
  class space    used 6323K, committed 6528K, reserved 425984K
}
Event: 30.592 GC heap after
{Heap after GC invocations=23 (full 0):
 garbage-first heap   total 96256K, used 49741K [0x0000000700000000, 0x0000000800000000)
  region size 2048K, 1 young (2048K), 1 survivors (2048K)
 Metaspace       used 47415K, committed 47808K, reserved 491520K
  class space    used 6323K, committed 6528K, reserved 425984K
}
Event: 32.283 GC heap before
{Heap before GC invocations=23 (full 0):
 garbage-first heap   total 96256K, used 72269K [0x0000000700000000, 0x0000000800000000)
  region size 2048K, 13 young (26624K), 1 survivors (2048K)
 Metaspace       used 49793K, committed 50240K, reserved 491520K
  class space    used 6704K, committed 6912K, reserved 425984K
}
Event: 32.297 GC heap after
{Heap after GC invocations=24 (full 0):
 garbage-first heap   total 96256K, used 51993K [0x0000000700000000, 0x0000000800000000)
  region size 2048K, 2 young (4096K), 2 survivors (4096K)
 Metaspace       used 49793K, committed 50240K, reserved 491520K
  class space    used 6704K, committed 6912K, reserved 425984K
}
Event: 33.289 GC heap before
{Heap before GC invocations=25 (full 0):
 garbage-first heap   total 100352K, used 68377K [0x0000000700000000, 0x0000000800000000)
  region size 2048K, 7 young (14336K), 2 survivors (4096K)
 Metaspace       used 50154K, committed 50624K, reserved 491520K
  class space    used 6761K, committed 6976K, reserved 425984K
}
Event: 33.306 GC heap after
{Heap after GC invocations=26 (full 0):
 garbage-first heap   total 100352K, used 62701K [0x0000000700000000, 0x0000000800000000)
  region size 2048K, 2 young (4096K), 2 survivors (4096K)
 Metaspace       used 50154K, committed 50624K, reserved 491520K
  class space    used 6761K, committed 6976K, reserved 425984K
}

Dll operation events (3 events):
Event: 0.073 Loaded shared library C:\Program Files\Android\Android Studio\jbr\bin\java.dll
Event: 0.828 Loaded shared library C:\Program Files\Android\Android Studio\jbr\bin\zip.dll
Event: 3.181 Loaded shared library C:\Program Files\Android\Android Studio\jbr\bin\verify.dll

Deoptimization events (20 events):
Event: 32.759 Thread 0x00000267a76eb070 Uncommon trap: trap_request=0xffffffbe fr.pc=0x000002678f21afc0 relative=0x0000000000000680
Event: 32.759 Thread 0x00000267a76eb070 Uncommon trap: reason=profile_predicate action=maybe_recompile pc=0x000002678f21afc0 method=java.lang.PublicMethods$MethodList.filter([Ljava/lang/reflect/Method;Ljava/lang/String;[Ljava/lang/Class;Z)Ljava/lang/PublicMethods$MethodList; @ 21 c2
Event: 32.759 Thread 0x00000267a76eb070 DEOPT PACKING pc=0x000002678f21afc0 sp=0x000000f0417f7490
Event: 32.759 Thread 0x00000267a76eb070 DEOPT UNPACKING pc=0x000002678ea3699d sp=0x000000f0417f7448 mode 2
Event: 32.846 Thread 0x00000267a76eb070 Uncommon trap: trap_request=0xffffffbe fr.pc=0x000002678f21afc0 relative=0x0000000000000680
Event: 32.846 Thread 0x00000267a76eb070 Uncommon trap: reason=profile_predicate action=maybe_recompile pc=0x000002678f21afc0 method=java.lang.PublicMethods$MethodList.filter([Ljava/lang/reflect/Method;Ljava/lang/String;[Ljava/lang/Class;Z)Ljava/lang/PublicMethods$MethodList; @ 21 c2
Event: 32.846 Thread 0x00000267a76eb070 DEOPT PACKING pc=0x000002678f21afc0 sp=0x000000f0417f7c20
Event: 32.846 Thread 0x00000267a76eb070 DEOPT UNPACKING pc=0x000002678ea3699d sp=0x000000f0417f7bd8 mode 2
Event: 32.846 Thread 0x00000267a76eb070 Uncommon trap: trap_request=0xffffffbe fr.pc=0x000002678f21afc0 relative=0x0000000000000680
Event: 32.846 Thread 0x00000267a76eb070 Uncommon trap: reason=profile_predicate action=maybe_recompile pc=0x000002678f21afc0 method=java.lang.PublicMethods$MethodList.filter([Ljava/lang/reflect/Method;Ljava/lang/String;[Ljava/lang/Class;Z)Ljava/lang/PublicMethods$MethodList; @ 21 c2
Event: 32.846 Thread 0x00000267a76eb070 DEOPT PACKING pc=0x000002678f21afc0 sp=0x000000f0417f7c20
Event: 32.846 Thread 0x00000267a76eb070 DEOPT UNPACKING pc=0x000002678ea3699d sp=0x000000f0417f7bd8 mode 2
Event: 32.996 Thread 0x00000267a76eb070 Uncommon trap: trap_request=0xffffff76 fr.pc=0x000002678f17b6c8 relative=0x00000000000001a8
Event: 32.996 Thread 0x00000267a76eb070 Uncommon trap: reason=predicate action=maybe_recompile pc=0x000002678f17b6c8 method=sun.instrument.TransformerManager.transform(Ljava/lang/Module;Ljava/lang/ClassLoader;Ljava/lang/String;Ljava/lang/Class;Ljava/security/ProtectionDomain;[B)[B @ 21 c2
Event: 32.996 Thread 0x00000267a76eb070 DEOPT PACKING pc=0x000002678f17b6c8 sp=0x000000f0417f67d0
Event: 32.996 Thread 0x00000267a76eb070 DEOPT UNPACKING pc=0x000002678ea3699d sp=0x000000f0417f6778 mode 2
Event: 33.277 Thread 0x00000267a76eb070 Uncommon trap: trap_request=0xffffffde fr.pc=0x000002678f228c14 relative=0x0000000000001574
Event: 33.277 Thread 0x00000267a76eb070 Uncommon trap: reason=class_check action=maybe_recompile pc=0x000002678f228c14 method=org.codehaus.groovy.reflection.ParameterTypes.getParametersTypes0()V @ 16 c2
Event: 33.277 Thread 0x00000267a76eb070 DEOPT PACKING pc=0x000002678f228c14 sp=0x000000f0417f8670
Event: 33.277 Thread 0x00000267a76eb070 DEOPT UNPACKING pc=0x000002678ea3699d sp=0x000000f0417f8608 mode 2

Classes unloaded (0 events):
No events

Classes redefined (0 events):
No events

Internal exceptions (20 events):
Event: 32.896 Thread 0x00000267a76eb070 Exception <a 'java/lang/ClassNotFoundException'{0x0000000705f5da60}: org/gradle/util/GradleVersionBeanInfo> (0x0000000705f5da60) 
thrown [s\src\hotspot\share\classfile\systemDictionary.cpp, line 256]
Event: 32.958 Thread 0x00000267a76eb070 Exception <a 'java/lang/ClassNotFoundException'{0x0000000705f723b0}: org/gradle/util/GradleVersionCustomizer> (0x0000000705f723b0) 
thrown [s\src\hotspot\share\classfile\systemDictionary.cpp, line 256]
Event: 32.978 Thread 0x00000267a76eb070 Exception <a 'java/lang/ClassNotFoundException'{0x0000000705fb0bd8}: org/gradle/util/internal/DefaultGradleVersionBeanInfo> (0x0000000705fb0bd8) 
thrown [s\src\hotspot\share\classfile\systemDictionary.cpp, line 256]
Event: 32.979 Thread 0x00000267a76eb070 Exception <a 'java/lang/ClassNotFoundException'{0x0000000705fc5d10}: org/gradle/util/internal/DefaultGradleVersionCustomizer> (0x0000000705fc5d10) 
thrown [s\src\hotspot\share\classfile\systemDictionary.cpp, line 256]
Event: 33.061 Thread 0x00000267a76eb070 Exception <a 'java/lang/ClassNotFoundException'{0x0000000705a4c490}: com/intellij/gradle/toolingExtension/impl/modelBuilder/ExtraModelBuilderBeanInfo> (0x0000000705a4c490) 
thrown [s\src\hotspot\share\classfile\systemDictionary.cpp, line 256]
Event: 33.062 Thread 0x00000267a76eb070 Exception <a 'java/lang/ClassNotFoundException'{0x0000000705a57790}: com/intellij/gradle/toolingExtension/impl/modelBuilder/ExtraModelBuilderCustomizer> (0x0000000705a57790) 
thrown [s\src\hotspot\share\classfile\systemDictionary.cpp, line 256]
Event: 33.137 Thread 0x00000267a76eb070 Exception <a 'java/lang/ClassNotFoundException'{0x0000000705b841f8}: java/lang/StringBeanInfo> (0x0000000705b841f8) 
thrown [s\src\hotspot\share\classfile\systemDictionary.cpp, line 256]
Event: 33.138 Thread 0x00000267a76eb070 Exception <a 'java/lang/ClassNotFoundException'{0x0000000705b8c7a8}: java/lang/StringCustomizer> (0x0000000705b8c7a8) 
thrown [s\src\hotspot\share\classfile\systemDictionary.cpp, line 256]
Event: 33.177 Thread 0x00000267a76eb070 Exception <a 'java/lang/ClassNotFoundException'{0x0000000705814a98}: org/gradle/internal/classloader/VisitableURLClassLoader$InstrumentingVisitableURLClassLoaderBeanInfo> (0x0000000705814a98) 
thrown [s\src\hotspot\share\classfile\systemDictionary.cpp, line 256]
Event: 33.180 Thread 0x00000267a76eb070 Exception <a 'java/lang/ClassNotFoundException'{0x0000000705829ce8}: org/gradle/internal/classloader/VisitableURLClassLoaderBeanInfo> (0x0000000705829ce8) 
thrown [s\src\hotspot\share\classfile\systemDictionary.cpp, line 256]
Event: 33.181 Thread 0x00000267a76eb070 Exception <a 'java/lang/ClassNotFoundException'{0x00000007058322f0}: java/net/URLClassLoaderBeanInfo> (0x00000007058322f0) 
thrown [s\src\hotspot\share\classfile\systemDictionary.cpp, line 256]
Event: 33.181 Thread 0x00000267a76eb070 Exception <a 'java/lang/ClassNotFoundException'{0x000000070583a948}: java/security/SecureClassLoaderBeanInfo> (0x000000070583a948) 
thrown [s\src\hotspot\share\classfile\systemDictionary.cpp, line 256]
Event: 33.182 Thread 0x00000267a76eb070 Exception <a 'java/lang/ClassNotFoundException'{0x0000000705842f48}: java/lang/ClassLoaderBeanInfo> (0x0000000705842f48) 
thrown [s\src\hotspot\share\classfile\systemDictionary.cpp, line 256]
Event: 33.182 Thread 0x00000267a76eb070 Exception <a 'java/lang/ClassNotFoundException'{0x000000070584b520}: java/lang/ClassLoaderCustomizer> (0x000000070584b520) 
thrown [s\src\hotspot\share\classfile\systemDictionary.cpp, line 256]
Event: 33.189 Thread 0x00000267a76eb070 Exception <a 'java/lang/ClassNotFoundException'{0x0000000705860df0}: java/security/SecureClassLoaderCustomizer> (0x0000000705860df0) 
thrown [s\src\hotspot\share\classfile\systemDictionary.cpp, line 256]
Event: 33.234 Thread 0x00000267a76eb070 Exception <a 'java/lang/ClassNotFoundException'{0x000000070586b698}: java/net/URLClassLoaderCustomizer> (0x000000070586b698) 
thrown [s\src\hotspot\share\classfile\systemDictionary.cpp, line 256]
Event: 33.244 Thread 0x00000267a76eb070 Exception <a 'java/lang/ClassNotFoundException'{0x00000007058869f0}: org/gradle/internal/classloader/VisitableURLClassLoaderCustomizer> (0x00000007058869f0) 
thrown [s\src\hotspot\share\classfile\systemDictionary.cpp, line 256]
Event: 33.253 Thread 0x00000267a76eb070 Exception <a 'java/lang/ClassNotFoundException'{0x00000007058a2eb0}: org/gradle/internal/classloader/VisitableURLClassLoader$InstrumentingVisitableURLClassLoaderCustomizer> (0x00000007058a2eb0) 
thrown [s\src\hotspot\share\classfile\systemDictionary.cpp, line 256]
Event: 33.265 Thread 0x00000267a76eb070 Exception <a 'java/lang/ClassNotFoundException'{0x00000007058de648}: com/intellij/gradle/toolingExtension/impl/modelBuilder/ExtraModelBuilder$ForGradle44BeanInfo> (0x00000007058de648) 
thrown [s\src\hotspot\share\classfile\systemDictionary.cpp, line 256]
Event: 33.266 Thread 0x00000267a76eb070 Exception <a 'java/lang/ClassNotFoundException'{0x00000007058e9fc8}: com/intellij/gradle/toolingExtension/impl/modelBuilder/ExtraModelBuilder$ForGradle44Customizer> (0x00000007058e9fc8) 
thrown [s\src\hotspot\share\classfile\systemDictionary.cpp, line 256]

VM Operations (20 events):
Event: 29.998 Executing VM operation: HandshakeAllThreads done
Event: 29.998 Executing VM operation: Cleanup
Event: 29.998 Executing VM operation: Cleanup done
Event: 30.581 Executing VM operation: G1CollectForAllocation
Event: 30.592 Executing VM operation: G1CollectForAllocation done
Event: 31.238 Executing VM operation: HandshakeAllThreads
Event: 31.239 Executing VM operation: HandshakeAllThreads done
Event: 32.256 Executing VM operation: Cleanup
Event: 32.256 Executing VM operation: Cleanup done
Event: 32.282 Executing VM operation: G1TryInitiateConcMark
Event: 32.298 Executing VM operation: G1TryInitiateConcMark done
Event: 32.384 Executing VM operation: G1PauseRemark
Event: 32.391 Executing VM operation: G1PauseRemark done
Event: 32.421 Executing VM operation: G1PauseCleanup
Event: 32.422 Executing VM operation: G1PauseCleanup done
Event: 32.757 Executing VM operation: HandshakeAllThreads
Event: 32.757 Executing VM operation: HandshakeAllThreads done
Event: 33.289 Executing VM operation: G1TryInitiateConcMark
Event: 33.307 Executing VM operation: G1TryInitiateConcMark done
Event: 33.397 Executing VM operation: G1PauseRemark

Events (20 events):
Event: 33.181 loading class java/security/SecureClassLoaderBeanInfo
Event: 33.181 loading class java/security/SecureClassLoaderBeanInfo done
Event: 33.181 loading class java/security/SecureClassLoaderBeanInfo
Event: 33.181 loading class java/security/SecureClassLoaderBeanInfo done
Event: 33.181 loading class java/lang/ClassLoaderBeanInfo
Event: 33.181 loading class java/lang/ClassLoaderBeanInfo done
Event: 33.182 loading class java/lang/ClassLoaderBeanInfo
Event: 33.182 loading class java/lang/ClassLoaderBeanInfo done
Event: 33.182 loading class java/lang/ClassLoaderCustomizer
Event: 33.182 loading class java/lang/ClassLoaderCustomizer done
Event: 33.182 loading class java/lang/ClassLoaderCustomizer
Event: 33.182 loading class java/lang/ClassLoaderCustomizer done
Event: 33.189 loading class java/security/SecureClassLoaderCustomizer
Event: 33.189 loading class java/security/SecureClassLoaderCustomizer done
Event: 33.189 loading class java/security/SecureClassLoaderCustomizer
Event: 33.189 loading class java/security/SecureClassLoaderCustomizer done
Event: 33.190 loading class java/net/URLClassLoaderCustomizer
Event: 33.190 loading class java/net/URLClassLoaderCustomizer done
Event: 33.234 loading class java/net/URLClassLoaderCustomizer
Event: 33.234 loading class java/net/URLClassLoaderCustomizer done


Dynamic libraries:
0x00007ff75d9c0000 - 0x00007ff75d9ca000 	C:\Program Files\Android\Android Studio\jbr\bin\java.exe
0x00007fffa9af0000 - 0x00007fffa9ce8000 	C:\Windows\SYSTEM32\ntdll.dll
0x00007fffa8740000 - 0x00007fffa87fd000 	C:\Windows\System32\KERNEL32.DLL
0x00007fffa7720000 - 0x00007fffa7a16000 	C:\Windows\System32\KERNELBASE.dll
0x00007fffa7a20000 - 0x00007fffa7b20000 	C:\Windows\System32\ucrtbase.dll
0x00007fff8e530000 - 0x00007fff8e547000 	C:\Program Files\Android\Android Studio\jbr\bin\jli.dll
0x00007fffa9020000 - 0x00007fffa91bf000 	C:\Windows\System32\USER32.dll
0x00007fffa71a0000 - 0x00007fffa71c2000 	C:\Windows\System32\win32u.dll
0x00007fffa86d0000 - 0x00007fffa86fb000 	C:\Windows\System32\GDI32.dll
0x00007fffa73a0000 - 0x00007fffa74b7000 	C:\Windows\System32\gdi32full.dll
0x00007fffa7570000 - 0x00007fffa760d000 	C:\Windows\System32\msvcp_win.dll
0x00007fff96a10000 - 0x00007fff96caa000 	C:\Windows\WinSxS\amd64_microsoft.windows.common-controls_6595b64144ccf1df_6.0.19041.4355_none_60b8b9eb71f62e16\COMCTL32.dll
0x00007fffa1e30000 - 0x00007fffa1e4b000 	C:\Program Files\Android\Android Studio\jbr\bin\VCRUNTIME140.dll
0x00007fffa83b0000 - 0x00007fffa844e000 	C:\Windows\System32\msvcrt.dll
0x00007fffa8700000 - 0x00007fffa8732000 	C:\Windows\System32\IMM32.DLL
0x00007fffa2310000 - 0x00007fffa231c000 	C:\Program Files\Android\Android Studio\jbr\bin\vcruntime140_1.dll
0x00007fff9dec0000 - 0x00007fff9df4d000 	C:\Program Files\Android\Android Studio\jbr\bin\msvcp140.dll
0x00007fff601e0000 - 0x00007fff60e63000 	C:\Program Files\Android\Android Studio\jbr\bin\server\jvm.dll
0x00007fffa8920000 - 0x00007fffa89d0000 	C:\Windows\System32\ADVAPI32.dll
0x00007fffa8880000 - 0x00007fffa8920000 	C:\Windows\System32\sechost.dll
0x00007fffa84d0000 - 0x00007fffa85f3000 	C:\Windows\System32\RPCRT4.dll
0x00007fffa76f0000 - 0x00007fffa7717000 	C:\Windows\System32\bcrypt.dll
0x00007fffa66d0000 - 0x00007fffa671b000 	C:\Windows\SYSTEM32\POWRPROF.dll
0x00007fffa3220000 - 0x00007fffa3229000 	C:\Windows\SYSTEM32\WSOCK32.dll
0x00007fffa8460000 - 0x00007fffa84cb000 	C:\Windows\System32\WS2_32.dll
0x00007fff917a0000 - 0x00007fff917c7000 	C:\Windows\SYSTEM32\WINMM.dll
0x00007fff98450000 - 0x00007fff9845a000 	C:\Windows\SYSTEM32\VERSION.dll
0x00007fffa6590000 - 0x00007fffa65a2000 	C:\Windows\SYSTEM32\UMPDC.dll
0x00007fffa5020000 - 0x00007fffa5032000 	C:\Windows\SYSTEM32\kernel.appcore.dll
0x00007fffa3210000 - 0x00007fffa321a000 	C:\Program Files\Android\Android Studio\jbr\bin\jimage.dll
0x00007fff92f80000 - 0x00007fff93164000 	C:\Windows\SYSTEM32\DBGHELP.DLL
0x00007fff92f20000 - 0x00007fff92f54000 	C:\Windows\SYSTEM32\dbgcore.DLL
0x00007fffa7610000 - 0x00007fffa7692000 	C:\Windows\System32\bcryptPrimitives.dll
0x00007fff96450000 - 0x00007fff9645e000 	C:\Program Files\Android\Android Studio\jbr\bin\instrument.dll
0x00007fff9f610000 - 0x00007fff9f635000 	C:\Program Files\Android\Android Studio\jbr\bin\java.dll
0x00007fff9edb0000 - 0x00007fff9edc8000 	C:\Program Files\Android\Android Studio\jbr\bin\zip.dll
0x00007fffa7c40000 - 0x00007fffa83ab000 	C:\Windows\System32\SHELL32.dll
0x00007fffa5220000 - 0x00007fffa59bd000 	C:\Windows\SYSTEM32\windows.storage.dll
0x00007fffa8c60000 - 0x00007fffa8fb3000 	C:\Windows\System32\combase.dll
0x00007fffa6bc0000 - 0x00007fffa6bee000 	C:\Windows\SYSTEM32\Wldp.dll
0x00007fffa8600000 - 0x00007fffa86cd000 	C:\Windows\System32\OLEAUT32.dll
0x00007fffa9710000 - 0x00007fffa97bd000 	C:\Windows\System32\SHCORE.dll
0x00007fffa8c00000 - 0x00007fffa8c55000 	C:\Windows\System32\shlwapi.dll
0x00007fffa70d0000 - 0x00007fffa70f4000 	C:\Windows\SYSTEM32\profapi.dll
0x00007fff9cb90000 - 0x00007fff9cba9000 	C:\Program Files\Android\Android Studio\jbr\bin\net.dll
0x00007fff9e940000 - 0x00007fff9ea4a000 	C:\Windows\SYSTEM32\WINHTTP.dll
0x00007fffa6920000 - 0x00007fffa698a000 	C:\Windows\system32\mswsock.dll
0x00007fff9cb00000 - 0x00007fff9cb16000 	C:\Program Files\Android\Android Studio\jbr\bin\nio.dll
0x00007fff9cb80000 - 0x00007fff9cb90000 	C:\Program Files\Android\Android Studio\jbr\bin\verify.dll
0x00007fff9e0a0000 - 0x00007fff9e0c7000 	C:\Users\chaerul\.gradle\native\c067742578af261105cb4f569cf0c3c89f3d7b1fecec35dd04571415982c5e48\windows-amd64\native-platform.dll
0x00007fff81b80000 - 0x00007fff81cc4000 	C:\Users\chaerul\.gradle\native\38dada09dfb8b06ba9b0570ebf7e218e3eb74d4ef43ca46872605cf95ebc2f47\windows-amd64\native-platform-file-events.dll
0x00007fff97890000 - 0x00007fff97899000 	C:\Program Files\Android\Android Studio\jbr\bin\management.dll
0x00007fff969c0000 - 0x00007fff969cb000 	C:\Program Files\Android\Android Studio\jbr\bin\management_ext.dll
0x00007fffa97c0000 - 0x00007fffa97c8000 	C:\Windows\System32\PSAPI.DLL
0x00007fffa6b10000 - 0x00007fffa6b28000 	C:\Windows\SYSTEM32\CRYPTSP.dll
0x00007fffa61d0000 - 0x00007fffa6204000 	C:\Windows\system32\rsaenh.dll
0x00007fffa7080000 - 0x00007fffa70ae000 	C:\Windows\SYSTEM32\USERENV.dll
0x00007fffa6b30000 - 0x00007fffa6b3c000 	C:\Windows\SYSTEM32\CRYPTBASE.dll
0x00007fffa65b0000 - 0x00007fffa65eb000 	C:\Windows\SYSTEM32\IPHLPAPI.DLL
0x00007fffa89d0000 - 0x00007fffa89d8000 	C:\Windows\System32\NSI.dll
0x00007fff9ed90000 - 0x00007fff9eda7000 	C:\Windows\SYSTEM32\dhcpcsvc6.DLL
0x00007fff9fe80000 - 0x00007fff9fe9d000 	C:\Windows\SYSTEM32\dhcpcsvc.DLL
0x00007fffa65f0000 - 0x00007fffa66bb000 	C:\Windows\SYSTEM32\DNSAPI.dll
0x00007fff9caf0000 - 0x00007fff9caf9000 	C:\Program Files\Android\Android Studio\jbr\bin\extnet.dll
0x00007fffa1510000 - 0x00007fffa1517000 	C:\Windows\system32\wshunix.dll

dbghelp: loaded successfully - version: 4.0.5 - missing functions: none
symbol engine: initialized successfully - sym options: 0x614 - pdb path: .;C:\Program Files\Android\Android Studio\jbr\bin;C:\Windows\SYSTEM32;C:\Windows\WinSxS\amd64_microsoft.windows.common-controls_6595b64144ccf1df_6.0.19041.4355_none_60b8b9eb71f62e16;C:\Program Files\Android\Android Studio\jbr\bin\server;C:\Users\chaerul\.gradle\native\c067742578af261105cb4f569cf0c3c89f3d7b1fecec35dd04571415982c5e48\windows-amd64;C:\Users\chaerul\.gradle\native\38dada09dfb8b06ba9b0570ebf7e218e3eb74d4ef43ca46872605cf95ebc2f47\windows-amd64

VM Arguments:
jvm_args: -XX:MaxMetaspaceSize=512m --add-opens=java.base/java.util=ALL-UNNAMED --add-opens=java.base/java.lang=ALL-UNNAMED --add-opens=java.base/java.lang.invoke=ALL-UNNAMED --add-opens=java.prefs/java.util.prefs=ALL-UNNAMED --add-opens=java.base/java.nio.charset=ALL-UNNAMED --add-opens=java.base/java.net=ALL-UNNAMED --add-opens=java.base/java.util.concurrent.atomic=ALL-UNNAMED -Xmx4g -Dfile.encoding=windows-1252 -Duser.country=ID -Duser.language=en -Duser.variant -javaagent:C:\Users\chaerul\.gradle\wrapper\dists\gradle-8.6-bin\afr5mpiioh2wthjmwnkmdsd5w\gradle-8.6\lib\agents\gradle-instrumentation-agent-8.6.jar 
java_command: org.gradle.launcher.daemon.bootstrap.GradleDaemon 8.6
java_class_path (initial): C:\Users\chaerul\.gradle\wrapper\dists\gradle-8.6-bin\afr5mpiioh2wthjmwnkmdsd5w\gradle-8.6\lib\gradle-launcher-8.6.jar
Launcher Type: SUN_STANDARD

[Global flags]
     intx CICompilerCount                          = 2                                         {product} {ergonomic}
   size_t CompressedClassSpaceSize                 = 436207616                                 {product} {ergonomic}
     uint ConcGCThreads                            = 1                                         {product} {ergonomic}
     uint G1ConcRefinementThreads                  = 2                                         {product} {ergonomic}
   size_t G1HeapRegionSize                         = 2097152                                   {product} {ergonomic}
    uintx GCDrainStackTargetSize                   = 64                                        {product} {ergonomic}
   size_t InitialHeapSize                          = 67108864                                  {product} {ergonomic}
   size_t MarkStackSize                            = 4194304                                   {product} {ergonomic}
   size_t MaxHeapSize                              = 4294967296                                {product} {command line}
   size_t MaxMetaspaceSize                         = 536870912                                 {product} {command line}
   size_t MaxNewSize                               = 2575302656                                {product} {ergonomic}
   size_t MinHeapDeltaBytes                        = 2097152                                   {product} {ergonomic}
   size_t MinHeapSize                              = 8388608                                   {product} {ergonomic}
    uintx NonNMethodCodeHeapSize                   = 5826188                                {pd product} {ergonomic}
    uintx NonProfiledCodeHeapSize                  = 122916026                              {pd product} {ergonomic}
    uintx ProfiledCodeHeapSize                     = 122916026                              {pd product} {ergonomic}
    uintx ReservedCodeCacheSize                    = 251658240                              {pd product} {ergonomic}
     bool SegmentedCodeCache                       = true                                      {product} {ergonomic}
   size_t SoftMaxHeapSize                          = 4294967296                             {manageable} {ergonomic}
     bool UseCompressedClassPointers               = true                           {product lp64_product} {ergonomic}
     bool UseCompressedOops                        = true                           {product lp64_product} {ergonomic}
     bool UseG1GC                                  = true                                      {product} {ergonomic}
     bool UseLargePagesIndividualAllocation        = false                                  {pd product} {ergonomic}

Logging:
Log output configuration:
 #0: stdout all=warning uptime,level,tags
 #1: stderr all=off uptime,level,tags

Environment Variables:
PATH=C:\Program Files (x86)\Common Files\Intel\Shared Libraries\redist\intel64\compiler;C:\Python311\Scripts\;C:\Python311\;C:\Program Files\Common Files\Oracle\Java\javapath;C:\Windows\system32;C:\Windows;C:\Windows\System32\Wbem;C:\Windows\System32\WindowsPowerShell\v1.0\;C:\Windows\System32\OpenSSH\;C:\Program Files\nodejs\;C:\ProgramData\chocolatey\bin;C:\Program Files\PowerShell\7\;C:\Users\chaerul\xampp\php;C:\ProgramData\ComposerSetup\bin;C:\Program Files\Git\cmd;C:\Program Files\Go\bin;C:\Users\chaerul\AppData\Local\Microsoft\WindowsApps;C:\Users\chaerul\AppData\Local\Programs\Microsoft VS Code\bin;C:\Users\chaerul\AppData\Roaming\npm;C:\Users\chaerul\AppData\Roaming\Composer\vendor\bin;C:\dart-sdk\bin;C:\src\flutter\bin;C:\Users\chaerul\go\bin;C:\xampp\php;
USERNAME=chaerul
OS=Windows_NT
PROCESSOR_IDENTIFIER=Intel64 Family 6 Model 23 Stepping 6, GenuineIntel
TMP=C:\Users\chaerul\AppData\Local\Temp
TEMP=C:\Users\chaerul\AppData\Local\Temp



Periodic native trim disabled

JNI global refs:
JNI global refs: 23, weak refs: 0

JNI global refs memory usage: 843, weak refs: 209

OOME stack traces (most recent first):
Classloader memory used:
Loader org.gradle.internal.classloader.VisitableURLClassLoader                         : 2969K
Loader bootstrap                                                                       : 2387K
Loader org.gradle.initialization.MixInLegacyTypesClassLoader                           : 718K
Loader jdk.internal.loader.ClassLoaders$PlatformClassLoader                            : 66543B
Loader org.gradle.internal.classloader.VisitableURLClassLoader                         : 57098B
Loader jdk.internal.loader.ClassLoaders$AppClassLoader                                 : 28733B
Loader jdk.internal.reflect.DelegatingClassLoader                                      : 25848B
Loader org.gradle.groovy.scripts.internal.DefaultScriptCompilationHandler$ScriptClassLoader: 11075B
Loader org.codehaus.groovy.runtime.callsite.CallSiteClassLoader                        : 5059B
Loader org.gradle.internal.classloader.VisitableURLClassLoader$InstrumentingVisitableURLClassLoader: 4090B

Classes loaded by more than one classloader:
Class org.gradle.api.GradleException                                                  : loaded 3 times (x 80B)
Class org.gradle.util.GradleVersion                                                   : loaded 2 times (x 81B)
Class org.gradle.internal.classpath.ClassPath                                         : loaded 2 times (x 68B)
Class org.gradle.api.internal.classpath.DefaultModuleRegistry                         : loaded 2 times (x 84B)
Class org.gradle.internal.exceptions.NonGradleCauseExceptionsHolder                   : loaded 2 times (x 68B)
Class org.gradle.api.Action                                                           : loaded 2 times (x 68B)
Class ijInit1_cvjkftrgge1nkzpbihrg9xvz9                                               : loaded 2 times (x 177B)
Class org.gradle.api.internal.DefaultClassPathProvider                                : loaded 2 times (x 74B)
Class org.gradle.internal.installation.GradleInstallation$1                           : loaded 2 times (x 73B)
Class org.gradle.internal.exceptions.DefaultMultiCauseException                       : loaded 2 times (x 89B)
Class org.gradle.internal.time.MonotonicClock                                         : loaded 2 times (x 75B)
Class org.gradle.internal.classloader.FilteringClassLoader                            : loaded 2 times (x 103B)
Class org.gradle.internal.classpath.DefaultClassPath$ImmutableUniqueList$Builder      : loaded 2 times (x 73B)
Class org.gradle.internal.classloader.ClassLoaderVisitor                              : loaded 2 times (x 74B)
Class org.gradle.internal.time.DefaultCountdownTimer                                  : loaded 2 times (x 86B)
Class org.gradle.internal.service.DefaultServiceLocator                               : loaded 2 times (x 81B)
Class org.gradle.internal.service.UnknownServiceException                             : loaded 2 times (x 81B)
Class org.gradle.internal.classloader.DefaultClassLoaderFactory                       : loaded 2 times (x 80B)
Class org.gradle.internal.classloader.VisitableURLClassLoader$Spec                    : loaded 2 times (x 72B)
Class org.gradle.tooling.model.ProjectModel                                           : loaded 2 times (x 68B)
Class org.gradle.internal.installation.GradleInstallation                             : loaded 2 times (x 73B)
Class org.gradle.api.internal.classpath.ModuleRegistry                                : loaded 2 times (x 68B)
Class org.gradle.api.internal.ClassPathProvider                                       : loaded 2 times (x 68B)
Class org.gradle.internal.classloader.ClasspathUtil$1                                 : loaded 2 times (x 74B)
Class org.gradle.internal.classloader.ClassLoaderFactory                              : loaded 2 times (x 68B)
Class org.gradle.api.internal.classpath.ManifestUtil                                  : loaded 2 times (x 69B)
Class org.gradle.api.specs.Spec                                                       : loaded 2 times (x 68B)
Class org.gradle.internal.IoActions                                                   : loaded 2 times (x 69B)
Class org.gradle.api.internal.classpath.EffectiveClassPath                            : loaded 2 times (x 88B)
Class org.gradle.internal.installation.CurrentGradleInstallation                      : loaded 2 times (x 71B)
Class org.gradle.internal.agents.InstrumentingClassLoader                             : loaded 2 times (x 68B)
Class org.gradle.internal.installation.CurrentGradleInstallationLocator               : loaded 2 times (x 69B)
Class org.gradle.api.internal.classpath.Module                                        : loaded 2 times (x 68B)
Class org.gradle.internal.service.CachingServiceLocator                               : loaded 2 times (x 80B)
Class org.gradle.internal.time.Timer                                                  : loaded 2 times (x 68B)
Class org.gradle.internal.classpath.DefaultClassPath                                  : loaded 2 times (x 88B)
Class org.gradle.internal.time.Time                                                   : loaded 2 times (x 69B)
Class org.gradle.internal.time.TimeSource$1                                           : loaded 2 times (x 75B)
Class org.gradle.internal.classloader.SystemClassLoaderSpec                           : loaded 2 times (x 69B)
Class kotlin.Function                                                                 : loaded 2 times (x 68B)
Class org.gradle.api.UncheckedIOException                                             : loaded 2 times (x 80B)
Class org.gradle.internal.time.CountdownTimer                                         : loaded 2 times (x 68B)
Class org.gradle.internal.time.Clock                                                  : loaded 2 times (x 68B)
Class org.gradle.internal.classloader.ClasspathUtil                                   : loaded 2 times (x 69B)
Class org.gradle.api.internal.DefaultClassPathRegistry                                : loaded 2 times (x 74B)
Class org.gradle.api.internal.classpath.DefaultModuleRegistry$DefaultModule           : loaded 2 times (x 84B)
Class org.gradle.internal.time.TimeSource                                             : loaded 2 times (x 68B)
Class org.gradle.api.internal.classpath.UnknownModuleException                        : loaded 2 times (x 80B)
Class org.gradle.internal.service.ServiceLookupException                              : loaded 2 times (x 80B)
Class org.gradle.cache.GlobalCache                                                    : loaded 2 times (x 68B)
Class [Lorg.gradle.api.internal.ClassPathProvider;                                    : loaded 2 times (x 67B)
Class org.gradle.internal.operations.MultipleBuildOperationFailures                   : loaded 2 times (x 89B)
Class org.gradle.util.internal.GUtil                                                  : loaded 2 times (x 69B)
Class org.gradle.internal.classloader.ClassLoaderSpec                                 : loaded 2 times (x 69B)
Class org.gradle.internal.classloader.VisitableURLClassLoader                         : loaded 2 times (x 115B)
Class org.gradle.internal.Cast                                                        : loaded 2 times (x 69B)
Class org.gradle.api.internal.ClassPathRegistry                                       : loaded 2 times (x 68B)
Class org.gradle.internal.classloader.VisitableURLClassLoader$InstrumentingVisitableURLClassLoader: loaded 2 times (x 121B)
Class org.gradle.internal.classloader.ClassLoaderHierarchy                            : loaded 2 times (x 68B)
Class org.gradle.internal.exceptions.MultiCauseException                              : loaded 2 times (x 68B)
Class org.gradle.internal.InternalTransformer                                         : loaded 2 times (x 68B)
Class org.gradle.internal.service.ServiceLocator                                      : loaded 2 times (x 68B)
Class org.gradle.internal.classpath.DefaultClassPath$ImmutableUniqueList              : loaded 2 times (x 159B)
Class org.gradle.internal.time.DefaultTimer                                           : loaded 2 times (x 78B)
Class org.gradle.internal.classpath.TransformedClassPath                              : loaded 2 times (x 94B)
Class sync_studio_tooling1_915m3uxdo1wgidnenc74vuztu                                  : loaded 2 times (x 177B)
Class sync_studio_tooling1_915m3uxdo1wgidnenc74vuztu$_run_closure1                    : loaded 2 times (x 137B)


---------------  S Y S T E M  ---------------

OS:
 Windows 10 , 64 bit Build 19041 (10.0.19041.3636)
OS uptime: 16 days 2:03 hours

CPU: total 2 (initial active 2) (2 cores per cpu, 1 threads per core) family 6 model 23 stepping 6 microcode 0x610, cx8, cmov, fxsr, mmx, sse, sse2, sse3, ssse3, sse4.1, tsc, clflush
Processor Information for all 2 processors :
  Max Mhz: 2267, Current Mhz: 2267, Mhz Limit: 2267

Memory: 4k page, system-wide physical 3990M (47M free)
TotalPageFile size 16278M (AvailPageFile size 19M)
current process WorkingSet (physical memory assigned to process): 234M, peak: 238M
current process commit charge ("private bytes"): 266M, peak: 287M

vm_info: OpenJDK 64-Bit Server VM (17.0.10+0--11572160) for windows-amd64 JRE (17.0.10+0--11572160), built on Mar 13 2024 23:56:38 by "androidbuild" with MS VC++ 16.10 / 16.11 (VS2019)

END.
