#
# There is insufficient memory for the Java Runtime Environment to continue.
# Native memory allocation (malloc) failed to allocate 1627696 bytes for Chunk::new
# Possible reasons:
#   The system is out of physical RAM or swap space
#   The process is running with CompressedOops enabled, and the Java Heap may be blocking the growth of the native heap
# Possible solutions:
#   Reduce memory load on the system
#   Increase physical memory or swap space
#   Check if swap backing store is full
#   Decrease Java heap size (-Xmx/-Xms)
#   Decrease number of Java threads
#   Decrease Java thread stack sizes (-Xss)
#   Set larger code cache with -XX:ReservedCodeCacheSize=
#   JVM is running with Zero Based Compressed Oops mode in which the Java heap is
#     placed in the first 32GB address space. The Java Heap base address is the
#     maximum limit for the native heap growth. Please use -XX:HeapBaseMinAddress
#     to set the Java Heap base and to place the Java Heap above 32GB virtual address.
# This output file may be truncated or incomplete.
#
#  Out of Memory Error (arena.cpp:191), pid=13356, tid=4608
#
# JRE version: OpenJDK Runtime Environment (17.0.10) (build 17.0.10+0--11572160)
# Java VM: OpenJDK 64-Bit Server VM (17.0.10+0--11572160, mixed mode, tiered, compressed oops, compressed class ptrs, g1 gc, windows-amd64)
# No core dump will be written. Minidumps are not enabled by default on client versions of Windows
#

---------------  S U M M A R Y ------------

Command Line: -XX:MaxMetaspaceSize=512m --add-opens=java.base/java.util=ALL-UNNAMED --add-opens=java.base/java.lang=ALL-UNNAMED --add-opens=java.base/java.lang.invoke=ALL-UNNAMED --add-opens=java.prefs/java.util.prefs=ALL-UNNAMED --add-opens=java.base/java.nio.charset=ALL-UNNAMED --add-opens=java.base/java.net=ALL-UNNAMED --add-opens=java.base/java.util.concurrent.atomic=ALL-UNNAMED -Xmx4g -Dfile.encoding=windows-1252 -Duser.country=ID -Duser.language=en -Duser.variant -javaagent:C:\Users\chaerul\.gradle\wrapper\dists\gradle-8.6-bin\afr5mpiioh2wthjmwnkmdsd5w\gradle-8.6\lib\agents\gradle-instrumentation-agent-8.6.jar org.gradle.launcher.daemon.bootstrap.GradleDaemon 8.6

Host: Intel(R) Core(TM)2 Duo CPU     P8400  @ 2.26GHz, 2 cores, 3G,  Windows 10 , 64 bit Build 19041 (10.0.19041.3636)
Time: Wed Jun 12 00:38:36 2024 SE Asia Standard Time elapsed time: 30.187450 seconds (0d 0h 0m 30s)

---------------  T H R E A D  ---------------

Current thread (0x000001f55a040dd0):  JavaThread "C2 CompilerThread0" daemon [_thread_in_native, id=4608, stack(0x000000943fb00000,0x000000943fc00000)]


Current CompileTask:
C2:  30187 4253       4       jdk.internal.loader.BuiltinClassLoader::loadClass (22 bytes)

Stack: [0x000000943fb00000,0x000000943fc00000]
Native frames: (J=compiled Java code, j=interpreted, Vv=VM code, C=native code)
V  [jvm.dll+0x688e89]
V  [jvm.dll+0x84247a]
V  [jvm.dll+0x8440be]
V  [jvm.dll+0x844723]
V  [jvm.dll+0x24be0f]
V  [jvm.dll+0xac524]
V  [jvm.dll+0xacb6c]
V  [jvm.dll+0x36bd12]
V  [jvm.dll+0x33615a]
V  [jvm.dll+0x3355fa]
V  [jvm.dll+0x21daa1]
V  [jvm.dll+0x21cec1]
V  [jvm.dll+0x1a60ad]
V  [jvm.dll+0x22cd78]
V  [jvm.dll+0x22aeb0]
V  [jvm.dll+0x7f6917]
V  [jvm.dll+0x7f0d1a]
V  [jvm.dll+0x687d05]
C  [ucrtbase.dll+0x21bb2]
C  [KERNEL32.DLL+0x17344]
C  [ntdll.dll+0x526b1]


---------------  P R O C E S S  ---------------

Threads class SMR info:
_java_thread_list=0x000001f55bb77d40, length=34, elements={
0x000001f537e8e950, 0x000001f555d07ea0, 0x000001f555d09650, 0x000001f55a03c550,
0x000001f55a03d020, 0x000001f55a03f900, 0x000001f55a0401d0, 0x000001f55a040dd0,
0x000001f555d67850, 0x000001f55a029f30, 0x000001f537f4d900, 0x000001f55a21cde0,
0x000001f55c172520, 0x000001f55a6ad400, 0x000001f55ba01370, 0x000001f55a5d5c40,
0x000001f55a5d64f0, 0x000001f55ba09a10, 0x000001f55ba0ae50, 0x000001f55ba0b870,
0x000001f55ba0b360, 0x000001f55ba09f20, 0x000001f55ba0c7a0, 0x000001f55ba0c290,
0x000001f55ba0ccb0, 0x000001f55ba0d1c0, 0x000001f55ba0a430, 0x000001f55ba0a940,
0x000001f55c516140, 0x000001f55c5133b0, 0x000001f55c510620, 0x000001f55c510b30,
0x000001f55c514d00, 0x000001f55c511040
}

Java Threads: ( => current thread )
  0x000001f537e8e950 JavaThread "main" [_thread_blocked, id=3420, stack(0x000000943ee00000,0x000000943ef00000)]
  0x000001f555d07ea0 JavaThread "Reference Handler" daemon [_thread_blocked, id=10992, stack(0x000000943f500000,0x000000943f600000)]
  0x000001f555d09650 JavaThread "Finalizer" daemon [_thread_blocked, id=5544, stack(0x000000943f600000,0x000000943f700000)]
  0x000001f55a03c550 JavaThread "Signal Dispatcher" daemon [_thread_blocked, id=4744, stack(0x000000943f700000,0x000000943f800000)]
  0x000001f55a03d020 JavaThread "Attach Listener" daemon [_thread_blocked, id=12704, stack(0x000000943f800000,0x000000943f900000)]
  0x000001f55a03f900 JavaThread "Service Thread" daemon [_thread_blocked, id=784, stack(0x000000943f900000,0x000000943fa00000)]
  0x000001f55a0401d0 JavaThread "Monitor Deflation Thread" daemon [_thread_blocked, id=2868, stack(0x000000943fa00000,0x000000943fb00000)]
=>0x000001f55a040dd0 JavaThread "C2 CompilerThread0" daemon [_thread_in_native, id=4608, stack(0x000000943fb00000,0x000000943fc00000)]
  0x000001f555d67850 JavaThread "C1 CompilerThread0" daemon [_thread_blocked, id=2248, stack(0x000000943fc00000,0x000000943fd00000)]
  0x000001f55a029f30 JavaThread "Sweeper thread" daemon [_thread_blocked, id=12396, stack(0x000000943fd00000,0x000000943fe00000)]
  0x000001f537f4d900 JavaThread "Common-Cleaner" daemon [_thread_blocked, id=12504, stack(0x000000943fe00000,0x000000943ff00000)]
  0x000001f55a21cde0 JavaThread "Notification Thread" daemon [_thread_blocked, id=14308, stack(0x000000943ff00000,0x0000009440000000)]
  0x000001f55c172520 JavaThread "Daemon health stats" [_thread_blocked, id=13124, stack(0x0000009440200000,0x0000009440300000)]
  0x000001f55a6ad400 JavaThread "Incoming local TCP Connector on port 63132" [_thread_in_native, id=11300, stack(0x0000009440300000,0x0000009440400000)]
  0x000001f55ba01370 JavaThread "Daemon periodic checks" [_thread_blocked, id=9820, stack(0x0000009440400000,0x0000009440500000)]
  0x000001f55a5d5c40 JavaThread "Daemon" [_thread_blocked, id=11752, stack(0x0000009440500000,0x0000009440600000)]
  0x000001f55a5d64f0 JavaThread "Handler for socket connection from /127.0.0.1:63132 to /127.0.0.1:63133" [_thread_in_native, id=8244, stack(0x0000009440600000,0x0000009440700000)]
  0x000001f55ba09a10 JavaThread "Cancel handler" [_thread_blocked, id=1388, stack(0x0000009440700000,0x0000009440800000)]
  0x000001f55ba0ae50 JavaThread "Daemon worker" [_thread_in_vm, id=7192, stack(0x0000009440800000,0x0000009440900000)]
  0x000001f55ba0b870 JavaThread "Asynchronous log dispatcher for DefaultDaemonConnection: socket connection from /127.0.0.1:63132 to /127.0.0.1:63133" [_thread_blocked, id=10628, stack(0x0000009440900000,0x0000009440a00000)]
  0x000001f55ba0b360 JavaThread "Stdin handler" [_thread_blocked, id=14212, stack(0x0000009440a00000,0x0000009440b00000)]
  0x000001f55ba09f20 JavaThread "Daemon client event forwarder" [_thread_blocked, id=7596, stack(0x0000009440b00000,0x0000009440c00000)]
  0x000001f55ba0c7a0 JavaThread "Cache worker for journal cache (C:\Users\chaerul\.gradle\caches\journal-1)" [_thread_blocked, id=13004, stack(0x0000009440c00000,0x0000009440d00000)]
  0x000001f55ba0c290 JavaThread "File lock request listener" [_thread_in_native, id=10172, stack(0x0000009440d00000,0x0000009440e00000)]
  0x000001f55ba0ccb0 JavaThread "Cache worker for file hash cache (C:\Users\chaerul\.gradle\caches\8.6\fileHashes)" [_thread_blocked, id=5720, stack(0x0000009440e00000,0x0000009440f00000)]
  0x000001f55ba0d1c0 JavaThread "File watcher server" daemon [_thread_in_native, id=9276, stack(0x0000009440f00000,0x0000009441000000)]
  0x000001f55ba0a430 JavaThread "File watcher consumer" daemon [_thread_blocked, id=6292, stack(0x0000009441000000,0x0000009441100000)]
  0x000001f55ba0a940 JavaThread "jar transforms" [_thread_blocked, id=4144, stack(0x0000009441100000,0x0000009441200000)]
  0x000001f55c516140 JavaThread "jar transforms Thread 2" [_thread_blocked, id=7536, stack(0x0000009441200000,0x0000009441300000)]
  0x000001f55c5133b0 JavaThread "Cache worker for checksums cache (C:\Users\chaerul\Desktop\projek apk\laundryku\.gradle\8.6\checksums)" [_thread_blocked, id=10260, stack(0x0000009441300000,0x0000009441400000)]
  0x000001f55c510620 JavaThread "Cache worker for file hash cache (C:\Users\chaerul\Desktop\projek apk\laundryku\.gradle\8.6\fileHashes)" [_thread_blocked, id=10472, stack(0x0000009441400000,0x0000009441500000)]
  0x000001f55c510b30 JavaThread "Cache worker for cache directory md-supplier (C:\Users\chaerul\.gradle\caches\8.6\md-supplier)" [_thread_blocked, id=4600, stack(0x0000009441500000,0x0000009441600000)]
  0x000001f55c514d00 JavaThread "Cache worker for cache directory md-rule (C:\Users\chaerul\.gradle\caches\8.6\md-rule)" [_thread_blocked, id=9184, stack(0x0000009441600000,0x0000009441700000)]
  0x000001f55c511040 JavaThread "Cache worker for file content cache (C:\Users\chaerul\.gradle\caches\8.6\fileContent)" [_thread_blocked, id=5752, stack(0x0000009441700000,0x0000009441800000)]

Other Threads:
  0x000001f555d379a0 VMThread "VM Thread" [stack: 0x000000943f400000,0x000000943f500000] [id=3568]
  0x000001f537e8f820 WatcherThread [stack: 0x0000009440000000,0x0000009440100000] [id=11520]
  0x000001f537ef9fc0 GCTaskThread "GC Thread#0" [stack: 0x000000943ef00000,0x000000943f000000] [id=14800]
  0x000001f55a312640 GCTaskThread "GC Thread#1" [stack: 0x0000009440100000,0x0000009440200000] [id=13112]
  0x000001f537f0ae20 ConcurrentGCThread "G1 Main Marker" [stack: 0x000000943f000000,0x000000943f100000] [id=3904]
  0x000001f537f0b750 ConcurrentGCThread "G1 Conc#0" [stack: 0x000000943f100000,0x000000943f200000] [id=13932]
  0x000001f537f3a410 ConcurrentGCThread "G1 Refine#0" [stack: 0x000000943f200000,0x000000943f300000] [id=12540]
  0x000001f555b910a0 ConcurrentGCThread "G1 Service" [stack: 0x000000943f300000,0x000000943f400000] [id=2128]

Threads with active compile tasks:
C2 CompilerThread0    30416 4253       4       jdk.internal.loader.BuiltinClassLoader::loadClass (22 bytes)

VM state: not at safepoint (normal execution)

VM Mutex/Monitor currently owned by a thread: None

Heap address: 0x0000000700000000, size: 4096 MB, Compressed Oops mode: Zero based, Oop shift amount: 3

CDS archive(s) not mapped
Compressed class space mapped at: 0x0000000800000000-0x000000081a000000, reserved size: 436207616
Narrow klass base: 0x0000000800000000, Narrow klass shift: 0, Narrow klass range: 0x1a000000

GC Precious Log:
 CPUs: 2 total, 2 available
 Memory: 3990M
 Large Page Support: Disabled
 NUMA Support: Disabled
 Compressed Oops: Enabled (Zero based)
 Heap Region Size: 2M
 Heap Min Capacity: 8M
 Heap Initial Capacity: 64M
 Heap Max Capacity: 4G
 Pre-touch: Disabled
 Parallel Workers: 2
 Concurrent Workers: 1
 Concurrent Refinement Workers: 2
 Periodic GC: Disabled

Heap:
 garbage-first heap   total 96256K, used 55302K [0x0000000700000000, 0x0000000800000000)
  region size 2048K, 5 young (10240K), 1 survivors (2048K)
 Metaspace       used 48303K, committed 48768K, reserved 491520K
  class space    used 6455K, committed 6656K, reserved 425984K

Heap Regions: E=young(eden), S=young(survivor), O=old, HS=humongous(starts), HC=humongous(continues), CS=collection set, F=free, OA=open archive, CA=closed archive, TAMS=top-at-mark-start (previous, next)
|   0|0x0000000700000000, 0x0000000700200000, 0x0000000700200000|100%| O|  |TAMS 0x0000000700200000, 0x0000000700000000| Untracked 
|   1|0x0000000700200000, 0x0000000700400000, 0x0000000700400000|100%|HS|  |TAMS 0x0000000700400000, 0x0000000700200000| Complete 
|   2|0x0000000700400000, 0x0000000700600000, 0x0000000700600000|100%|HC|  |TAMS 0x0000000700600000, 0x0000000700400000| Complete 
|   3|0x0000000700600000, 0x0000000700800000, 0x0000000700800000|100%| O|  |TAMS 0x0000000700800000, 0x0000000700600000| Untracked 
|   4|0x0000000700800000, 0x0000000700a00000, 0x0000000700a00000|100%| O|  |TAMS 0x0000000700a00000, 0x0000000700800000| Untracked 
|   5|0x0000000700a00000, 0x0000000700c00000, 0x0000000700c00000|100%| O|  |TAMS 0x0000000700c00000, 0x0000000700a00000| Untracked 
|   6|0x0000000700c00000, 0x0000000700e00000, 0x0000000700e00000|100%| O|  |TAMS 0x0000000700e00000, 0x0000000700c00000| Untracked 
|   7|0x0000000700e00000, 0x0000000701000000, 0x0000000701000000|100%| O|  |TAMS 0x0000000701000000, 0x0000000700e00000| Untracked 
|   8|0x0000000701000000, 0x0000000701200000, 0x0000000701200000|100%| O|  |TAMS 0x0000000701200000, 0x0000000701000000| Untracked 
|   9|0x0000000701200000, 0x0000000701400000, 0x0000000701400000|100%| O|  |TAMS 0x0000000701400000, 0x0000000701200000| Untracked 
|  10|0x0000000701400000, 0x0000000701600000, 0x0000000701600000|100%|HS|  |TAMS 0x0000000701600000, 0x0000000701400000| Complete 
|  11|0x0000000701600000, 0x0000000701800000, 0x0000000701800000|100%|HS|  |TAMS 0x0000000701800000, 0x0000000701600000| Complete 
|  12|0x0000000701800000, 0x0000000701a00000, 0x0000000701a00000|100%|HC|  |TAMS 0x0000000701a00000, 0x0000000701800000| Complete 
|  13|0x0000000701a00000, 0x0000000701c00000, 0x0000000701c00000|100%|HS|  |TAMS 0x0000000701c00000, 0x0000000701a00000| Complete 
|  14|0x0000000701c00000, 0x0000000701e00000, 0x0000000701e00000|100%|HC|  |TAMS 0x0000000701e00000, 0x0000000701c00000| Complete 
|  15|0x0000000701e00000, 0x0000000702000000, 0x0000000702000000|100%| O|  |TAMS 0x0000000702000000, 0x0000000701e00000| Untracked 
|  16|0x0000000702000000, 0x0000000702200000, 0x0000000702200000|100%| O|  |TAMS 0x0000000702200000, 0x0000000702000000| Untracked 
|  17|0x0000000702200000, 0x0000000702400000, 0x0000000702400000|100%|HS|  |TAMS 0x0000000702400000, 0x0000000702200000| Complete 
|  18|0x0000000702400000, 0x0000000702600000, 0x0000000702600000|100%|HC|  |TAMS 0x0000000702600000, 0x0000000702400000| Complete 
|  19|0x0000000702600000, 0x0000000702800000, 0x0000000702800000|100%| O|  |TAMS 0x0000000702800000, 0x0000000702600000| Untracked 
|  20|0x0000000702800000, 0x0000000702800000, 0x0000000702a00000|  0%| F|  |TAMS 0x0000000702800000, 0x0000000702800000| Untracked 
|  21|0x0000000702a00000, 0x0000000702c00000, 0x0000000702c00000|100%| O|  |TAMS 0x0000000702c00000, 0x0000000702a00000| Untracked 
|  22|0x0000000702c00000, 0x0000000702e00000, 0x0000000702e00000|100%| O|  |TAMS 0x0000000702e00000, 0x0000000702c00000| Untracked 
|  23|0x0000000702e00000, 0x0000000703000000, 0x0000000703000000|100%| O|  |TAMS 0x0000000702e04000, 0x0000000702e00000| Untracked 
|  24|0x0000000703000000, 0x0000000703000000, 0x0000000703200000|  0%| F|  |TAMS 0x0000000703000000, 0x0000000703000000| Untracked 
|  25|0x0000000703200000, 0x000000070325ec00, 0x0000000703400000| 18%| O|  |TAMS 0x0000000703200000, 0x0000000703200000| Untracked 
|  26|0x0000000703400000, 0x0000000703400000, 0x0000000703600000|  0%| F|  |TAMS 0x0000000703400000, 0x0000000703400000| Untracked 
|  27|0x0000000703600000, 0x0000000703600000, 0x0000000703800000|  0%| F|  |TAMS 0x0000000703600000, 0x0000000703600000| Untracked 
|  28|0x0000000703800000, 0x0000000703800000, 0x0000000703a00000|  0%| F|  |TAMS 0x0000000703800000, 0x0000000703800000| Untracked 
|  29|0x0000000703a00000, 0x0000000703a00000, 0x0000000703c00000|  0%| F|  |TAMS 0x0000000703a00000, 0x0000000703a00000| Untracked 
|  30|0x0000000703c00000, 0x0000000703c00000, 0x0000000703e00000|  0%| F|  |TAMS 0x0000000703c00000, 0x0000000703c00000| Untracked 
|  31|0x0000000703e00000, 0x0000000703e00000, 0x0000000704000000|  0%| F|  |TAMS 0x0000000703e00000, 0x0000000703e00000| Untracked 
|  32|0x0000000704000000, 0x0000000704000000, 0x0000000704200000|  0%| F|  |TAMS 0x0000000704000000, 0x0000000704000000| Untracked 
|  33|0x0000000704200000, 0x0000000704200000, 0x0000000704400000|  0%| F|  |TAMS 0x0000000704200000, 0x0000000704200000| Untracked 
|  34|0x0000000704400000, 0x00000007045a2fd0, 0x0000000704600000| 81%| S|CS|TAMS 0x0000000704400000, 0x0000000704400000| Complete 
|  35|0x0000000704600000, 0x0000000704600000, 0x0000000704800000|  0%| F|  |TAMS 0x0000000704600000, 0x0000000704600000| Untracked 
|  36|0x0000000704800000, 0x0000000704800000, 0x0000000704a00000|  0%| F|  |TAMS 0x0000000704800000, 0x0000000704800000| Untracked 
|  37|0x0000000704a00000, 0x0000000704a00000, 0x0000000704c00000|  0%| F|  |TAMS 0x0000000704a00000, 0x0000000704a00000| Untracked 
|  38|0x0000000704c00000, 0x0000000704c00000, 0x0000000704e00000|  0%| F|  |TAMS 0x0000000704c00000, 0x0000000704c00000| Untracked 
|  39|0x0000000704e00000, 0x0000000704e00000, 0x0000000705000000|  0%| F|  |TAMS 0x0000000704e00000, 0x0000000704e00000| Untracked 
|  40|0x0000000705000000, 0x0000000705000000, 0x0000000705200000|  0%| F|  |TAMS 0x0000000705000000, 0x0000000705000000| Untracked 
|  41|0x0000000705200000, 0x0000000705200000, 0x0000000705400000|  0%| F|  |TAMS 0x0000000705200000, 0x0000000705200000| Untracked 
|  42|0x0000000705400000, 0x0000000705400000, 0x0000000705600000|  0%| F|  |TAMS 0x0000000705400000, 0x0000000705400000| Untracked 
|  43|0x0000000705600000, 0x00000007056f3a90, 0x0000000705800000| 47%| E|  |TAMS 0x0000000705600000, 0x0000000705600000| Complete 
|  44|0x0000000705800000, 0x0000000705a00000, 0x0000000705a00000|100%| E|CS|TAMS 0x0000000705800000, 0x0000000705800000| Complete 
|  45|0x0000000705a00000, 0x0000000705c00000, 0x0000000705c00000|100%| E|CS|TAMS 0x0000000705a00000, 0x0000000705a00000| Complete 
|  46|0x0000000705c00000, 0x0000000705e00000, 0x0000000705e00000|100%| E|CS|TAMS 0x0000000705c00000, 0x0000000705c00000| Complete 

Card table byte_map: [0x000001f54ab70000,0x000001f54b370000] _byte_map_base: 0x000001f547370000

Marking Bits (Prev, Next): (CMBitMap*) 0x000001f537efa4f0, (CMBitMap*) 0x000001f537efa530
 Prev Bits: [0x000001f54bb70000, 0x000001f54fb70000)
 Next Bits: [0x000001f54fb70000, 0x000001f553b70000)

Polling page: 0x000001f537650000

Metaspace:

Usage:
  Non-class:     40.87 MB used.
      Class:      6.30 MB used.
       Both:     47.17 MB used.

Virtual space:
  Non-class space:       64.00 MB reserved,      41.12 MB ( 64%) committed,  1 nodes.
      Class space:      416.00 MB reserved,       6.50 MB (  2%) committed,  1 nodes.
             Both:      480.00 MB reserved,      47.62 MB ( 10%) committed. 

Chunk freelists:
   Non-Class:  6.48 MB
       Class:  9.48 MB
        Both:  15.96 MB

MaxMetaspaceSize: 512.00 MB
CompressedClassSpaceSize: 416.00 MB
Initial GC threshold: 21.00 MB
Current GC threshold: 74.00 MB
CDS: off
MetaspaceReclaimPolicy: balanced
 - commit_granule_bytes: 65536.
 - commit_granule_words: 8192.
 - virtual_space_node_default_size: 8388608.
 - enlarge_chunks_in_place: 1.
 - new_chunks_are_fully_committed: 0.
 - uncommit_free_chunks: 1.
 - use_allocation_guard: 0.
 - handle_deallocations: 1.


Internal statistics:

num_allocs_failed_limit: 3.
num_arena_births: 456.
num_arena_deaths: 0.
num_vsnodes_births: 2.
num_vsnodes_deaths: 0.
num_space_committed: 762.
num_space_uncommitted: 0.
num_chunks_returned_to_freelist: 3.
num_chunks_taken_from_freelist: 1972.
num_chunk_merges: 0.
num_chunk_splits: 1265.
num_chunks_enlarged: 856.
num_inconsistent_stats: 0.

CodeHeap 'non-profiled nmethods': size=120064Kb used=2509Kb max_used=2509Kb free=117554Kb
 bounds [0x000001f542e30000, 0x000001f5430b0000, 0x000001f54a370000]
CodeHeap 'profiled nmethods': size=120000Kb used=9112Kb max_used=9112Kb free=110887Kb
 bounds [0x000001f53b370000, 0x000001f53bc60000, 0x000001f5428a0000]
CodeHeap 'non-nmethods': size=5696Kb used=2296Kb max_used=2327Kb free=3400Kb
 bounds [0x000001f5428a0000, 0x000001f542b10000, 0x000001f542e30000]
 total_blobs=5068 nmethods=4263 adapters=717
 compilation: enabled
              stopped_count=0, restarted_count=0
 full_count=0

Compilation events (20 events):
Event: 29.890 Thread 0x000001f55a040dd0 nmethod 4229 0x000001f5430a1490 code [0x000001f5430a1600, 0x000001f5430a1838]
Event: 29.890 Thread 0x000001f555d67850 4250       3       java.lang.AbstractStringBuilder::getBytes (44 bytes)
Event: 29.890 Thread 0x000001f55a040dd0 4246       4       org.objectweb.asm.MethodWriter::visitEnd (1 bytes)
Event: 29.891 Thread 0x000001f55a040dd0 nmethod 4246 0x000001f5430a1890 code [0x000001f5430a1a00, 0x000001f5430a1a78]
Event: 29.891 Thread 0x000001f555d67850 nmethod 4250 0x000001f53bc52390 code [0x000001f53bc52540, 0x000001f53bc527f8]
Event: 29.892 Thread 0x000001f555d67850 4251       1       sun.reflect.generics.tree.MethodTypeSignature::getFormalTypeParameters (5 bytes)
Event: 29.892 Thread 0x000001f555d67850 nmethod 4251 0x000001f5430a1b90 code [0x000001f5430a1d20, 0x000001f5430a1df8]
Event: 29.894 Thread 0x000001f55a040dd0 4252       4       java.util.Arrays::copyOf (40 bytes)
Event: 29.899 Thread 0x000001f55a040dd0 nmethod 4252 0x000001f5430a1e90 code [0x000001f5430a2020, 0x000001f5430a2418]
Event: 29.912 Thread 0x000001f55a040dd0 4253       4       jdk.internal.loader.BuiltinClassLoader::loadClass (22 bytes)
Event: 29.960 Thread 0x000001f555d67850 4255       2       java.util.regex.Matcher::find (69 bytes)
Event: 29.961 Thread 0x000001f555d67850 nmethod 4255 0x000001f53bc52890 code [0x000001f53bc52a40, 0x000001f53bc52c48]
Event: 29.965 Thread 0x000001f555d67850 4257       3       com.google.common.collect.AbstractMapBasedMultimap$WrappedCollection$WrappedIterator::validateIterator (30 bytes)
Event: 29.965 Thread 0x000001f555d67850 nmethod 4257 0x000001f53bc52d90 code [0x000001f53bc52f40, 0x000001f53bc53238]
Event: 29.966 Thread 0x000001f555d67850 4258       3       org.gradle.model.internal.asm.MethodVisitorScope::_ILOAD_OF (12 bytes)
Event: 29.966 Thread 0x000001f555d67850 nmethod 4258 0x000001f53bc53390 code [0x000001f53bc53540, 0x000001f53bc53818]
Event: 30.143 Thread 0x000001f555d67850 4263       3       javax.management.ObjectName::addProperty (80 bytes)
Event: 30.144 Thread 0x000001f555d67850 nmethod 4263 0x000001f53bc53990 code [0x000001f53bc53ba0, 0x000001f53bc54368]
Event: 30.144 Thread 0x000001f555d67850 4264       3       java.util.stream.AbstractPipeline::close (48 bytes)
Event: 30.145 Thread 0x000001f555d67850 nmethod 4264 0x000001f53bc54610 code [0x000001f53bc547c0, 0x000001f53bc54a88]

GC Heap History (20 events):
Event: 21.536 GC heap before
{Heap before GC invocations=11 (full 0):
 garbage-first heap   total 65536K, used 51664K [0x0000000700000000, 0x0000000800000000)
  region size 2048K, 9 young (18432K), 2 survivors (4096K)
 Metaspace       used 33186K, committed 33472K, reserved 491520K
  class space    used 4487K, committed 4608K, reserved 425984K
}
Event: 21.548 GC heap after
{Heap after GC invocations=12 (full 0):
 garbage-first heap   total 65536K, used 41823K [0x0000000700000000, 0x0000000800000000)
  region size 2048K, 1 young (2048K), 1 survivors (2048K)
 Metaspace       used 33186K, committed 33472K, reserved 491520K
  class space    used 4487K, committed 4608K, reserved 425984K
}
Event: 22.147 GC heap before
{Heap before GC invocations=12 (full 0):
 garbage-first heap   total 65536K, used 50015K [0x0000000700000000, 0x0000000800000000)
  region size 2048K, 5 young (10240K), 1 survivors (2048K)
 Metaspace       used 34115K, committed 34560K, reserved 491520K
  class space    used 4660K, committed 4864K, reserved 425984K
}
Event: 22.155 GC heap after
{Heap after GC invocations=13 (full 0):
 garbage-first heap   total 65536K, used 42441K [0x0000000700000000, 0x0000000800000000)
  region size 2048K, 1 young (2048K), 1 survivors (2048K)
 Metaspace       used 34115K, committed 34560K, reserved 491520K
  class space    used 4660K, committed 4864K, reserved 425984K
}
Event: 22.831 GC heap before
{Heap before GC invocations=14 (full 0):
 garbage-first heap   total 79872K, used 48585K [0x0000000700000000, 0x0000000800000000)
  region size 2048K, 5 young (10240K), 1 survivors (2048K)
 Metaspace       used 35185K, committed 35520K, reserved 491520K
  class space    used 4829K, committed 4992K, reserved 425984K
}
Event: 22.836 GC heap after
{Heap after GC invocations=15 (full 0):
 garbage-first heap   total 79872K, used 42703K [0x0000000700000000, 0x0000000800000000)
  region size 2048K, 1 young (2048K), 1 survivors (2048K)
 Metaspace       used 35185K, committed 35520K, reserved 491520K
  class space    used 4829K, committed 4992K, reserved 425984K
}
Event: 23.026 GC heap before
{Heap before GC invocations=15 (full 0):
 garbage-first heap   total 79872K, used 44751K [0x0000000700000000, 0x0000000800000000)
  region size 2048K, 2 young (4096K), 1 survivors (2048K)
 Metaspace       used 35381K, committed 35648K, reserved 491520K
  class space    used 4867K, committed 4992K, reserved 425984K
}
Event: 23.037 GC heap after
{Heap after GC invocations=16 (full 0):
 garbage-first heap   total 79872K, used 42491K [0x0000000700000000, 0x0000000800000000)
  region size 2048K, 1 young (2048K), 1 survivors (2048K)
 Metaspace       used 35381K, committed 35648K, reserved 491520K
  class space    used 4867K, committed 4992K, reserved 425984K
}
Event: 24.570 GC heap before
{Heap before GC invocations=16 (full 0):
 garbage-first heap   total 79872K, used 60923K [0x0000000700000000, 0x0000000800000000)
  region size 2048K, 10 young (20480K), 1 survivors (2048K)
 Metaspace       used 38219K, committed 38592K, reserved 491520K
  class space    used 5317K, committed 5504K, reserved 425984K
}
Event: 24.577 GC heap after
{Heap after GC invocations=17 (full 0):
 garbage-first heap   total 79872K, used 43196K [0x0000000700000000, 0x0000000800000000)
  region size 2048K, 1 young (2048K), 1 survivors (2048K)
 Metaspace       used 38219K, committed 38592K, reserved 491520K
  class space    used 5317K, committed 5504K, reserved 425984K
}
Event: 25.796 GC heap before
{Heap before GC invocations=18 (full 0):
 garbage-first heap   total 79872K, used 61628K [0x0000000700000000, 0x0000000800000000)
  region size 2048K, 10 young (20480K), 1 survivors (2048K)
 Metaspace       used 42781K, committed 43136K, reserved 491520K
  class space    used 5819K, committed 6016K, reserved 425984K
}
Event: 25.810 GC heap after
{Heap after GC invocations=19 (full 0):
 garbage-first heap   total 79872K, used 45396K [0x0000000700000000, 0x0000000800000000)
  region size 2048K, 2 young (4096K), 2 survivors (4096K)
 Metaspace       used 42781K, committed 43136K, reserved 491520K
  class space    used 5819K, committed 6016K, reserved 425984K
}
Event: 25.957 GC heap before
{Heap before GC invocations=19 (full 0):
 garbage-first heap   total 79872K, used 47444K [0x0000000700000000, 0x0000000800000000)
  region size 2048K, 3 young (6144K), 2 survivors (4096K)
 Metaspace       used 43165K, committed 43520K, reserved 491520K
  class space    used 5842K, committed 6016K, reserved 425984K
}
Event: 25.976 GC heap after
{Heap after GC invocations=20 (full 0):
 garbage-first heap   total 79872K, used 45706K [0x0000000700000000, 0x0000000800000000)
  region size 2048K, 1 young (2048K), 1 survivors (2048K)
 Metaspace       used 43165K, committed 43520K, reserved 491520K
  class space    used 5842K, committed 6016K, reserved 425984K
}
Event: 27.050 GC heap before
{Heap before GC invocations=20 (full 0):
 garbage-first heap   total 79872K, used 62090K [0x0000000700000000, 0x0000000800000000)
  region size 2048K, 9 young (18432K), 1 survivors (2048K)
 Metaspace       used 43931K, committed 44352K, reserved 491520K
  class space    used 5906K, committed 6080K, reserved 425984K
}
Event: 27.058 GC heap after
{Heap after GC invocations=21 (full 0):
 garbage-first heap   total 79872K, used 47592K [0x0000000700000000, 0x0000000800000000)
  region size 2048K, 2 young (4096K), 2 survivors (4096K)
 Metaspace       used 43931K, committed 44352K, reserved 491520K
  class space    used 5906K, committed 6080K, reserved 425984K
}
Event: 27.858 GC heap before
{Heap before GC invocations=22 (full 0):
 garbage-first heap   total 90112K, used 57832K [0x0000000700000000, 0x0000000800000000)
  region size 2048K, 8 young (16384K), 2 survivors (4096K)
 Metaspace       used 44405K, committed 44800K, reserved 491520K
  class space    used 5955K, committed 6144K, reserved 425984K
}
Event: 27.869 GC heap after
{Heap after GC invocations=23 (full 0):
 garbage-first heap   total 90112K, used 48618K [0x0000000700000000, 0x0000000800000000)
  region size 2048K, 2 young (4096K), 2 survivors (4096K)
 Metaspace       used 44405K, committed 44800K, reserved 491520K
  class space    used 5955K, committed 6144K, reserved 425984K
}
Event: 29.857 GC heap before
{Heap before GC invocations=24 (full 0):
 garbage-first heap   total 96256K, used 73194K [0x0000000700000000, 0x0000000800000000)
  region size 2048K, 12 young (24576K), 2 survivors (4096K)
 Metaspace       used 47432K, committed 47872K, reserved 491520K
  class space    used 6324K, committed 6528K, reserved 425984K
}
Event: 29.869 GC heap after
{Heap after GC invocations=25 (full 0):
 garbage-first heap   total 96256K, used 49158K [0x0000000700000000, 0x0000000800000000)
  region size 2048K, 1 young (2048K), 1 survivors (2048K)
 Metaspace       used 47432K, committed 47872K, reserved 491520K
  class space    used 6324K, committed 6528K, reserved 425984K
}

Dll operation events (3 events):
Event: 0.109 Loaded shared library C:\Program Files\Android\Android Studio\jbr\bin\java.dll
Event: 1.133 Loaded shared library C:\Program Files\Android\Android Studio\jbr\bin\zip.dll
Event: 2.957 Loaded shared library C:\Program Files\Android\Android Studio\jbr\bin\verify.dll

Deoptimization events (20 events):
Event: 28.133 Thread 0x000001f55ba0ae50 Uncommon trap: trap_request=0xffffffde fr.pc=0x000001f54304e1b8 relative=0x0000000000000438
Event: 28.133 Thread 0x000001f55ba0ae50 Uncommon trap: reason=class_check action=maybe_recompile pc=0x000001f54304e1b8 method=java.util.regex.Pattern$Start.match(Ljava/util/regex/Matcher;ILjava/lang/CharSequence;)Z @ 44 c2
Event: 28.133 Thread 0x000001f55ba0ae50 DEOPT PACKING pc=0x000001f54304e1b8 sp=0x00000094408f8210
Event: 28.133 Thread 0x000001f55ba0ae50 DEOPT UNPACKING pc=0x000001f5428f699d sp=0x00000094408f8150 mode 2
Event: 28.670 Thread 0x000001f55ba0ae50 Uncommon trap: trap_request=0xffffff45 fr.pc=0x000001f542f43744 relative=0x00000000000065a4
Event: 28.670 Thread 0x000001f55ba0ae50 Uncommon trap: reason=unstable_if action=reinterpret pc=0x000001f542f43744 method=jdk.internal.org.objectweb.asm.SymbolTable.addType(Ljava/lang/String;)I @ 33 c2
Event: 28.670 Thread 0x000001f55ba0ae50 DEOPT PACKING pc=0x000001f542f43744 sp=0x00000094408f6250
Event: 28.670 Thread 0x000001f55ba0ae50 DEOPT UNPACKING pc=0x000001f5428f699d sp=0x00000094408f6168 mode 2
Event: 28.825 Thread 0x000001f55ba0ae50 Uncommon trap: trap_request=0xffffff45 fr.pc=0x000001f5430072cc relative=0x000000000000344c
Event: 28.825 Thread 0x000001f55ba0ae50 Uncommon trap: reason=unstable_if action=reinterpret pc=0x000001f5430072cc method=org.objectweb.asm.Frame.execute(IILorg/objectweb/asm/Symbol;Lorg/objectweb/asm/SymbolTable;)V @ 1 c2
Event: 28.825 Thread 0x000001f55ba0ae50 DEOPT PACKING pc=0x000001f5430072cc sp=0x00000094408f6950
Event: 28.825 Thread 0x000001f55ba0ae50 DEOPT UNPACKING pc=0x000001f5428f699d sp=0x00000094408f6908 mode 2
Event: 29.079 Thread 0x000001f55ba0ae50 Uncommon trap: trap_request=0xffffffcc fr.pc=0x000001f54308edbc relative=0x000000000000029c
Event: 29.079 Thread 0x000001f55ba0ae50 Uncommon trap: reason=intrinsic_or_type_checked_inlining action=make_not_entrant pc=0x000001f54308edbc method=java.util.Arrays.copyOf([Ljava/lang/Object;ILjava/lang/Class;)[Ljava/lang/Object; @ 35 c2
Event: 29.079 Thread 0x000001f55ba0ae50 DEOPT PACKING pc=0x000001f54308edbc sp=0x00000094408f73f0
Event: 29.079 Thread 0x000001f55ba0ae50 DEOPT UNPACKING pc=0x000001f5428f699d sp=0x00000094408f7380 mode 2
Event: 29.520 Thread 0x000001f55ba0ae50 Uncommon trap: trap_request=0xffffff45 fr.pc=0x000001f543001cb8 relative=0x0000000000000118
Event: 29.520 Thread 0x000001f55ba0ae50 Uncommon trap: reason=unstable_if action=reinterpret pc=0x000001f543001cb8 method=java.util.Arrays.hashCode([Ljava/lang/Object;)I @ 34 c2
Event: 29.520 Thread 0x000001f55ba0ae50 DEOPT PACKING pc=0x000001f543001cb8 sp=0x00000094408f7340
Event: 29.521 Thread 0x000001f55ba0ae50 DEOPT UNPACKING pc=0x000001f5428f699d sp=0x00000094408f72b8 mode 2

Classes unloaded (0 events):
No events

Classes redefined (0 events):
No events

Internal exceptions (20 events):
Event: 28.298 Thread 0x000001f55ba0ae50 Exception <a 'java/lang/ClassNotFoundException'{0x0000000705dc9410}: sync_studio_tooling2_eum385toj41i5m9wb52bfzu79Customizer> (0x0000000705dc9410) 
thrown [s\src\hotspot\share\classfile\systemDictionary.cpp, line 256]
Event: 28.376 Thread 0x000001f55ba0ae50 Exception <a 'java/lang/ClassNotFoundException'{0x0000000705a19208}: org/gradle/internal/metaobject/ConfigureDelegateBeanInfo> (0x0000000705a19208) 
thrown [s\src\hotspot\share\classfile\systemDictionary.cpp, line 256]
Event: 28.377 Thread 0x000001f55ba0ae50 Exception <a 'java/lang/ClassNotFoundException'{0x0000000705a29888}: org/gradle/internal/metaobject/ConfigureDelegateCustomizer> (0x0000000705a29888) 
thrown [s\src\hotspot\share\classfile\systemDictionary.cpp, line 256]
Event: 28.411 Thread 0x000001f55ba0ae50 Exception <a 'java/lang/ClassNotFoundException'{0x0000000705b0f620}: org/gradle/api/internal/initialization/DefaultScriptHandler_DecoratedBeanInfo> (0x0000000705b0f620) 
thrown [s\src\hotspot\share\classfile\systemDictionary.cpp, line 256]
Event: 28.439 Thread 0x000001f55ba0ae50 Exception <a 'java/lang/ClassNotFoundException'{0x0000000705b212f0}: org/gradle/api/internal/initialization/DefaultScriptHandlerBeanInfo> (0x0000000705b212f0) 
thrown [s\src\hotspot\share\classfile\systemDictionary.cpp, line 256]
Event: 28.440 Thread 0x000001f55ba0ae50 Exception <a 'java/lang/ClassNotFoundException'{0x0000000705b32f28}: org/gradle/api/internal/initialization/DefaultScriptHandlerCustomizer> (0x0000000705b32f28) 
thrown [s\src\hotspot\share\classfile\systemDictionary.cpp, line 256]
Event: 28.454 Thread 0x000001f55ba0ae50 Exception <a 'java/lang/ClassNotFoundException'{0x0000000705b509e0}: org/gradle/api/internal/initialization/DefaultScriptHandler_DecoratedCustomizer> (0x0000000705b509e0) 
thrown [s\src\hotspot\share\classfile\systemDictionary.cpp, line 256]
Event: 28.661 Thread 0x000001f55ba0ae50 Exception <a 'java/lang/NoSuchMethodError'{0x00000007059aa690}: 'java.lang.Object java.lang.invoke.DirectMethodHandle$Holder.newInvokeSpecial(java.lang.Object, java.lang.Object, java.lang.Object, java.lang.Object, int)'> (0x00000007059aa690) 
thrown [s\src\hotspot\share\interpreter\linkResolver.cpp, line 771]
Event: 28.662 Thread 0x000001f55ba0ae50 Exception <a 'java/lang/NoSuchMethodError'{0x00000007059af9b8}: 'java.lang.Object java.lang.invoke.DirectMethodHandle$Holder.invokeSpecial(java.lang.Object, java.lang.Object, java.lang.Object, java.lang.Object, java.lang.Object, int)'> (0x00000007059af9b8) 
thrown [s\src\hotspot\share\interpreter\linkResolver.cpp, line 771]
Event: 28.663 Thread 0x000001f55ba0ae50 Exception <a 'java/lang/NoSuchMethodError'{0x00000007059b4690}: 'java.lang.Object java.lang.invoke.Invokers$Holder.linkToTargetMethod(java.lang.Object, java.lang.Object, java.lang.Object, int, java.lang.Object)'> (0x00000007059b4690) 
thrown [s\src\hotspot\share\interpreter\linkResolver.cpp, line 771]
Event: 28.826 Thread 0x000001f55ba0ae50 Exception <a 'java/lang/NoSuchMethodError'{0x000000070541a1b8}: 'java.lang.Object java.lang.invoke.DirectMethodHandle$Holder.newInvokeSpecial(java.lang.Object, java.lang.Object, int, int)'> (0x000000070541a1b8) 
thrown [s\src\hotspot\share\interpreter\linkResolver.cpp, line 771]
Event: 28.965 Thread 0x000001f55ba0ae50 Exception <a 'java/lang/NoSuchMethodError'{0x000000070520a6e0}: 'int java.lang.invoke.DirectMethodHandle$Holder.invokeInterface(java.lang.Object, java.lang.Object, java.lang.Object, java.lang.Object)'> (0x000000070520a6e0) 
thrown [s\src\hotspot\share\interpreter\linkResolver.cpp, line 771]
Event: 29.520 Thread 0x000001f55ba0ae50 Implicit null exception at 0x000001f543001bec to 0x000001f543001c9c
Event: 29.534 Thread 0x000001f55ba0ae50 Exception <a 'java/lang/ClassNotFoundException'{0x0000000704d42e80}: org/gradle/api/internal/artifacts/dsl/dependencies/DefaultDependencyHandler_DecoratedBeanInfo> (0x0000000704d42e80) 
thrown [s\src\hotspot\share\classfile\systemDictionary.cpp, line 256]
Event: 29.535 Thread 0x000001f55ba0ae50 Exception <a 'java/lang/ClassNotFoundException'{0x0000000704d5a488}: org/gradle/api/internal/artifacts/dsl/dependencies/DefaultDependencyHandlerBeanInfo> (0x0000000704d5a488) 
thrown [s\src\hotspot\share\classfile\systemDictionary.cpp, line 256]
Event: 29.536 Thread 0x000001f55ba0ae50 Exception <a 'java/lang/ClassNotFoundException'{0x0000000704d70d08}: org/gradle/api/internal/artifacts/dsl/dependencies/DefaultDependencyHandlerCustomizer> (0x0000000704d70d08) 
thrown [s\src\hotspot\share\classfile\systemDictionary.cpp, line 256]
Event: 29.544 Thread 0x000001f55ba0ae50 Exception <a 'java/lang/ClassNotFoundException'{0x0000000704db1a00}: org/gradle/api/internal/artifacts/dsl/dependencies/DefaultDependencyHandler_DecoratedCustomizer> (0x0000000704db1a00) 
thrown [s\src\hotspot\share\classfile\systemDictionary.cpp, line 256]
Event: 29.586 Thread 0x000001f55ba0ae50 Exception <a 'java/lang/ClassNotFoundException'{0x0000000704defc08}: sync_studio_tooling2_eum385toj41i5m9wb52bfzu79$_run_closure1BeanInfo> (0x0000000704defc08) 
thrown [s\src\hotspot\share\classfile\systemDictionary.cpp, line 256]
Event: 29.589 Thread 0x000001f55ba0ae50 Exception <a 'java/lang/ClassNotFoundException'{0x0000000704df6e50}: sync_studio_tooling2_eum385toj41i5m9wb52bfzu79$_run_closure1Customizer> (0x0000000704df6e50) 
thrown [s\src\hotspot\share\classfile\systemDictionary.cpp, line 256]
Event: 29.979 Thread 0x000001f55ba0ae50 Exception <a 'java/lang/NoSuchMethodError'{0x0000000705da2930}: 'java.lang.Object java.lang.invoke.DirectMethodHandle$Holder.newInvokeSpecial(java.lang.Object, int, java.lang.Object)'> (0x0000000705da2930) 
thrown [s\src\hotspot\share\interpreter\linkResolver.cpp, line 771]

VM Operations (20 events):
Event: 27.163 Executing VM operation: G1PauseCleanup
Event: 27.164 Executing VM operation: G1PauseCleanup done
Event: 27.858 Executing VM operation: G1TryInitiateConcMark
Event: 27.871 Executing VM operation: G1TryInitiateConcMark done
Event: 27.943 Executing VM operation: G1PauseRemark
Event: 27.988 Executing VM operation: G1PauseRemark done
Event: 28.014 Executing VM operation: G1PauseCleanup
Event: 28.015 Executing VM operation: G1PauseCleanup done
Event: 28.900 Executing VM operation: HandshakeAllThreads
Event: 28.900 Executing VM operation: HandshakeAllThreads done
Event: 28.912 Executing VM operation: HandshakeAllThreads
Event: 28.912 Executing VM operation: HandshakeAllThreads done
Event: 28.963 Executing VM operation: HandshakeAllThreads
Event: 28.963 Executing VM operation: HandshakeAllThreads done
Event: 29.418 Executing VM operation: HandshakeAllThreads
Event: 29.418 Executing VM operation: HandshakeAllThreads done
Event: 29.418 Executing VM operation: Cleanup
Event: 29.418 Executing VM operation: Cleanup done
Event: 29.857 Executing VM operation: G1CollectForAllocation
Event: 29.869 Executing VM operation: G1CollectForAllocation done

Events (20 events):
Event: 27.260 loading class java/util/WeakHashMap$HashIterator done
Event: 27.260 loading class java/util/WeakHashMap$KeyIterator done
Event: 27.840 loading class jdk/internal/reflect/UnsafeObjectFieldAccessorImpl
Event: 27.849 loading class jdk/internal/reflect/UnsafeObjectFieldAccessorImpl done
Event: 28.040 loading class sun/reflect/MagicAccessorImpl
Event: 28.040 loading class sun/reflect/MagicAccessorImpl done
Event: 28.163 loading class com/sun/beans/finder/MethodFinder
Event: 28.163 loading class com/sun/beans/finder/AbstractFinder
Event: 28.165 loading class com/sun/beans/finder/AbstractFinder done
Event: 28.165 loading class com/sun/beans/finder/MethodFinder done
Event: 28.165 loading class com/sun/beans/finder/MethodFinder$1
Event: 28.165 loading class com/sun/beans/finder/MethodFinder$1 done
Event: 28.165 loading class com/sun/beans/finder/FinderUtils
Event: 28.165 loading class com/sun/beans/finder/FinderUtils done
Event: 28.398 loading class java/util/function/IntBinaryOperator
Event: 28.398 loading class java/util/function/IntBinaryOperator done
Event: 28.840 loading class jdk/internal/reflect/UnsafeStaticIntegerFieldAccessorImpl
Event: 28.841 loading class jdk/internal/reflect/UnsafeStaticIntegerFieldAccessorImpl done
Event: 28.910 loading class java/util/ArrayList$ListItr
Event: 28.910 loading class java/util/ArrayList$ListItr done


Dynamic libraries:
0x00007ff75d9c0000 - 0x00007ff75d9ca000 	C:\Program Files\Android\Android Studio\jbr\bin\java.exe
0x00007fffa9af0000 - 0x00007fffa9ce8000 	C:\Windows\SYSTEM32\ntdll.dll
0x00007fffa8740000 - 0x00007fffa87fd000 	C:\Windows\System32\KERNEL32.DLL
0x00007fffa7720000 - 0x00007fffa7a16000 	C:\Windows\System32\KERNELBASE.dll
0x00007fffa7a20000 - 0x00007fffa7b20000 	C:\Windows\System32\ucrtbase.dll
0x00007fff8e530000 - 0x00007fff8e547000 	C:\Program Files\Android\Android Studio\jbr\bin\jli.dll
0x00007fffa4370000 - 0x00007fffa438b000 	C:\Program Files\Android\Android Studio\jbr\bin\VCRUNTIME140.dll
0x00007fffa9020000 - 0x00007fffa91bf000 	C:\Windows\System32\USER32.dll
0x00007fffa71a0000 - 0x00007fffa71c2000 	C:\Windows\System32\win32u.dll
0x00007fffa86d0000 - 0x00007fffa86fb000 	C:\Windows\System32\GDI32.dll
0x00007fffa73a0000 - 0x00007fffa74b7000 	C:\Windows\System32\gdi32full.dll
0x00007fffa7570000 - 0x00007fffa760d000 	C:\Windows\System32\msvcp_win.dll
0x00007fff96a10000 - 0x00007fff96caa000 	C:\Windows\WinSxS\amd64_microsoft.windows.common-controls_6595b64144ccf1df_6.0.19041.4355_none_60b8b9eb71f62e16\COMCTL32.dll
0x00007fffa83b0000 - 0x00007fffa844e000 	C:\Windows\System32\msvcrt.dll
0x00007fffa8700000 - 0x00007fffa8732000 	C:\Windows\System32\IMM32.DLL
0x00007fffa2310000 - 0x00007fffa231c000 	C:\Program Files\Android\Android Studio\jbr\bin\vcruntime140_1.dll
0x00007fff9dec0000 - 0x00007fff9df4d000 	C:\Program Files\Android\Android Studio\jbr\bin\msvcp140.dll
0x00007fff601e0000 - 0x00007fff60e63000 	C:\Program Files\Android\Android Studio\jbr\bin\server\jvm.dll
0x00007fffa8920000 - 0x00007fffa89d0000 	C:\Windows\System32\ADVAPI32.dll
0x00007fffa8880000 - 0x00007fffa8920000 	C:\Windows\System32\sechost.dll
0x00007fffa84d0000 - 0x00007fffa85f3000 	C:\Windows\System32\RPCRT4.dll
0x00007fffa76f0000 - 0x00007fffa7717000 	C:\Windows\System32\bcrypt.dll
0x00007fffa66d0000 - 0x00007fffa671b000 	C:\Windows\SYSTEM32\POWRPROF.dll
0x00007fffa3220000 - 0x00007fffa3229000 	C:\Windows\SYSTEM32\WSOCK32.dll
0x00007fffa8460000 - 0x00007fffa84cb000 	C:\Windows\System32\WS2_32.dll
0x00007fff917a0000 - 0x00007fff917c7000 	C:\Windows\SYSTEM32\WINMM.dll
0x00007fff98450000 - 0x00007fff9845a000 	C:\Windows\SYSTEM32\VERSION.dll
0x00007fffa6590000 - 0x00007fffa65a2000 	C:\Windows\SYSTEM32\UMPDC.dll
0x00007fffa5020000 - 0x00007fffa5032000 	C:\Windows\SYSTEM32\kernel.appcore.dll
0x00007fffa3210000 - 0x00007fffa321a000 	C:\Program Files\Android\Android Studio\jbr\bin\jimage.dll
0x00007fff92f80000 - 0x00007fff93164000 	C:\Windows\SYSTEM32\DBGHELP.DLL
0x00007fff92f20000 - 0x00007fff92f54000 	C:\Windows\SYSTEM32\dbgcore.DLL
0x00007fffa7610000 - 0x00007fffa7692000 	C:\Windows\System32\bcryptPrimitives.dll
0x00007fff96450000 - 0x00007fff9645e000 	C:\Program Files\Android\Android Studio\jbr\bin\instrument.dll
0x00007fff9f610000 - 0x00007fff9f635000 	C:\Program Files\Android\Android Studio\jbr\bin\java.dll
0x00007fff9edb0000 - 0x00007fff9edc8000 	C:\Program Files\Android\Android Studio\jbr\bin\zip.dll
0x00007fffa7c40000 - 0x00007fffa83ab000 	C:\Windows\System32\SHELL32.dll
0x00007fffa5220000 - 0x00007fffa59bd000 	C:\Windows\SYSTEM32\windows.storage.dll
0x00007fffa8c60000 - 0x00007fffa8fb3000 	C:\Windows\System32\combase.dll
0x00007fffa6bc0000 - 0x00007fffa6bee000 	C:\Windows\SYSTEM32\Wldp.dll
0x00007fffa8600000 - 0x00007fffa86cd000 	C:\Windows\System32\OLEAUT32.dll
0x00007fffa9710000 - 0x00007fffa97bd000 	C:\Windows\System32\SHCORE.dll
0x00007fffa8c00000 - 0x00007fffa8c55000 	C:\Windows\System32\shlwapi.dll
0x00007fffa70d0000 - 0x00007fffa70f4000 	C:\Windows\SYSTEM32\profapi.dll
0x00007fff9cb90000 - 0x00007fff9cba9000 	C:\Program Files\Android\Android Studio\jbr\bin\net.dll
0x00007fff9e940000 - 0x00007fff9ea4a000 	C:\Windows\SYSTEM32\WINHTTP.dll
0x00007fffa6920000 - 0x00007fffa698a000 	C:\Windows\system32\mswsock.dll
0x00007fff9cb00000 - 0x00007fff9cb16000 	C:\Program Files\Android\Android Studio\jbr\bin\nio.dll
0x00007fff9cb80000 - 0x00007fff9cb90000 	C:\Program Files\Android\Android Studio\jbr\bin\verify.dll
0x00007fff9e0a0000 - 0x00007fff9e0c7000 	C:\Users\chaerul\.gradle\native\c067742578af261105cb4f569cf0c3c89f3d7b1fecec35dd04571415982c5e48\windows-amd64\native-platform.dll
0x00007fff8d360000 - 0x00007fff8d4a4000 	C:\Users\chaerul\.gradle\native\38dada09dfb8b06ba9b0570ebf7e218e3eb74d4ef43ca46872605cf95ebc2f47\windows-amd64\native-platform-file-events.dll
0x00007fff97890000 - 0x00007fff97899000 	C:\Program Files\Android\Android Studio\jbr\bin\management.dll
0x00007fff969c0000 - 0x00007fff969cb000 	C:\Program Files\Android\Android Studio\jbr\bin\management_ext.dll
0x00007fffa97c0000 - 0x00007fffa97c8000 	C:\Windows\System32\PSAPI.DLL
0x00007fffa6b10000 - 0x00007fffa6b28000 	C:\Windows\SYSTEM32\CRYPTSP.dll
0x00007fffa61d0000 - 0x00007fffa6204000 	C:\Windows\system32\rsaenh.dll
0x00007fffa7080000 - 0x00007fffa70ae000 	C:\Windows\SYSTEM32\USERENV.dll
0x00007fffa6b30000 - 0x00007fffa6b3c000 	C:\Windows\SYSTEM32\CRYPTBASE.dll
0x00007fffa65b0000 - 0x00007fffa65eb000 	C:\Windows\SYSTEM32\IPHLPAPI.DLL
0x00007fffa89d0000 - 0x00007fffa89d8000 	C:\Windows\System32\NSI.dll
0x00007fff9ed90000 - 0x00007fff9eda7000 	C:\Windows\SYSTEM32\dhcpcsvc6.DLL
0x00007fff9fe80000 - 0x00007fff9fe9d000 	C:\Windows\SYSTEM32\dhcpcsvc.DLL
0x00007fffa65f0000 - 0x00007fffa66bb000 	C:\Windows\SYSTEM32\DNSAPI.dll
0x00007fff9caf0000 - 0x00007fff9caf9000 	C:\Program Files\Android\Android Studio\jbr\bin\extnet.dll
0x00007fffa1510000 - 0x00007fffa1517000 	C:\Windows\system32\wshunix.dll

dbghelp: loaded successfully - version: 4.0.5 - missing functions: none
symbol engine: initialized successfully - sym options: 0x614 - pdb path: .;C:\Program Files\Android\Android Studio\jbr\bin;C:\Windows\SYSTEM32;C:\Windows\WinSxS\amd64_microsoft.windows.common-controls_6595b64144ccf1df_6.0.19041.4355_none_60b8b9eb71f62e16;C:\Program Files\Android\Android Studio\jbr\bin\server;C:\Users\chaerul\.gradle\native\c067742578af261105cb4f569cf0c3c89f3d7b1fecec35dd04571415982c5e48\windows-amd64;C:\Users\chaerul\.gradle\native\38dada09dfb8b06ba9b0570ebf7e218e3eb74d4ef43ca46872605cf95ebc2f47\windows-amd64

VM Arguments:
jvm_args: -XX:MaxMetaspaceSize=512m --add-opens=java.base/java.util=ALL-UNNAMED --add-opens=java.base/java.lang=ALL-UNNAMED --add-opens=java.base/java.lang.invoke=ALL-UNNAMED --add-opens=java.prefs/java.util.prefs=ALL-UNNAMED --add-opens=java.base/java.nio.charset=ALL-UNNAMED --add-opens=java.base/java.net=ALL-UNNAMED --add-opens=java.base/java.util.concurrent.atomic=ALL-UNNAMED -Xmx4g -Dfile.encoding=windows-1252 -Duser.country=ID -Duser.language=en -Duser.variant -javaagent:C:\Users\chaerul\.gradle\wrapper\dists\gradle-8.6-bin\afr5mpiioh2wthjmwnkmdsd5w\gradle-8.6\lib\agents\gradle-instrumentation-agent-8.6.jar 
java_command: org.gradle.launcher.daemon.bootstrap.GradleDaemon 8.6
java_class_path (initial): C:\Users\chaerul\.gradle\wrapper\dists\gradle-8.6-bin\afr5mpiioh2wthjmwnkmdsd5w\gradle-8.6\lib\gradle-launcher-8.6.jar
Launcher Type: SUN_STANDARD

[Global flags]
     intx CICompilerCount                          = 2                                         {product} {ergonomic}
   size_t CompressedClassSpaceSize                 = 436207616                                 {product} {ergonomic}
     uint ConcGCThreads                            = 1                                         {product} {ergonomic}
     uint G1ConcRefinementThreads                  = 2                                         {product} {ergonomic}
   size_t G1HeapRegionSize                         = 2097152                                   {product} {ergonomic}
    uintx GCDrainStackTargetSize                   = 64                                        {product} {ergonomic}
   size_t InitialHeapSize                          = 67108864                                  {product} {ergonomic}
   size_t MarkStackSize                            = 4194304                                   {product} {ergonomic}
   size_t MaxHeapSize                              = 4294967296                                {product} {command line}
   size_t MaxMetaspaceSize                         = 536870912                                 {product} {command line}
   size_t MaxNewSize                               = 2575302656                                {product} {ergonomic}
   size_t MinHeapDeltaBytes                        = 2097152                                   {product} {ergonomic}
   size_t MinHeapSize                              = 8388608                                   {product} {ergonomic}
    uintx NonNMethodCodeHeapSize                   = 5826188                                {pd product} {ergonomic}
    uintx NonProfiledCodeHeapSize                  = 122916026                              {pd product} {ergonomic}
    uintx ProfiledCodeHeapSize                     = 122916026                              {pd product} {ergonomic}
    uintx ReservedCodeCacheSize                    = 251658240                              {pd product} {ergonomic}
     bool SegmentedCodeCache                       = true                                      {product} {ergonomic}
   size_t SoftMaxHeapSize                          = 4294967296                             {manageable} {ergonomic}
     bool UseCompressedClassPointers               = true                           {product lp64_product} {ergonomic}
     bool UseCompressedOops                        = true                           {product lp64_product} {ergonomic}
     bool UseG1GC                                  = true                                      {product} {ergonomic}
     bool UseLargePagesIndividualAllocation        = false                                  {pd product} {ergonomic}

Logging:
Log output configuration:
 #0: stdout all=warning uptime,level,tags
 #1: stderr all=off uptime,level,tags

Environment Variables:
PATH=C:\Program Files (x86)\Common Files\Intel\Shared Libraries\redist\intel64\compiler;C:\Python311\Scripts\;C:\Python311\;C:\Program Files\Common Files\Oracle\Java\javapath;C:\Windows\system32;C:\Windows;C:\Windows\System32\Wbem;C:\Windows\System32\WindowsPowerShell\v1.0\;C:\Windows\System32\OpenSSH\;C:\Program Files\nodejs\;C:\ProgramData\chocolatey\bin;C:\Program Files\PowerShell\7\;C:\Users\chaerul\xampp\php;C:\ProgramData\ComposerSetup\bin;C:\Program Files\Git\cmd;C:\Program Files\Go\bin;C:\Users\chaerul\AppData\Local\Microsoft\WindowsApps;C:\Users\chaerul\AppData\Local\Programs\Microsoft VS Code\bin;C:\Users\chaerul\AppData\Roaming\npm;C:\Users\chaerul\AppData\Roaming\Composer\vendor\bin;C:\dart-sdk\bin;C:\src\flutter\bin;C:\Users\chaerul\go\bin;C:\xampp\php;
USERNAME=chaerul
OS=Windows_NT
PROCESSOR_IDENTIFIER=Intel64 Family 6 Model 23 Stepping 6, GenuineIntel
TMP=C:\Users\chaerul\AppData\Local\Temp
TEMP=C:\Users\chaerul\AppData\Local\Temp



Periodic native trim disabled

JNI global refs:
JNI global refs: 24, weak refs: 0

JNI global refs memory usage: 843, weak refs: 841

OOME stack traces (most recent first):
Classloader memory used:
Loader org.gradle.internal.classloader.VisitableURLClassLoader                         : 2873K
Loader bootstrap                                                                       : 2365K
Loader org.gradle.initialization.MixInLegacyTypesClassLoader                           : 622K
Loader jdk.internal.loader.ClassLoaders$PlatformClassLoader                            : 67577B
Loader org.gradle.internal.classloader.VisitableURLClassLoader                         : 57152B
Loader jdk.internal.loader.ClassLoaders$AppClassLoader                                 : 28733B
Loader jdk.internal.reflect.DelegatingClassLoader                                      : 23306B
Loader org.gradle.groovy.scripts.internal.DefaultScriptCompilationHandler$ScriptClassLoader: 4504B
Loader org.codehaus.groovy.runtime.callsite.CallSiteClassLoader                        : 876B

Classes loaded by more than one classloader:
Class org.gradle.api.GradleException                                                  : loaded 3 times (x 80B)
Class org.gradle.util.GradleVersion                                                   : loaded 2 times (x 81B)
Class org.gradle.internal.classpath.ClassPath                                         : loaded 2 times (x 68B)
Class org.gradle.api.internal.classpath.DefaultModuleRegistry                         : loaded 2 times (x 84B)
Class org.gradle.internal.exceptions.NonGradleCauseExceptionsHolder                   : loaded 2 times (x 68B)
Class org.gradle.api.Action                                                           : loaded 2 times (x 68B)
Class org.gradle.api.internal.DefaultClassPathProvider                                : loaded 2 times (x 74B)
Class org.gradle.internal.installation.GradleInstallation$1                           : loaded 2 times (x 73B)
Class org.gradle.internal.exceptions.DefaultMultiCauseException                       : loaded 2 times (x 89B)
Class org.gradle.internal.time.MonotonicClock                                         : loaded 2 times (x 75B)
Class org.gradle.internal.classloader.FilteringClassLoader                            : loaded 2 times (x 103B)
Class org.gradle.internal.classpath.DefaultClassPath$ImmutableUniqueList$Builder      : loaded 2 times (x 73B)
Class org.gradle.internal.classloader.ClassLoaderVisitor                              : loaded 2 times (x 74B)
Class org.gradle.internal.time.DefaultCountdownTimer                                  : loaded 2 times (x 86B)
Class org.gradle.internal.service.DefaultServiceLocator                               : loaded 2 times (x 81B)
Class org.gradle.internal.service.UnknownServiceException                             : loaded 2 times (x 81B)
Class org.gradle.internal.classloader.DefaultClassLoaderFactory                       : loaded 2 times (x 80B)
Class org.gradle.internal.classloader.VisitableURLClassLoader$Spec                    : loaded 2 times (x 72B)
Class org.gradle.tooling.model.ProjectModel                                           : loaded 2 times (x 68B)
Class org.gradle.internal.installation.GradleInstallation                             : loaded 2 times (x 73B)
Class org.gradle.api.internal.classpath.ModuleRegistry                                : loaded 2 times (x 68B)
Class org.gradle.api.internal.ClassPathProvider                                       : loaded 2 times (x 68B)
Class org.gradle.internal.classloader.ClasspathUtil$1                                 : loaded 2 times (x 74B)
Class org.gradle.internal.classloader.ClassLoaderFactory                              : loaded 2 times (x 68B)
Class org.gradle.api.internal.classpath.ManifestUtil                                  : loaded 2 times (x 69B)
Class org.gradle.api.specs.Spec                                                       : loaded 2 times (x 68B)
Class org.gradle.internal.IoActions                                                   : loaded 2 times (x 69B)
Class org.gradle.api.internal.classpath.EffectiveClassPath                            : loaded 2 times (x 88B)
Class org.gradle.internal.installation.CurrentGradleInstallation                      : loaded 2 times (x 71B)
Class org.gradle.internal.agents.InstrumentingClassLoader                             : loaded 2 times (x 68B)
Class org.gradle.internal.installation.CurrentGradleInstallationLocator               : loaded 2 times (x 69B)
Class org.gradle.api.internal.classpath.Module                                        : loaded 2 times (x 68B)
Class org.gradle.internal.service.CachingServiceLocator                               : loaded 2 times (x 80B)
Class org.gradle.internal.time.Timer                                                  : loaded 2 times (x 68B)
Class org.gradle.internal.classpath.DefaultClassPath                                  : loaded 2 times (x 88B)
Class org.gradle.internal.time.Time                                                   : loaded 2 times (x 69B)
Class org.gradle.internal.time.TimeSource$1                                           : loaded 2 times (x 75B)
Class org.gradle.internal.classloader.SystemClassLoaderSpec                           : loaded 2 times (x 69B)
Class kotlin.Function                                                                 : loaded 2 times (x 68B)
Class org.gradle.api.UncheckedIOException                                             : loaded 2 times (x 80B)
Class org.gradle.internal.time.CountdownTimer                                         : loaded 2 times (x 68B)
Class org.gradle.internal.time.Clock                                                  : loaded 2 times (x 68B)
Class org.gradle.internal.classloader.ClasspathUtil                                   : loaded 2 times (x 69B)
Class org.gradle.api.internal.DefaultClassPathRegistry                                : loaded 2 times (x 74B)
Class org.gradle.api.internal.classpath.DefaultModuleRegistry$DefaultModule           : loaded 2 times (x 84B)
Class org.gradle.internal.time.TimeSource                                             : loaded 2 times (x 68B)
Class org.gradle.api.internal.classpath.UnknownModuleException                        : loaded 2 times (x 80B)
Class org.gradle.internal.service.ServiceLookupException                              : loaded 2 times (x 80B)
Class org.gradle.cache.GlobalCache                                                    : loaded 2 times (x 68B)
Class [Lorg.gradle.api.internal.ClassPathProvider;                                    : loaded 2 times (x 67B)
Class org.gradle.internal.operations.MultipleBuildOperationFailures                   : loaded 2 times (x 89B)
Class org.gradle.util.internal.GUtil                                                  : loaded 2 times (x 69B)
Class org.gradle.internal.classloader.ClassLoaderSpec                                 : loaded 2 times (x 69B)
Class org.gradle.internal.classloader.VisitableURLClassLoader                         : loaded 2 times (x 115B)
Class org.gradle.internal.Cast                                                        : loaded 2 times (x 69B)
Class org.gradle.api.internal.ClassPathRegistry                                       : loaded 2 times (x 68B)
Class org.gradle.internal.classloader.VisitableURLClassLoader$InstrumentingVisitableURLClassLoader: loaded 2 times (x 121B)
Class org.gradle.internal.classloader.ClassLoaderHierarchy                            : loaded 2 times (x 68B)
Class org.gradle.internal.exceptions.MultiCauseException                              : loaded 2 times (x 68B)
Class org.gradle.internal.InternalTransformer                                         : loaded 2 times (x 68B)
Class org.gradle.internal.service.ServiceLocator                                      : loaded 2 times (x 68B)
Class org.gradle.internal.classpath.DefaultClassPath$ImmutableUniqueList              : loaded 2 times (x 159B)
Class org.gradle.internal.time.DefaultTimer                                           : loaded 2 times (x 78B)
Class org.gradle.internal.classpath.TransformedClassPath                              : loaded 2 times (x 94B)


---------------  S Y S T E M  ---------------

OS:
 Windows 10 , 64 bit Build 19041 (10.0.19041.3636)
OS uptime: 16 days 2:04 hours

CPU: total 2 (initial active 2) (2 cores per cpu, 1 threads per core) family 6 model 23 stepping 6 microcode 0x610, cx8, cmov, fxsr, mmx, sse, sse2, sse3, ssse3, sse4.1, tsc, clflush
Processor Information for all 2 processors :
  Max Mhz: 2267, Current Mhz: 2267, Mhz Limit: 2267

Memory: 4k page, system-wide physical 3990M (54M free)
TotalPageFile size 16278M (AvailPageFile size 6M)
current process WorkingSet (physical memory assigned to process): 236M, peak: 236M
current process commit charge ("private bytes"): 259M, peak: 261M

vm_info: OpenJDK 64-Bit Server VM (17.0.10+0--11572160) for windows-amd64 JRE (17.0.10+0--11572160), built on Mar 13 2024 23:56:38 by "androidbuild" with MS VC++ 16.10 / 16.11 (VS2019)

END.
