#
# There is insufficient memory for the Java Runtime Environment to continue.
# Native memory allocation (mmap) failed to map 23068672 bytes for G1 virtual space
# Possible reasons:
#   The system is out of physical RAM or swap space
#   The process is running with CompressedOops enabled, and the Java Heap may be blocking the growth of the native heap
# Possible solutions:
#   Reduce memory load on the system
#   Increase physical memory or swap space
#   Check if swap backing store is full
#   Decrease Java heap size (-Xmx/-Xms)
#   Decrease number of Java threads
#   Decrease Java thread stack sizes (-Xss)
#   Set larger code cache with -XX:ReservedCodeCacheSize=
#   JVM is running with Unscaled Compressed Oops mode in which the Java heap is
#     placed in the first 4GB address space. The Java Heap base address is the
#     maximum limit for the native heap growth. Please use -XX:HeapBaseMinAddress
#     to set the Java Heap base and to place the Java Heap above 4GB virtual address.
# This output file may be truncated or incomplete.
#
#  Out of Memory Error (os_windows.cpp:3825), pid=6376, tid=1572
#
# JRE version: OpenJDK Runtime Environment (17.0.10) (build 17.0.10+0--11572160)
# Java VM: OpenJDK 64-Bit Server VM (17.0.10+0--11572160, mixed mode, tiered, compressed oops, compressed class ptrs, g1 gc, windows-amd64)
# No core dump will be written. Minidumps are not enabled by default on client versions of Windows
#

---------------  S U M M A R Y ------------

Command Line: --add-opens=java.base/java.util=ALL-UNNAMED --add-opens=java.base/java.lang=ALL-UNNAMED --add-opens=java.base/java.lang.invoke=ALL-UNNAMED --add-opens=java.prefs/java.util.prefs=ALL-UNNAMED --add-opens=java.base/java.nio.charset=ALL-UNNAMED --add-opens=java.base/java.net=ALL-UNNAMED --add-opens=java.base/java.util.concurrent.atomic=ALL-UNNAMED -Xmx2048m -Dfile.encoding=UTF-8 -Duser.country=ID -Duser.language=en -Duser.variant -javaagent:C:\Users\chaerul\.gradle\wrapper\dists\gradle-8.6-bin\afr5mpiioh2wthjmwnkmdsd5w\gradle-8.6\lib\agents\gradle-instrumentation-agent-8.6.jar org.gradle.launcher.daemon.bootstrap.GradleDaemon 8.6

Host: Intel(R) Core(TM)2 Duo CPU     P8400  @ 2.26GHz, 2 cores, 3G,  Windows 10 , 64 bit Build 19041 (10.0.19041.3636)
Time: Wed Jun 12 00:36:27 2024 SE Asia Standard Time elapsed time: 41.100407 seconds (0d 0h 0m 41s)

---------------  T H R E A D  ---------------

Current thread (0x0000024d7d57b0f0):  VMThread "VM Thread" [stack: 0x000000f20df00000,0x000000f20e000000] [id=1572]

Stack: [0x000000f20df00000,0x000000f20e000000]
Native frames: (J=compiled Java code, j=interpreted, Vv=VM code, C=native code)
V  [jvm.dll+0x688e89]
V  [jvm.dll+0x84247a]
V  [jvm.dll+0x8440be]
V  [jvm.dll+0x844723]
V  [jvm.dll+0x24be0f]
V  [jvm.dll+0x685c59]
V  [jvm.dll+0x67a50a]
V  [jvm.dll+0x30cbab]
V  [jvm.dll+0x314056]
V  [jvm.dll+0x363dce]
V  [jvm.dll+0x363fff]
V  [jvm.dll+0x2e2978]
V  [jvm.dll+0x2e0b54]
V  [jvm.dll+0x2e015c]
V  [jvm.dll+0x32502b]
V  [jvm.dll+0x848e1b]
V  [jvm.dll+0x849b61]
V  [jvm.dll+0x84a07d]
V  [jvm.dll+0x84a454]
V  [jvm.dll+0x84a520]
V  [jvm.dll+0x7f0d1a]
V  [jvm.dll+0x687d05]
C  [ucrtbase.dll+0x21bb2]
C  [KERNEL32.DLL+0x17344]
C  [ntdll.dll+0x526b1]

VM_Operation (0x000000f20f3f9100): G1CollectForAllocation, mode: safepoint, requested by thread 0x0000024d7e518030


---------------  P R O C E S S  ---------------

Threads class SMR info:
_java_thread_list=0x0000024d04cc4bb0, length=36, elements={
0x0000024d64480980, 0x0000024d7d54d500, 0x0000024d7d54e290, 0x0000024d7d568150,
0x0000024d7d596400, 0x0000024d7d598ce0, 0x0000024d7d5995b0, 0x0000024d7d59a260,
0x0000024d7d8571c0, 0x0000024d7d8606c0, 0x0000024d7d90a070, 0x0000024d7da320d0,
0x0000024d7e6a1e80, 0x0000024d7e7f4180, 0x0000024d7de07040, 0x0000024d7ebb8500,
0x0000024d7d941560, 0x0000024d7ea44b20, 0x0000024d7e518030, 0x0000024d7e9ceaa0,
0x0000024d7e9d1320, 0x0000024d7e9d03f0, 0x0000024d7e9d0900, 0x0000024d7e9cefb0,
0x0000024d7e9cf4c0, 0x0000024d7e9d0e10, 0x0000024d7e9cdb70, 0x0000024d7e9cf9d0,
0x0000024d7e9ce080, 0x0000024d7e9cfee0, 0x0000024d0407f750, 0x0000024d040782e0,
0x0000024d0407fc60, 0x0000024d0407b070, 0x0000024d0407bfa0, 0x0000024d0407de00
}

Java Threads: ( => current thread )
  0x0000024d64480980 JavaThread "main" [_thread_blocked, id=10656, stack(0x000000f20d900000,0x000000f20da00000)]
  0x0000024d7d54d500 JavaThread "Reference Handler" daemon [_thread_blocked, id=3800, stack(0x000000f20e000000,0x000000f20e100000)]
  0x0000024d7d54e290 JavaThread "Finalizer" daemon [_thread_blocked, id=7864, stack(0x000000f20e100000,0x000000f20e200000)]
  0x0000024d7d568150 JavaThread "Signal Dispatcher" daemon [_thread_blocked, id=2776, stack(0x000000f20e200000,0x000000f20e300000)]
  0x0000024d7d596400 JavaThread "Attach Listener" daemon [_thread_blocked, id=9488, stack(0x000000f20e300000,0x000000f20e400000)]
  0x0000024d7d598ce0 JavaThread "Service Thread" daemon [_thread_blocked, id=10348, stack(0x000000f20e400000,0x000000f20e500000)]
  0x0000024d7d5995b0 JavaThread "Monitor Deflation Thread" daemon [_thread_blocked, id=13108, stack(0x000000f20e500000,0x000000f20e600000)]
  0x0000024d7d59a260 JavaThread "C2 CompilerThread0" daemon [_thread_blocked, id=12552, stack(0x000000f20e600000,0x000000f20e700000)]
  0x0000024d7d8571c0 JavaThread "C1 CompilerThread0" daemon [_thread_blocked, id=13524, stack(0x000000f20e700000,0x000000f20e800000)]
  0x0000024d7d8606c0 JavaThread "Sweeper thread" daemon [_thread_blocked, id=10072, stack(0x000000f20e800000,0x000000f20e900000)]
  0x0000024d7d90a070 JavaThread "Common-Cleaner" daemon [_thread_blocked, id=13388, stack(0x000000f20e900000,0x000000f20ea00000)]
  0x0000024d7da320d0 JavaThread "Notification Thread" daemon [_thread_blocked, id=12992, stack(0x000000f20ea00000,0x000000f20eb00000)]
  0x0000024d7e6a1e80 JavaThread "Daemon health stats" [_thread_blocked, id=3548, stack(0x000000f20ed00000,0x000000f20ee00000)]
  0x0000024d7e7f4180 JavaThread "Incoming local TCP Connector on port 63088" [_thread_in_native, id=300, stack(0x000000f20ee00000,0x000000f20ef00000)]
  0x0000024d7de07040 JavaThread "Daemon periodic checks" [_thread_blocked, id=13676, stack(0x000000f20ef00000,0x000000f20f000000)]
  0x0000024d7ebb8500 JavaThread "Daemon" [_thread_blocked, id=328, stack(0x000000f20f000000,0x000000f20f100000)]
  0x0000024d7d941560 JavaThread "Handler for socket connection from /127.0.0.1:63088 to /127.0.0.1:63089" [_thread_in_native, id=13660, stack(0x000000f20f100000,0x000000f20f200000)]
  0x0000024d7ea44b20 JavaThread "Cancel handler" [_thread_blocked, id=14964, stack(0x000000f20f200000,0x000000f20f300000)]
  0x0000024d7e518030 JavaThread "Daemon worker" [_thread_blocked, id=8872, stack(0x000000f20f300000,0x000000f20f400000)]
  0x0000024d7e9ceaa0 JavaThread "Asynchronous log dispatcher for DefaultDaemonConnection: socket connection from /127.0.0.1:63088 to /127.0.0.1:63089" [_thread_blocked, id=1116, stack(0x000000f20f400000,0x000000f20f500000)]
  0x0000024d7e9d1320 JavaThread "Stdin handler" [_thread_blocked, id=8176, stack(0x000000f20f500000,0x000000f20f600000)]
  0x0000024d7e9d03f0 JavaThread "Daemon client event forwarder" [_thread_blocked, id=15312, stack(0x000000f20f600000,0x000000f20f700000)]
  0x0000024d7e9d0900 JavaThread "Cache worker for journal cache (C:\Users\chaerul\.gradle\caches\journal-1)" [_thread_blocked, id=8684, stack(0x000000f20f700000,0x000000f20f800000)]
  0x0000024d7e9cefb0 JavaThread "File lock request listener" [_thread_in_native, id=12900, stack(0x000000f20f800000,0x000000f20f900000)]
  0x0000024d7e9cf4c0 JavaThread "Cache worker for file hash cache (C:\Users\chaerul\.gradle\caches\8.6\fileHashes)" [_thread_blocked, id=5516, stack(0x000000f20f900000,0x000000f20fa00000)]
  0x0000024d7e9d0e10 JavaThread "File watcher server" daemon [_thread_blocked, id=11960, stack(0x000000f20fa00000,0x000000f20fb00000)]
  0x0000024d7e9cdb70 JavaThread "File watcher consumer" daemon [_thread_blocked, id=6172, stack(0x000000f20fb00000,0x000000f20fc00000)]
  0x0000024d7e9cf9d0 JavaThread "jar transforms" [_thread_blocked, id=14976, stack(0x000000f20fc00000,0x000000f20fd00000)]
  0x0000024d7e9ce080 JavaThread "jar transforms Thread 2" [_thread_blocked, id=4376, stack(0x000000f20fd00000,0x000000f20fe00000)]
  0x0000024d7e9cfee0 JavaThread "Cache worker for checksums cache (C:\Users\chaerul\Desktop\projek apk\laundryku\.gradle\8.6\checksums)" [_thread_blocked, id=14340, stack(0x000000f20fe00000,0x000000f20ff00000)]
  0x0000024d0407f750 JavaThread "Cache worker for file hash cache (C:\Users\chaerul\Desktop\projek apk\laundryku\.gradle\8.6\fileHashes)" [_thread_blocked, id=2608, stack(0x000000f20ff00000,0x000000f210000000)]
  0x0000024d040782e0 JavaThread "Cache worker for cache directory md-supplier (C:\Users\chaerul\.gradle\caches\8.6\md-supplier)" [_thread_blocked, id=7132, stack(0x000000f210000000,0x000000f210100000)]
  0x0000024d0407fc60 JavaThread "Cache worker for cache directory md-rule (C:\Users\chaerul\.gradle\caches\8.6\md-rule)" [_thread_blocked, id=10448, stack(0x000000f210100000,0x000000f210200000)]
  0x0000024d0407b070 JavaThread "Cache worker for file content cache (C:\Users\chaerul\.gradle\caches\8.6\fileContent)" [_thread_blocked, id=1784, stack(0x000000f210200000,0x000000f210300000)]
  0x0000024d0407bfa0 JavaThread "Unconstrained build operations" [_thread_blocked, id=4020, stack(0x000000f210300000,0x000000f210400000)]
  0x0000024d0407de00 JavaThread "Unconstrained build operations Thread 2" [_thread_blocked, id=8896, stack(0x000000f210400000,0x000000f210500000)]

Other Threads:
=>0x0000024d7d57b0f0 VMThread "VM Thread" [stack: 0x000000f20df00000,0x000000f20e000000] [id=1572]
  0x0000024d64481850 WatcherThread [stack: 0x000000f20eb00000,0x000000f20ec00000] [id=8924]
  0x0000024d644d98a0 GCTaskThread "GC Thread#0" [stack: 0x000000f20da00000,0x000000f20db00000] [id=5384]
  0x0000024d7da9f8b0 GCTaskThread "GC Thread#1" [stack: 0x000000f20ec00000,0x000000f20ed00000] [id=13064]
  0x0000024d644ea700 ConcurrentGCThread "G1 Main Marker" [stack: 0x000000f20db00000,0x000000f20dc00000] [id=6404]
  0x0000024d644eb030 ConcurrentGCThread "G1 Conc#0" [stack: 0x000000f20dc00000,0x000000f20dd00000] [id=8644]
  0x0000024d64530230 ConcurrentGCThread "G1 Refine#0" [stack: 0x000000f20dd00000,0x000000f20de00000] [id=13572]
  0x0000024d64530b70 ConcurrentGCThread "G1 Service" [stack: 0x000000f20de00000,0x000000f20df00000] [id=4324]

Threads with active compile tasks:
C2 CompilerThread0    41206 5244       4       org.objectweb.asm.SymbolTable::addConstantUtf8Reference (101 bytes)

VM state: at safepoint (normal execution)

VM Mutex/Monitor currently owned by a thread:  ([mutex/lock_event])
[0x0000024d6447b800] Threads_lock - owner thread: 0x0000024d7d57b0f0
[0x0000024d6447acc0] Heap_lock - owner thread: 0x0000024d7e518030

Heap address: 0x0000000080000000, size: 2048 MB, Compressed Oops mode: 32-bit

CDS archive(s) not mapped
Compressed class space mapped at: 0x0000000100000000-0x0000000140000000, reserved size: 1073741824
Narrow klass base: 0x0000000000000000, Narrow klass shift: 3, Narrow klass range: 0x140000000

GC Precious Log:
 CPUs: 2 total, 2 available
 Memory: 3990M
 Large Page Support: Disabled
 NUMA Support: Disabled
 Compressed Oops: Enabled (32-bit)
 Heap Region Size: 1M
 Heap Min Capacity: 8M
 Heap Initial Capacity: 64M
 Heap Max Capacity: 2G
 Pre-touch: Disabled
 Parallel Workers: 2
 Concurrent Workers: 1
 Concurrent Refinement Workers: 2
 Periodic GC: Disabled

Heap:
 garbage-first heap   total 112640K, used 65485K [0x0000000080000000, 0x0000000100000000)
  region size 1024K, 3 young (3072K), 3 survivors (3072K)
 Metaspace       used 56697K, committed 57280K, reserved 1114112K
  class space    used 7670K, committed 7936K, reserved 1048576K

Heap Regions: E=young(eden), S=young(survivor), O=old, HS=humongous(starts), HC=humongous(continues), CS=collection set, F=free, OA=open archive, CA=closed archive, TAMS=top-at-mark-start (previous, next)
|   0|0x0000000080000000, 0x0000000080100000, 0x0000000080100000|100%| O|  |TAMS 0x0000000080100000, 0x0000000080000000| Untracked 
|   1|0x0000000080100000, 0x0000000080200000, 0x0000000080200000|100%| O|  |TAMS 0x0000000080200000, 0x0000000080100000| Untracked 
|   2|0x0000000080200000, 0x0000000080300000, 0x0000000080300000|100%|HS|  |TAMS 0x0000000080300000, 0x0000000080200000| Complete 
|   3|0x0000000080300000, 0x0000000080400000, 0x0000000080400000|100%|HC|  |TAMS 0x0000000080400000, 0x0000000080300000| Complete 
|   4|0x0000000080400000, 0x0000000080500000, 0x0000000080500000|100%|HC|  |TAMS 0x0000000080500000, 0x0000000080400000| Complete 
|   5|0x0000000080500000, 0x0000000080600000, 0x0000000080600000|100%|HC|  |TAMS 0x0000000080600000, 0x0000000080500000| Complete 
|   6|0x0000000080600000, 0x0000000080700000, 0x0000000080700000|100%| O|  |TAMS 0x0000000080700000, 0x0000000080600000| Untracked 
|   7|0x0000000080700000, 0x0000000080800000, 0x0000000080800000|100%| O|  |TAMS 0x0000000080800000, 0x0000000080700000| Untracked 
|   8|0x0000000080800000, 0x0000000080900000, 0x0000000080900000|100%| O|  |TAMS 0x0000000080900000, 0x0000000080800000| Untracked 
|   9|0x0000000080900000, 0x0000000080a00000, 0x0000000080a00000|100%| O|  |TAMS 0x0000000080a00000, 0x0000000080900000| Untracked 
|  10|0x0000000080a00000, 0x0000000080b00000, 0x0000000080b00000|100%| O|  |TAMS 0x0000000080b00000, 0x0000000080a00000| Untracked 
|  11|0x0000000080b00000, 0x0000000080c00000, 0x0000000080c00000|100%| O|  |TAMS 0x0000000080c00000, 0x0000000080b00000| Untracked 
|  12|0x0000000080c00000, 0x0000000080d00000, 0x0000000080d00000|100%| O|  |TAMS 0x0000000080d00000, 0x0000000080c00000| Untracked 
|  13|0x0000000080d00000, 0x0000000080e00000, 0x0000000080e00000|100%| O|  |TAMS 0x0000000080e00000, 0x0000000080d00000| Untracked 
|  14|0x0000000080e00000, 0x0000000080f00000, 0x0000000080f00000|100%| O|  |TAMS 0x0000000080f00000, 0x0000000080e00000| Untracked 
|  15|0x0000000080f00000, 0x0000000081000000, 0x0000000081000000|100%| O|  |TAMS 0x0000000081000000, 0x0000000080f00000| Untracked 
|  16|0x0000000081000000, 0x0000000081100000, 0x0000000081100000|100%| O|  |TAMS 0x0000000081100000, 0x0000000081000000| Untracked 
|  17|0x0000000081100000, 0x0000000081200000, 0x0000000081200000|100%| O|  |TAMS 0x0000000081200000, 0x0000000081100000| Untracked 
|  18|0x0000000081200000, 0x0000000081300000, 0x0000000081300000|100%| O|  |TAMS 0x0000000081300000, 0x0000000081200000| Untracked 
|  19|0x0000000081300000, 0x0000000081400000, 0x0000000081400000|100%|HS|  |TAMS 0x0000000081400000, 0x0000000081300000| Complete 
|  20|0x0000000081400000, 0x0000000081500000, 0x0000000081500000|100%|HC|  |TAMS 0x0000000081500000, 0x0000000081400000| Complete 
|  21|0x0000000081500000, 0x0000000081600000, 0x0000000081600000|100%|HS|  |TAMS 0x0000000081600000, 0x0000000081500000| Complete 
|  22|0x0000000081600000, 0x0000000081700000, 0x0000000081700000|100%|HC|  |TAMS 0x0000000081700000, 0x0000000081600000| Complete 
|  23|0x0000000081700000, 0x0000000081800000, 0x0000000081800000|100%|HC|  |TAMS 0x0000000081800000, 0x0000000081700000| Complete 
|  24|0x0000000081800000, 0x0000000081900000, 0x0000000081900000|100%|HS|  |TAMS 0x0000000081900000, 0x0000000081800000| Complete 
|  25|0x0000000081900000, 0x0000000081a00000, 0x0000000081a00000|100%|HC|  |TAMS 0x0000000081a00000, 0x0000000081900000| Complete 
|  26|0x0000000081a00000, 0x0000000081b00000, 0x0000000081b00000|100%|HC|  |TAMS 0x0000000081b00000, 0x0000000081a00000| Complete 
|  27|0x0000000081b00000, 0x0000000081c00000, 0x0000000081c00000|100%| O|  |TAMS 0x0000000081c00000, 0x0000000081b00000| Untracked 
|  28|0x0000000081c00000, 0x0000000081d00000, 0x0000000081d00000|100%| O|  |TAMS 0x0000000081d00000, 0x0000000081c00000| Untracked 
|  29|0x0000000081d00000, 0x0000000081e00000, 0x0000000081e00000|100%|HS|  |TAMS 0x0000000081e00000, 0x0000000081d00000| Complete 
|  30|0x0000000081e00000, 0x0000000081f00000, 0x0000000081f00000|100%|HC|  |TAMS 0x0000000081f00000, 0x0000000081e00000| Complete 
|  31|0x0000000081f00000, 0x0000000082000000, 0x0000000082000000|100%|HC|  |TAMS 0x0000000082000000, 0x0000000081f00000| Complete 
|  32|0x0000000082000000, 0x0000000082100000, 0x0000000082100000|100%| O|  |TAMS 0x0000000082100000, 0x0000000082000000| Untracked 
|  33|0x0000000082100000, 0x0000000082200000, 0x0000000082200000|100%| O|  |TAMS 0x0000000082200000, 0x0000000082100000| Untracked 
|  34|0x0000000082200000, 0x0000000082300000, 0x0000000082300000|100%| O|  |TAMS 0x0000000082300000, 0x0000000082200000| Untracked 
|  35|0x0000000082300000, 0x0000000082400000, 0x0000000082400000|100%| O|  |TAMS 0x0000000082400000, 0x0000000082300000| Untracked 
|  36|0x0000000082400000, 0x0000000082500000, 0x0000000082500000|100%| O|  |TAMS 0x0000000082500000, 0x0000000082400000| Complete 
|  37|0x0000000082500000, 0x0000000082600000, 0x0000000082600000|100%| O|  |TAMS 0x0000000082600000, 0x0000000082500000| Untracked 
|  38|0x0000000082600000, 0x0000000082700000, 0x0000000082700000|100%| O|  |TAMS 0x0000000082700000, 0x0000000082600000| Untracked 
|  39|0x0000000082700000, 0x0000000082800000, 0x0000000082800000|100%| O|  |TAMS 0x0000000082800000, 0x0000000082700000| Untracked 
|  40|0x0000000082800000, 0x0000000082900000, 0x0000000082900000|100%| O|  |TAMS 0x0000000082900000, 0x0000000082800000| Untracked 
|  41|0x0000000082900000, 0x0000000082a00000, 0x0000000082a00000|100%| O|  |TAMS 0x0000000082a00000, 0x0000000082900000| Untracked 
|  42|0x0000000082a00000, 0x0000000082b00000, 0x0000000082b00000|100%| O|  |TAMS 0x0000000082b00000, 0x0000000082a00000| Untracked 
|  43|0x0000000082b00000, 0x0000000082c00000, 0x0000000082c00000|100%| O|  |TAMS 0x0000000082c00000, 0x0000000082b00000| Untracked 
|  44|0x0000000082c00000, 0x0000000082d00000, 0x0000000082d00000|100%| O|  |TAMS 0x0000000082d00000, 0x0000000082c00000| Untracked 
|  45|0x0000000082d00000, 0x0000000082e00000, 0x0000000082e00000|100%| O|  |TAMS 0x0000000082e00000, 0x0000000082d00000| Untracked 
|  46|0x0000000082e00000, 0x0000000082f00000, 0x0000000082f00000|100%|HS|  |TAMS 0x0000000082f00000, 0x0000000082e00000| Complete 
|  47|0x0000000082f00000, 0x0000000083000000, 0x0000000083000000|100%|HC|  |TAMS 0x0000000083000000, 0x0000000082f00000| Complete 
|  48|0x0000000083000000, 0x0000000083100000, 0x0000000083100000|100%|HC|  |TAMS 0x0000000083100000, 0x0000000083000000| Complete 
|  49|0x0000000083100000, 0x0000000083200000, 0x0000000083200000|100%| O|  |TAMS 0x0000000083200000, 0x0000000083100000| Untracked 
|  50|0x0000000083200000, 0x0000000083300000, 0x0000000083300000|100%| O|  |TAMS 0x0000000083300000, 0x0000000083200000| Untracked 
|  51|0x0000000083300000, 0x0000000083400000, 0x0000000083400000|100%|HS|  |TAMS 0x0000000083400000, 0x0000000083300000| Complete 
|  52|0x0000000083400000, 0x0000000083500000, 0x0000000083500000|100%|HC|  |TAMS 0x0000000083500000, 0x0000000083400000| Complete 
|  53|0x0000000083500000, 0x0000000083600000, 0x0000000083600000|100%|HC|  |TAMS 0x0000000083600000, 0x0000000083500000| Complete 
|  54|0x0000000083600000, 0x0000000083700000, 0x0000000083700000|100%| O|  |TAMS 0x0000000083700000, 0x0000000083600000| Untracked 
|  55|0x0000000083700000, 0x0000000083800000, 0x0000000083800000|100%|HS|  |TAMS 0x0000000083800000, 0x0000000083700000| Complete 
|  56|0x0000000083800000, 0x0000000083900000, 0x0000000083900000|100%|HC|  |TAMS 0x0000000083900000, 0x0000000083800000| Complete 
|  57|0x0000000083900000, 0x0000000083a00000, 0x0000000083a00000|100%|HC|  |TAMS 0x0000000083a00000, 0x0000000083900000| Complete 
|  58|0x0000000083a00000, 0x0000000083b00000, 0x0000000083b00000|100%| O|  |TAMS 0x0000000083b00000, 0x0000000083a00000| Untracked 
|  59|0x0000000083b00000, 0x0000000083c00000, 0x0000000083c00000|100%| O|  |TAMS 0x0000000083c00000, 0x0000000083b00000| Untracked 
|  60|0x0000000083c00000, 0x0000000083d00000, 0x0000000083d00000|100%| O|  |TAMS 0x0000000083cd8a00, 0x0000000083c00000| Untracked 
|  61|0x0000000083d00000, 0x0000000083daa800, 0x0000000083e00000| 66%| O|  |TAMS 0x0000000083d00000, 0x0000000083d00000| Untracked 
|  62|0x0000000083e00000, 0x0000000083e00000, 0x0000000083f00000|  0%| F|  |TAMS 0x0000000083e00000, 0x0000000083e00000| Untracked 
|  63|0x0000000083f00000, 0x0000000083f00000, 0x0000000084000000|  0%| F|  |TAMS 0x0000000083f00000, 0x0000000083f00000| Untracked 
|  64|0x0000000084000000, 0x0000000084000000, 0x0000000084100000|  0%| F|  |TAMS 0x0000000084000000, 0x0000000084000000| Untracked 
|  65|0x0000000084100000, 0x0000000084100000, 0x0000000084200000|  0%| F|  |TAMS 0x0000000084100000, 0x0000000084100000| Untracked 
|  66|0x0000000084200000, 0x0000000084200000, 0x0000000084300000|  0%| F|  |TAMS 0x0000000084200000, 0x0000000084200000| Untracked 
|  67|0x0000000084300000, 0x0000000084300000, 0x0000000084400000|  0%| F|  |TAMS 0x0000000084300000, 0x0000000084300000| Untracked 
|  68|0x0000000084400000, 0x0000000084400000, 0x0000000084500000|  0%| F|  |TAMS 0x0000000084400000, 0x0000000084400000| Untracked 
|  69|0x0000000084500000, 0x0000000084500000, 0x0000000084600000|  0%| F|  |TAMS 0x0000000084500000, 0x0000000084500000| Untracked 
|  70|0x0000000084600000, 0x0000000084600000, 0x0000000084700000|  0%| F|  |TAMS 0x0000000084600000, 0x0000000084600000| Untracked 
|  71|0x0000000084700000, 0x0000000084700000, 0x0000000084800000|  0%| F|  |TAMS 0x0000000084700000, 0x0000000084700000| Untracked 
|  72|0x0000000084800000, 0x0000000084800000, 0x0000000084900000|  0%| F|  |TAMS 0x0000000084800000, 0x0000000084800000| Untracked 
|  73|0x0000000084900000, 0x0000000084900000, 0x0000000084a00000|  0%| F|  |TAMS 0x0000000084900000, 0x0000000084900000| Untracked 
|  74|0x0000000084a00000, 0x0000000084a00000, 0x0000000084b00000|  0%| F|  |TAMS 0x0000000084a00000, 0x0000000084a00000| Untracked 
|  75|0x0000000084b00000, 0x0000000084b00000, 0x0000000084c00000|  0%| F|  |TAMS 0x0000000084b00000, 0x0000000084b00000| Untracked 
|  76|0x0000000084c00000, 0x0000000084c00000, 0x0000000084d00000|  0%| F|  |TAMS 0x0000000084c00000, 0x0000000084c00000| Untracked 
|  77|0x0000000084d00000, 0x0000000084d00000, 0x0000000084e00000|  0%| F|  |TAMS 0x0000000084d00000, 0x0000000084d00000| Untracked 
|  78|0x0000000084e00000, 0x0000000084e00000, 0x0000000084f00000|  0%| F|  |TAMS 0x0000000084e00000, 0x0000000084e00000| Untracked 
|  79|0x0000000084f00000, 0x0000000084f00000, 0x0000000085000000|  0%| F|  |TAMS 0x0000000084f00000, 0x0000000084f00000| Untracked 
|  80|0x0000000085000000, 0x0000000085000000, 0x0000000085100000|  0%| F|  |TAMS 0x0000000085000000, 0x0000000085000000| Untracked 
|  81|0x0000000085100000, 0x0000000085100000, 0x0000000085200000|  0%| F|  |TAMS 0x0000000085100000, 0x0000000085100000| Untracked 
|  82|0x0000000085200000, 0x0000000085200000, 0x0000000085300000|  0%| F|  |TAMS 0x0000000085200000, 0x0000000085200000| Untracked 
|  83|0x0000000085300000, 0x0000000085348f30, 0x0000000085400000| 28%| S|CS|TAMS 0x0000000085300000, 0x0000000085300000| Complete 
|  84|0x0000000085400000, 0x0000000085500000, 0x0000000085500000|100%| S|CS|TAMS 0x0000000085400000, 0x0000000085400000| Complete 
|  85|0x0000000085500000, 0x0000000085600000, 0x0000000085600000|100%| S|CS|TAMS 0x0000000085500000, 0x0000000085500000| Complete 
|  86|0x0000000085600000, 0x0000000085600000, 0x0000000085700000|  0%| F|  |TAMS 0x0000000085600000, 0x0000000085600000| Untracked 
|  87|0x0000000085700000, 0x0000000085700000, 0x0000000085800000|  0%| F|  |TAMS 0x0000000085700000, 0x0000000085700000| Untracked 
|  88|0x0000000085800000, 0x0000000085800000, 0x0000000085900000|  0%| F|  |TAMS 0x0000000085800000, 0x0000000085800000| Untracked 
|  89|0x0000000085900000, 0x0000000085900000, 0x0000000085a00000|  0%| F|  |TAMS 0x0000000085900000, 0x0000000085900000| Untracked 
|  90|0x0000000085a00000, 0x0000000085a00000, 0x0000000085b00000|  0%| F|  |TAMS 0x0000000085a00000, 0x0000000085a00000| Untracked 
|  91|0x0000000085b00000, 0x0000000085b00000, 0x0000000085c00000|  0%| F|  |TAMS 0x0000000085b00000, 0x0000000085b00000| Untracked 
|  92|0x0000000085c00000, 0x0000000085c00000, 0x0000000085d00000|  0%| F|  |TAMS 0x0000000085c00000, 0x0000000085c00000| Untracked 
|  93|0x0000000085d00000, 0x0000000085d00000, 0x0000000085e00000|  0%| F|  |TAMS 0x0000000085d00000, 0x0000000085d00000| Untracked 
|  94|0x0000000085e00000, 0x0000000085e00000, 0x0000000085f00000|  0%| F|  |TAMS 0x0000000085e00000, 0x0000000085e00000| Untracked 
|  95|0x0000000085f00000, 0x0000000085f00000, 0x0000000086000000|  0%| F|  |TAMS 0x0000000085f00000, 0x0000000085f00000| Untracked 
|  96|0x0000000086000000, 0x0000000086000000, 0x0000000086100000|  0%| F|  |TAMS 0x0000000086000000, 0x0000000086000000| Untracked 
|  97|0x0000000086100000, 0x0000000086100000, 0x0000000086200000|  0%| F|  |TAMS 0x0000000086100000, 0x0000000086100000| Untracked 
|  98|0x0000000086200000, 0x0000000086200000, 0x0000000086300000|  0%| F|  |TAMS 0x0000000086200000, 0x0000000086200000| Untracked 
|  99|0x0000000086300000, 0x0000000086300000, 0x0000000086400000|  0%| F|  |TAMS 0x0000000086300000, 0x0000000086300000| Untracked 
| 100|0x0000000086400000, 0x0000000086400000, 0x0000000086500000|  0%| F|  |TAMS 0x0000000086400000, 0x0000000086400000| Untracked 
| 101|0x0000000086500000, 0x0000000086500000, 0x0000000086600000|  0%| F|  |TAMS 0x0000000086500000, 0x0000000086500000| Untracked 
| 102|0x0000000086600000, 0x0000000086600000, 0x0000000086700000|  0%| F|  |TAMS 0x0000000086600000, 0x0000000086600000| Untracked 
| 103|0x0000000086700000, 0x0000000086700000, 0x0000000086800000|  0%| F|  |TAMS 0x0000000086700000, 0x0000000086700000| Untracked 
| 104|0x0000000086800000, 0x0000000086800000, 0x0000000086900000|  0%| F|  |TAMS 0x0000000086800000, 0x0000000086800000| Untracked 
| 105|0x0000000086900000, 0x0000000086900000, 0x0000000086a00000|  0%| F|  |TAMS 0x0000000086900000, 0x0000000086900000| Untracked 
| 106|0x0000000086a00000, 0x0000000086a00000, 0x0000000086b00000|  0%| F|  |TAMS 0x0000000086a00000, 0x0000000086a00000| Untracked 
| 107|0x0000000086b00000, 0x0000000086b00000, 0x0000000086c00000|  0%| F|  |TAMS 0x0000000086b00000, 0x0000000086b00000| Untracked 
| 108|0x0000000086c00000, 0x0000000086c00000, 0x0000000086d00000|  0%| F|  |TAMS 0x0000000086c00000, 0x0000000086c00000| Untracked 
| 109|0x0000000086d00000, 0x0000000086d00000, 0x0000000086e00000|  0%| F|  |TAMS 0x0000000086d00000, 0x0000000086d00000| Untracked 

Card table byte_map: [0x0000024d76960000,0x0000024d76d60000] _byte_map_base: 0x0000024d76560000

Marking Bits (Prev, Next): (CMBitMap*) 0x0000024d644d9dd0, (CMBitMap*) 0x0000024d644d9e10
 Prev Bits: [0x0000024d77160000, 0x0000024d79160000)
 Next Bits: [0x0000024d79160000, 0x0000024d7b160000)

Polling page: 0x0000024d62250000

Metaspace:

Usage:
  Non-class:     47.88 MB used.
      Class:      7.49 MB used.
       Both:     55.37 MB used.

Virtual space:
  Non-class space:       64.00 MB reserved,      48.19 MB ( 75%) committed,  1 nodes.
      Class space:        1.00 GB reserved,       7.75 MB ( <1%) committed,  1 nodes.
             Both:        1.06 GB reserved,      55.94 MB (  5%) committed. 

Chunk freelists:
   Non-Class:  15.80 MB
       Class:  8.27 MB
        Both:  24.07 MB

MaxMetaspaceSize: unlimited
CompressedClassSpaceSize: 1.00 GB
Initial GC threshold: 21.00 MB
Current GC threshold: 88.25 MB
CDS: off
MetaspaceReclaimPolicy: balanced
 - commit_granule_bytes: 65536.
 - commit_granule_words: 8192.
 - virtual_space_node_default_size: 8388608.
 - enlarge_chunks_in_place: 1.
 - new_chunks_are_fully_committed: 0.
 - uncommit_free_chunks: 1.
 - use_allocation_guard: 0.
 - handle_deallocations: 1.


Internal statistics:

num_allocs_failed_limit: 3.
num_arena_births: 630.
num_arena_deaths: 0.
num_vsnodes_births: 2.
num_vsnodes_deaths: 0.
num_space_committed: 895.
num_space_uncommitted: 0.
num_chunks_returned_to_freelist: 3.
num_chunks_taken_from_freelist: 2521.
num_chunk_merges: 0.
num_chunk_splits: 1641.
num_chunks_enlarged: 1103.
num_inconsistent_stats: 0.

CodeHeap 'non-profiled nmethods': size=120064Kb used=2392Kb max_used=3082Kb free=117671Kb
 bounds [0x0000024d6f420000, 0x0000024d6f730000, 0x0000024d76960000]
CodeHeap 'profiled nmethods': size=120000Kb used=8984Kb max_used=10509Kb free=111015Kb
 bounds [0x0000024d67960000, 0x0000024d683b0000, 0x0000024d6ee90000]
CodeHeap 'non-nmethods': size=5696Kb used=2307Kb max_used=2340Kb free=3388Kb
 bounds [0x0000024d6ee90000, 0x0000024d6f100000, 0x0000024d6f420000]
 total_blobs=5289 nmethods=4462 adapters=740
 compilation: enabled
              stopped_count=0, restarted_count=0
 full_count=0

Compilation events (20 events):
Event: 40.993 Thread 0x0000024d7d59a260 nmethod 5229 0x0000024d6f686990 code [0x0000024d6f686b60, 0x0000024d6f687568]
Event: 40.993 Thread 0x0000024d7d59a260 5228       4       org.gradle.internal.reflect.MethodSet$MethodKey::hashCode (29 bytes)
Event: 41.001 Thread 0x0000024d7d59a260 nmethod 5228 0x0000024d6f43b790 code [0x0000024d6f43b920, 0x0000024d6f43bcf8]
Event: 41.006 Thread 0x0000024d7d8571c0 5236       3       java.util.ComparableTimSort::reverseRange (32 bytes)
Event: 41.006 Thread 0x0000024d7d8571c0 nmethod 5236 0x0000024d67e98f90 code [0x0000024d67e99160, 0x0000024d67e99638]
Event: 41.008 Thread 0x0000024d7d8571c0 5237       1       org.gradle.internal.instantiation.generator.AsmBackedClassGenerator$ClassBuilderImpl::access$1300 (5 bytes)
Event: 41.008 Thread 0x0000024d7d8571c0 nmethod 5237 0x0000024d6f686590 code [0x0000024d6f686720, 0x0000024d6f6867d8]
Event: 41.009 Thread 0x0000024d7d59a260 5238       4       org.objectweb.asm.Frame::getAbstractTypeFromDescriptor (462 bytes)
Event: 41.024 Thread 0x0000024d7d59a260 nmethod 5238 0x0000024d6f43cf90 code [0x0000024d6f43d180, 0x0000024d6f43d9b0]
Event: 41.025 Thread 0x0000024d7d8571c0 5239       1       java.lang.Thread::isInterrupted (5 bytes)
Event: 41.025 Thread 0x0000024d7d8571c0 nmethod 5239 0x0000024d6f43b490 code [0x0000024d6f43b620, 0x0000024d6f43b6f8]
Event: 41.027 Thread 0x0000024d7d8571c0 5240       3       com.google.common.collect.AbstractMapBasedMultimap$WrappedCollection$WrappedIterator::hasNext (14 bytes)
Event: 41.027 Thread 0x0000024d7d8571c0 nmethod 5240 0x0000024d67ef0310 code [0x0000024d67ef04e0, 0x0000024d67ef0908]
Event: 41.028 Thread 0x0000024d7d8571c0 5241       3       com.google.common.collect.AbstractMapBasedMultimap$WrappedCollection::iterator (13 bytes)
Event: 41.029 Thread 0x0000024d7d8571c0 nmethod 5241 0x0000024d67f7c290 code [0x0000024d67f7c4a0, 0x0000024d67f7cd28]
Event: 41.030 Thread 0x0000024d7d8571c0 5242       3       com.google.common.collect.AbstractSetMultimap::get (9 bytes)
Event: 41.030 Thread 0x0000024d7d8571c0 nmethod 5242 0x0000024d67d9cd90 code [0x0000024d67d9cf80, 0x0000024d67d9d588]
Event: 41.030 Thread 0x0000024d7d8571c0 5243       3       com.google.common.collect.AbstractMapBasedMultimap$WrappedSet::<init> (14 bytes)
Event: 41.031 Thread 0x0000024d7d8571c0 nmethod 5243 0x0000024d67cf3190 code [0x0000024d67cf3340, 0x0000024d67cf34e8]
Event: 41.033 Thread 0x0000024d7d59a260 5244       4       org.objectweb.asm.SymbolTable::addConstantUtf8Reference (101 bytes)

GC Heap History (20 events):
Event: 28.718 GC heap after
{Heap after GC invocations=20 (full 0):
 garbage-first heap   total 73728K, used 45516K [0x0000000080000000, 0x0000000100000000)
  region size 1024K, 2 young (2048K), 2 survivors (2048K)
 Metaspace       used 43865K, committed 44288K, reserved 1114112K
  class space    used 5902K, committed 6080K, reserved 1048576K
}
Event: 29.733 GC heap before
{Heap before GC invocations=21 (full 0):
 garbage-first heap   total 78848K, used 57804K [0x0000000080000000, 0x0000000100000000)
  region size 1024K, 16 young (16384K), 2 survivors (2048K)
 Metaspace       used 44334K, committed 44736K, reserved 1114112K
  class space    used 5951K, committed 6144K, reserved 1048576K
}
Event: 29.743 GC heap after
{Heap after GC invocations=22 (full 0):
 garbage-first heap   total 78848K, used 46549K [0x0000000080000000, 0x0000000100000000)
  region size 1024K, 2 young (2048K), 2 survivors (2048K)
 Metaspace       used 44334K, committed 44736K, reserved 1114112K
  class space    used 5951K, committed 6144K, reserved 1048576K
}
Event: 31.392 GC heap before
{Heap before GC invocations=23 (full 0):
 garbage-first heap   total 89088K, used 68053K [0x0000000080000000, 0x0000000100000000)
  region size 1024K, 18 young (18432K), 2 survivors (2048K)
 Metaspace       used 46979K, committed 47424K, reserved 1114112K
  class space    used 6248K, committed 6464K, reserved 1048576K
}
Event: 31.415 GC heap after
{Heap after GC invocations=24 (full 0):
 garbage-first heap   total 89088K, used 47141K [0x0000000080000000, 0x0000000100000000)
  region size 1024K, 2 young (2048K), 2 survivors (2048K)
 Metaspace       used 46979K, committed 47424K, reserved 1114112K
  class space    used 6248K, committed 6464K, reserved 1048576K
}
Event: 33.007 GC heap before
{Heap before GC invocations=24 (full 0):
 garbage-first heap   total 89088K, used 70693K [0x0000000080000000, 0x0000000100000000)
  region size 1024K, 25 young (25600K), 2 survivors (2048K)
 Metaspace       used 49636K, committed 50112K, reserved 1114112K
  class space    used 6694K, committed 6912K, reserved 1048576K
}
Event: 33.020 GC heap after
{Heap after GC invocations=25 (full 0):
 garbage-first heap   total 89088K, used 48633K [0x0000000080000000, 0x0000000100000000)
  region size 1024K, 3 young (3072K), 3 survivors (3072K)
 Metaspace       used 49636K, committed 50112K, reserved 1114112K
  class space    used 6694K, committed 6912K, reserved 1048576K
}
Event: 33.941 GC heap before
{Heap before GC invocations=26 (full 0):
 garbage-first heap   total 89088K, used 51705K [0x0000000080000000, 0x0000000100000000)
  region size 1024K, 7 young (7168K), 3 survivors (3072K)
 Metaspace       used 49723K, committed 50176K, reserved 1114112K
  class space    used 6701K, committed 6912K, reserved 1048576K
}
Event: 33.955 GC heap after
{Heap after GC invocations=27 (full 0):
 garbage-first heap   total 89088K, used 49843K [0x0000000080000000, 0x0000000100000000)
  region size 1024K, 3 young (3072K), 3 survivors (3072K)
 Metaspace       used 49723K, committed 50176K, reserved 1114112K
  class space    used 6701K, committed 6912K, reserved 1048576K
}
Event: 34.101 GC heap before
{Heap before GC invocations=28 (full 0):
 garbage-first heap   total 92160K, used 52915K [0x0000000080000000, 0x0000000100000000)
  region size 1024K, 4 young (4096K), 3 survivors (3072K)
 Metaspace       used 49723K, committed 50176K, reserved 1114112K
  class space    used 6701K, committed 6912K, reserved 1048576K
}
Event: 34.112 GC heap after
{Heap after GC invocations=29 (full 0):
 garbage-first heap   total 92160K, used 53725K [0x0000000080000000, 0x0000000100000000)
  region size 1024K, 2 young (2048K), 2 survivors (2048K)
 Metaspace       used 49723K, committed 50176K, reserved 1114112K
  class space    used 6701K, committed 6912K, reserved 1048576K
}
Event: 34.744 GC heap before
{Heap before GC invocations=30 (full 0):
 garbage-first heap   total 97280K, used 64989K [0x0000000080000000, 0x0000000100000000)
  region size 1024K, 11 young (11264K), 2 survivors (2048K)
 Metaspace       used 50107K, committed 50624K, reserved 1114112K
  class space    used 6758K, committed 6976K, reserved 1048576K
}
Event: 34.755 GC heap after
{Heap after GC invocations=31 (full 0):
 garbage-first heap   total 97280K, used 58238K [0x0000000080000000, 0x0000000100000000)
  region size 1024K, 2 young (2048K), 2 survivors (2048K)
 Metaspace       used 50107K, committed 50624K, reserved 1114112K
  class space    used 6758K, committed 6976K, reserved 1048576K
}
Event: 35.123 GC heap before
{Heap before GC invocations=32 (full 0):
 garbage-first heap   total 102400K, used 64382K [0x0000000080000000, 0x0000000100000000)
  region size 1024K, 7 young (7168K), 2 survivors (2048K)
 Metaspace       used 50459K, committed 50944K, reserved 1114112K
  class space    used 6782K, committed 6976K, reserved 1048576K
}
Event: 35.130 GC heap after
{Heap after GC invocations=33 (full 0):
 garbage-first heap   total 102400K, used 63120K [0x0000000080000000, 0x0000000100000000)
  region size 1024K, 2 young (2048K), 2 survivors (2048K)
 Metaspace       used 50459K, committed 50944K, reserved 1114112K
  class space    used 6782K, committed 6976K, reserved 1048576K
}
Event: 36.438 GC heap before
{Heap before GC invocations=34 (full 0):
 garbage-first heap   total 112640K, used 79504K [0x0000000080000000, 0x0000000100000000)
  region size 1024K, 16 young (16384K), 2 survivors (2048K)
 Metaspace       used 52599K, committed 53120K, reserved 1114112K
  class space    used 6998K, committed 7232K, reserved 1048576K
}
Event: 36.452 GC heap after
{Heap after GC invocations=35 (full 0):
 garbage-first heap   total 112640K, used 63183K [0x0000000080000000, 0x0000000100000000)
  region size 1024K, 1 young (1024K), 1 survivors (1024K)
 Metaspace       used 52599K, committed 53120K, reserved 1114112K
  class space    used 6998K, committed 7232K, reserved 1048576K
}
Event: 37.447 GC heap before
{Heap before GC invocations=35 (full 0):
 garbage-first heap   total 112640K, used 84687K [0x0000000080000000, 0x0000000100000000)
  region size 1024K, 22 young (22528K), 1 survivors (1024K)
 Metaspace       used 53616K, committed 54208K, reserved 1114112K
  class space    used 7177K, committed 7424K, reserved 1048576K
}
Event: 37.455 GC heap after
{Heap after GC invocations=36 (full 0):
 garbage-first heap   total 112640K, used 64121K [0x0000000080000000, 0x0000000100000000)
  region size 1024K, 2 young (2048K), 2 survivors (2048K)
 Metaspace       used 53616K, committed 54208K, reserved 1114112K
  class space    used 7177K, committed 7424K, reserved 1048576K
}
Event: 41.067 GC heap before
{Heap before GC invocations=37 (full 0):
 garbage-first heap   total 112640K, used 86649K [0x0000000080000000, 0x0000000100000000)
  region size 1024K, 24 young (24576K), 2 survivors (2048K)
 Metaspace       used 56697K, committed 57280K, reserved 1114112K
  class space    used 7670K, committed 7936K, reserved 1048576K
}

Dll operation events (3 events):
Event: 0.110 Loaded shared library C:\Program Files\Android\Android Studio\jbr\bin\java.dll
Event: 1.148 Loaded shared library C:\Program Files\Android\Android Studio\jbr\bin\zip.dll
Event: 3.718 Loaded shared library C:\Program Files\Android\Android Studio\jbr\bin\verify.dll

Deoptimization events (20 events):
Event: 40.030 Thread 0x0000024d7e518030 Uncommon trap: trap_request=0xffffffc6 fr.pc=0x0000024d6f599768 relative=0x0000000000000748
Event: 40.030 Thread 0x0000024d7e518030 Uncommon trap: reason=bimorphic_or_optimized_type_check action=maybe_recompile pc=0x0000024d6f599768 method=java.io.BufferedInputStream.read([BII)I @ 101 c2
Event: 40.030 Thread 0x0000024d7e518030 DEOPT PACKING pc=0x0000024d6f599768 sp=0x000000f20f3fa970
Event: 40.030 Thread 0x0000024d7e518030 DEOPT UNPACKING pc=0x0000024d6eee699d sp=0x000000f20f3fa948 mode 2
Event: 40.047 Thread 0x0000024d7e518030 Uncommon trap: trap_request=0xffffff45 fr.pc=0x0000024d6f59a360 relative=0x0000000000000120
Event: 40.047 Thread 0x0000024d7e518030 Uncommon trap: reason=unstable_if action=reinterpret pc=0x0000024d6f59a360 method=java.io.BufferedInputStream.read1([BII)I @ 60 c2
Event: 40.047 Thread 0x0000024d7e518030 DEOPT PACKING pc=0x0000024d6f59a360 sp=0x000000f20f3fa900
Event: 40.047 Thread 0x0000024d7e518030 DEOPT UNPACKING pc=0x0000024d6eee699d sp=0x000000f20f3fa8c0 mode 2
Event: 40.529 Thread 0x0000024d7e518030 Uncommon trap: trap_request=0xffffff45 fr.pc=0x0000024d6f56defc relative=0x000000000000023c
Event: 40.529 Thread 0x0000024d7e518030 Uncommon trap: reason=unstable_if action=reinterpret pc=0x0000024d6f56defc method=org.antlr.v4.runtime.BufferedTokenStream.lazyInit()V @ 5 c2
Event: 40.529 Thread 0x0000024d7e518030 DEOPT PACKING pc=0x0000024d6f56defc sp=0x000000f20f3faba0
Event: 40.529 Thread 0x0000024d7e518030 DEOPT UNPACKING pc=0x0000024d6eee699d sp=0x000000f20f3faab8 mode 2
Event: 40.550 Thread 0x0000024d7e518030 Uncommon trap: trap_request=0xffffffde fr.pc=0x0000024d6f6469f4 relative=0x0000000000002f34
Event: 40.550 Thread 0x0000024d7e518030 Uncommon trap: reason=class_check action=maybe_recompile pc=0x0000024d6f6469f4 method=java.util.regex.Pattern$CharProperty.study(Ljava/util/regex/Pattern$TreeInfo;)Z @ 25 c2
Event: 40.550 Thread 0x0000024d7e518030 DEOPT PACKING pc=0x0000024d6f6469f4 sp=0x000000f20f3f98f0
Event: 40.550 Thread 0x0000024d7e518030 DEOPT UNPACKING pc=0x0000024d6eee699d sp=0x000000f20f3f97e8 mode 2
Event: 40.917 Thread 0x0000024d7e9d0e10 Uncommon trap: trap_request=0xffffff45 fr.pc=0x0000024d6f6420c0 relative=0x00000000000001a0
Event: 40.917 Thread 0x0000024d7e9d0e10 Uncommon trap: reason=unstable_if action=reinterpret pc=0x0000024d6f6420c0 method=java.util.concurrent.locks.AbstractQueuedSynchronizer.signalNext(Ljava/util/concurrent/locks/AbstractQueuedSynchronizer$Node;)V @ 17 c2
Event: 40.917 Thread 0x0000024d7e9d0e10 DEOPT PACKING pc=0x0000024d6f6420c0 sp=0x000000f20fafdea0
Event: 40.917 Thread 0x0000024d7e9d0e10 DEOPT UNPACKING pc=0x0000024d6eee699d sp=0x000000f20fafdda0 mode 2

Classes unloaded (0 events):
No events

Classes redefined (0 events):
No events

Internal exceptions (20 events):
Event: 36.010 Thread 0x0000024d7e518030 Exception <a 'java/lang/NoSuchMethodError'{0x000000008622b618}: 'java.lang.Object java.lang.invoke.DelegatingMethodHandle$Holder.delegate(java.lang.Object, java.lang.Object, java.lang.Object, java.lang.Object, java.lang.Object, java.lang.Object, java.lang.Object, java.lang.Object, java.lang.Object, java.lang.Object, java.lang.Object, java.lang.Object, java.lang.Object, java.lang.Object, java.lang.Object, java.lang.Object, java.lang.Object, java.lang.Object, java.lang.Object, java.lang.Object, java.lang.Obj
Event: 36.027 Thread 0x0000024d7e518030 Exception <a 'java/lang/NoSuchMethodError'{0x00000000862a56f0}: 'java.lang.Object java.lang.invoke.DirectMethodHandle$Holder.invokeStatic(java.lang.Object, java.lang.Object, java.lang.Object, java.lang.Object, java.lang.Object, java.lang.Object, java.lang.Object, java.lang.Object, java.lang.Object, java.lang.Object, java.lang.Object, java.lang.Object, java.lang.Object, java.lang.Object, java.lang.Object, java.lang.Object, java.lang.Object)'> (0x00000000862a56f0) 
thrown [s\src\hotspot\share\interpreter\lin
Event: 36.036 Thread 0x0000024d7e518030 Exception <a 'java/lang/NoSuchMethodError'{0x00000000862cea60}: 'java.lang.Object java.lang.invoke.DirectMethodHandle$Holder.invokeStatic(java.lang.Object, java.lang.Object, java.lang.Object, java.lang.Object, java.lang.Object, java.lang.Object, java.lang.Object, java.lang.Object, java.lang.Object, java.lang.Object, java.lang.Object, java.lang.Object, java.lang.Object, java.lang.Object, java.lang.Object, java.lang.Object, java.lang.Object, java.lang.Object)'> (0x00000000862cea60) 
thrown [s\src\hotspot\sha
Event: 36.044 Thread 0x0000024d7e518030 Exception <a 'java/lang/NoSuchMethodError'{0x00000000862f9300}: 'java.lang.Object java.lang.invoke.DirectMethodHandle$Holder.invokeStatic(java.lang.Object, java.lang.Object, java.lang.Object, java.lang.Object, java.lang.Object, java.lang.Object, java.lang.Object, java.lang.Object, java.lang.Object, java.lang.Object, java.lang.Object, java.lang.Object, java.lang.Object, java.lang.Object, java.lang.Object, java.lang.Object, java.lang.Object, java.lang.Object, java.lang.Object)'> (0x00000000862f9300) 
thrown 
Event: 36.076 Thread 0x0000024d7e518030 Exception <a 'java/lang/NoSuchMethodError'{0x0000000086124a98}: 'java.lang.Object java.lang.invoke.DirectMethodHandle$Holder.invokeStatic(java.lang.Object, java.lang.Object, java.lang.Object, java.lang.Object, java.lang.Object, java.lang.Object, java.lang.Object, java.lang.Object, java.lang.Object, java.lang.Object, java.lang.Object, java.lang.Object, java.lang.Object, java.lang.Object, java.lang.Object, java.lang.Object, java.lang.Object, java.lang.Object, java.lang.Object, java.lang.Object)'> (0x00000000
Event: 36.081 Thread 0x0000024d7e518030 Exception <a 'java/lang/NoSuchMethodError'{0x0000000086151bb0}: 'java.lang.Object java.lang.invoke.DirectMethodHandle$Holder.invokeStatic(java.lang.Object, java.lang.Object, java.lang.Object, java.lang.Object, java.lang.Object, java.lang.Object, java.lang.Object, java.lang.Object, java.lang.Object, java.lang.Object, java.lang.Object, java.lang.Object, java.lang.Object, java.lang.Object, java.lang.Object, java.lang.Object, java.lang.Object, java.lang.Object, java.lang.Object, java.lang.Object, java.lang.Obj
Event: 36.091 Thread 0x0000024d7e518030 Exception <a 'java/lang/NoSuchMethodError'{0x000000008617f0c0}: 'java.lang.Object java.lang.invoke.DirectMethodHandle$Holder.invokeStatic(java.lang.Object, java.lang.Object, java.lang.Object, java.lang.Object, java.lang.Object, java.lang.Object, java.lang.Object, java.lang.Object, java.lang.Object, java.lang.Object, java.lang.Object, java.lang.Object, java.lang.Object, java.lang.Object, java.lang.Object, java.lang.Object, java.lang.Object, java.lang.Object, java.lang.Object, java.lang.Object, java.lang.Obj
Event: 36.097 Thread 0x0000024d7e518030 Exception <a 'java/lang/NoSuchMethodError'{0x00000000861ad208}: 'java.lang.Object java.lang.invoke.DirectMethodHandle$Holder.invokeStatic(java.lang.Object, java.lang.Object, java.lang.Object, java.lang.Object, java.lang.Object, java.lang.Object, java.lang.Object, java.lang.Object, java.lang.Object, java.lang.Object, java.lang.Object, java.lang.Object, java.lang.Object, java.lang.Object, java.lang.Object, java.lang.Object, java.lang.Object, java.lang.Object, java.lang.Object, java.lang.Object, java.lang.Obj
Event: 36.103 Thread 0x0000024d7e518030 Exception <a 'java/lang/NoSuchMethodError'{0x00000000861dcfe0}: 'java.lang.Object java.lang.invoke.DirectMethodHandle$Holder.invokeStatic(java.lang.Object, java.lang.Object, java.lang.Object, java.lang.Object, java.lang.Object, java.lang.Object, java.lang.Object, java.lang.Object, java.lang.Object, java.lang.Object, java.lang.Object, java.lang.Object, java.lang.Object, java.lang.Object, java.lang.Object, java.lang.Object, java.lang.Object, java.lang.Object, java.lang.Object, java.lang.Object, java.lang.Obj
Event: 36.110 Thread 0x0000024d7e518030 Exception <a 'java/lang/NoSuchMethodError'{0x000000008600eae8}: 'java.lang.Object java.lang.invoke.DirectMethodHandle$Holder.invokeStatic(java.lang.Object, java.lang.Object, java.lang.Object, java.lang.Object, java.lang.Object, java.lang.Object, java.lang.Object, java.lang.Object, java.lang.Object, java.lang.Object, java.lang.Object, java.lang.Object, java.lang.Object, java.lang.Object, java.lang.Object, java.lang.Object, java.lang.Object, java.lang.Object, java.lang.Object, java.lang.Object, java.lang.Obj
Event: 37.707 Thread 0x0000024d7e518030 Exception <a 'java/lang/IncompatibleClassChangeError'{0x0000000086d53d48}: Found class java.lang.Object, but interface was expected> (0x0000000086d53d48) 
thrown [s\src\hotspot\share\interpreter\linkResolver.cpp, line 838]
Event: 38.529 Thread 0x0000024d7e518030 Exception <a 'java/lang/ClassNotFoundException'{0x00000000869ebe08}: org/jetbrains/plugins/gradle/model/web/WebConfigurationBeanInfo> (0x00000000869ebe08) 
thrown [s\src\hotspot\share\classfile\systemDictionary.cpp, line 256]
Event: 38.529 Thread 0x0000024d7e518030 Exception <a 'java/lang/ClassNotFoundException'{0x00000000869f42e0}: org/jetbrains/plugins/gradle/model/web/WebConfigurationCustomizer> (0x00000000869f42e0) 
thrown [s\src\hotspot\share\classfile\systemDictionary.cpp, line 256]
Event: 39.884 Thread 0x0000024d7e518030 Exception <a 'sun/nio/fs/WindowsException'{0x00000000863a6128}> (0x00000000863a6128) 
thrown [s\src\hotspot\share\prims\jni.cpp, line 517]
Event: 39.884 Thread 0x0000024d7e518030 Exception <a 'sun/nio/fs/WindowsException'{0x00000000863a63f8}> (0x00000000863a63f8) 
thrown [s\src\hotspot\share\prims\jni.cpp, line 517]
Event: 39.885 Thread 0x0000024d7e518030 Exception <a 'sun/nio/fs/WindowsException'{0x00000000863a8be0}> (0x00000000863a8be0) 
thrown [s\src\hotspot\share\prims\jni.cpp, line 517]
Event: 39.885 Thread 0x0000024d7e518030 Exception <a 'sun/nio/fs/WindowsException'{0x00000000863a8fb0}> (0x00000000863a8fb0) 
thrown [s\src\hotspot\share\prims\jni.cpp, line 517]
Event: 39.894 Thread 0x0000024d7e518030 Exception <a 'sun/nio/fs/WindowsException'{0x00000000863b8d80}> (0x00000000863b8d80) 
thrown [s\src\hotspot\share\prims\jni.cpp, line 517]
Event: 39.894 Thread 0x0000024d7e518030 Exception <a 'sun/nio/fs/WindowsException'{0x00000000863b9150}> (0x00000000863b9150) 
thrown [s\src\hotspot\share\prims\jni.cpp, line 517]
Event: 40.634 Thread 0x0000024d7e518030 Exception <a 'java/lang/NoSuchMethodError'{0x0000000085bc4390}: 'void java.lang.invoke.DirectMethodHandle$Holder.invokeStatic(java.lang.Object, java.lang.Object, java.lang.Object, java.lang.Object, java.lang.Object, java.lang.Object, java.lang.Object)'> (0x0000000085bc4390) 
thrown [s\src\hotspot\share\interpreter\linkResolver.cpp, line 771]

VM Operations (20 events):
Event: 36.452 Executing VM operation: G1CollectForAllocation done
Event: 37.201 Executing VM operation: HandshakeAllThreads
Event: 37.202 Executing VM operation: HandshakeAllThreads done
Event: 37.447 Executing VM operation: G1CollectForAllocation
Event: 37.455 Executing VM operation: G1CollectForAllocation done
Event: 37.566 Executing VM operation: G1PauseRemark
Event: 37.575 Executing VM operation: G1PauseRemark done
Event: 37.616 Executing VM operation: G1PauseCleanup
Event: 37.617 Executing VM operation: G1PauseCleanup done
Event: 38.242 Executing VM operation: HandshakeAllThreads
Event: 38.243 Executing VM operation: HandshakeAllThreads done
Event: 38.753 Executing VM operation: HandshakeAllThreads
Event: 38.754 Executing VM operation: HandshakeAllThreads done
Event: 38.766 Executing VM operation: Cleanup
Event: 38.767 Executing VM operation: Cleanup done
Event: 39.779 Executing VM operation: Cleanup
Event: 39.811 Executing VM operation: Cleanup done
Event: 40.792 Executing VM operation: HandshakeAllThreads
Event: 40.792 Executing VM operation: HandshakeAllThreads done
Event: 41.067 Executing VM operation: G1CollectForAllocation

Events (20 events):
Event: 39.107 loading class java/security/cert/CertificateException done
Event: 39.107 loading class java/security/cert/CertificateParsingException done
Event: 40.014 loading class java/nio/channels/Channels$ReadableByteChannelImpl
Event: 40.017 loading class java/nio/channels/Channels$ReadableByteChannelImpl done
Event: 40.110 loading class java/util/EmptyStackException
Event: 40.110 loading class java/util/EmptyStackException done
Event: 40.187 loading class java/io/InvalidClassException
Event: 40.188 loading class java/io/InvalidClassException done
Event: 40.533 loading class java/util/stream/SortedOps
Event: 40.535 loading class java/util/stream/SortedOps done
Event: 40.535 loading class java/util/stream/SortedOps$OfRef
Event: 40.539 loading class java/util/stream/ReferencePipeline$StatefulOp
Event: 40.542 loading class java/util/stream/ReferencePipeline$StatefulOp done
Event: 40.542 loading class java/util/stream/SortedOps$OfRef done
Event: 40.544 loading class java/util/stream/SortedOps$SizedRefSortingSink
Event: 40.544 loading class java/util/stream/SortedOps$AbstractRefSortingSink
Event: 40.544 loading class java/util/stream/SortedOps$AbstractRefSortingSink done
Event: 40.544 loading class java/util/stream/SortedOps$SizedRefSortingSink done
Event: 40.656 loading class java/util/Comparators$NaturalOrderComparator
Event: 40.656 loading class java/util/Comparators$NaturalOrderComparator done


Dynamic libraries:
0x00007ff75d9c0000 - 0x00007ff75d9ca000 	C:\Program Files\Android\Android Studio\jbr\bin\java.exe
0x00007fffa9af0000 - 0x00007fffa9ce8000 	C:\Windows\SYSTEM32\ntdll.dll
0x00007fffa8740000 - 0x00007fffa87fd000 	C:\Windows\System32\KERNEL32.DLL
0x00007fffa7720000 - 0x00007fffa7a16000 	C:\Windows\System32\KERNELBASE.dll
0x00007fffa7a20000 - 0x00007fffa7b20000 	C:\Windows\System32\ucrtbase.dll
0x00007fffa31f0000 - 0x00007fffa320b000 	C:\Program Files\Android\Android Studio\jbr\bin\VCRUNTIME140.dll
0x00007fff8e530000 - 0x00007fff8e547000 	C:\Program Files\Android\Android Studio\jbr\bin\jli.dll
0x00007fffa9020000 - 0x00007fffa91bf000 	C:\Windows\System32\USER32.dll
0x00007fffa71a0000 - 0x00007fffa71c2000 	C:\Windows\System32\win32u.dll
0x00007fffa86d0000 - 0x00007fffa86fb000 	C:\Windows\System32\GDI32.dll
0x00007fffa73a0000 - 0x00007fffa74b7000 	C:\Windows\System32\gdi32full.dll
0x00007fffa7570000 - 0x00007fffa760d000 	C:\Windows\System32\msvcp_win.dll
0x00007fff96a10000 - 0x00007fff96caa000 	C:\Windows\WinSxS\amd64_microsoft.windows.common-controls_6595b64144ccf1df_6.0.19041.4355_none_60b8b9eb71f62e16\COMCTL32.dll
0x00007fffa83b0000 - 0x00007fffa844e000 	C:\Windows\System32\msvcrt.dll
0x00007fffa8700000 - 0x00007fffa8732000 	C:\Windows\System32\IMM32.DLL
0x00007fffa2310000 - 0x00007fffa231c000 	C:\Program Files\Android\Android Studio\jbr\bin\vcruntime140_1.dll
0x00007fff8b390000 - 0x00007fff8b41d000 	C:\Program Files\Android\Android Studio\jbr\bin\msvcp140.dll
0x00007fff601e0000 - 0x00007fff60e63000 	C:\Program Files\Android\Android Studio\jbr\bin\server\jvm.dll
0x00007fffa8920000 - 0x00007fffa89d0000 	C:\Windows\System32\ADVAPI32.dll
0x00007fffa8880000 - 0x00007fffa8920000 	C:\Windows\System32\sechost.dll
0x00007fffa84d0000 - 0x00007fffa85f3000 	C:\Windows\System32\RPCRT4.dll
0x00007fffa76f0000 - 0x00007fffa7717000 	C:\Windows\System32\bcrypt.dll
0x00007fffa66d0000 - 0x00007fffa671b000 	C:\Windows\SYSTEM32\POWRPROF.dll
0x00007fffa3220000 - 0x00007fffa3229000 	C:\Windows\SYSTEM32\WSOCK32.dll
0x00007fffa8460000 - 0x00007fffa84cb000 	C:\Windows\System32\WS2_32.dll
0x00007fff98450000 - 0x00007fff9845a000 	C:\Windows\SYSTEM32\VERSION.dll
0x00007fff917a0000 - 0x00007fff917c7000 	C:\Windows\SYSTEM32\WINMM.dll
0x00007fffa6590000 - 0x00007fffa65a2000 	C:\Windows\SYSTEM32\UMPDC.dll
0x00007fffa5020000 - 0x00007fffa5032000 	C:\Windows\SYSTEM32\kernel.appcore.dll
0x00007fffa3210000 - 0x00007fffa321a000 	C:\Program Files\Android\Android Studio\jbr\bin\jimage.dll
0x00007fff92f80000 - 0x00007fff93164000 	C:\Windows\SYSTEM32\DBGHELP.DLL
0x00007fff92f20000 - 0x00007fff92f54000 	C:\Windows\SYSTEM32\dbgcore.DLL
0x00007fffa7610000 - 0x00007fffa7692000 	C:\Windows\System32\bcryptPrimitives.dll
0x00007fff96450000 - 0x00007fff9645e000 	C:\Program Files\Android\Android Studio\jbr\bin\instrument.dll
0x00007fff9f610000 - 0x00007fff9f635000 	C:\Program Files\Android\Android Studio\jbr\bin\java.dll
0x00007fff9edb0000 - 0x00007fff9edc8000 	C:\Program Files\Android\Android Studio\jbr\bin\zip.dll
0x00007fffa7c40000 - 0x00007fffa83ab000 	C:\Windows\System32\SHELL32.dll
0x00007fffa5220000 - 0x00007fffa59bd000 	C:\Windows\SYSTEM32\windows.storage.dll
0x00007fffa8c60000 - 0x00007fffa8fb3000 	C:\Windows\System32\combase.dll
0x00007fffa6bc0000 - 0x00007fffa6bee000 	C:\Windows\SYSTEM32\Wldp.dll
0x00007fffa8600000 - 0x00007fffa86cd000 	C:\Windows\System32\OLEAUT32.dll
0x00007fffa9710000 - 0x00007fffa97bd000 	C:\Windows\System32\SHCORE.dll
0x00007fffa8c00000 - 0x00007fffa8c55000 	C:\Windows\System32\shlwapi.dll
0x00007fffa70d0000 - 0x00007fffa70f4000 	C:\Windows\SYSTEM32\profapi.dll
0x00007fff9cb90000 - 0x00007fff9cba9000 	C:\Program Files\Android\Android Studio\jbr\bin\net.dll
0x00007fff9e940000 - 0x00007fff9ea4a000 	C:\Windows\SYSTEM32\WINHTTP.dll
0x00007fffa6920000 - 0x00007fffa698a000 	C:\Windows\system32\mswsock.dll
0x00007fff9cb00000 - 0x00007fff9cb16000 	C:\Program Files\Android\Android Studio\jbr\bin\nio.dll
0x00007fff9cb80000 - 0x00007fff9cb90000 	C:\Program Files\Android\Android Studio\jbr\bin\verify.dll
0x00007fff9e0a0000 - 0x00007fff9e0c7000 	C:\Users\chaerul\.gradle\native\c067742578af261105cb4f569cf0c3c89f3d7b1fecec35dd04571415982c5e48\windows-amd64\native-platform.dll
0x00007fff80a30000 - 0x00007fff80b74000 	C:\Users\chaerul\.gradle\native\38dada09dfb8b06ba9b0570ebf7e218e3eb74d4ef43ca46872605cf95ebc2f47\windows-amd64\native-platform-file-events.dll
0x00007fff97890000 - 0x00007fff97899000 	C:\Program Files\Android\Android Studio\jbr\bin\management.dll
0x00007fff969c0000 - 0x00007fff969cb000 	C:\Program Files\Android\Android Studio\jbr\bin\management_ext.dll
0x00007fffa97c0000 - 0x00007fffa97c8000 	C:\Windows\System32\PSAPI.DLL
0x00007fffa6b10000 - 0x00007fffa6b28000 	C:\Windows\SYSTEM32\CRYPTSP.dll
0x00007fffa61d0000 - 0x00007fffa6204000 	C:\Windows\system32\rsaenh.dll
0x00007fffa7080000 - 0x00007fffa70ae000 	C:\Windows\SYSTEM32\USERENV.dll
0x00007fffa6b30000 - 0x00007fffa6b3c000 	C:\Windows\SYSTEM32\CRYPTBASE.dll
0x00007fffa65b0000 - 0x00007fffa65eb000 	C:\Windows\SYSTEM32\IPHLPAPI.DLL
0x00007fffa89d0000 - 0x00007fffa89d8000 	C:\Windows\System32\NSI.dll
0x00007fff9ed90000 - 0x00007fff9eda7000 	C:\Windows\SYSTEM32\dhcpcsvc6.DLL
0x00007fff9fe80000 - 0x00007fff9fe9d000 	C:\Windows\SYSTEM32\dhcpcsvc.DLL
0x00007fffa65f0000 - 0x00007fffa66bb000 	C:\Windows\SYSTEM32\DNSAPI.dll
0x00007fff9caf0000 - 0x00007fff9caf9000 	C:\Program Files\Android\Android Studio\jbr\bin\extnet.dll
0x00007fffa1510000 - 0x00007fffa1517000 	C:\Windows\system32\wshunix.dll

dbghelp: loaded successfully - version: 4.0.5 - missing functions: none
symbol engine: initialized successfully - sym options: 0x614 - pdb path: .;C:\Program Files\Android\Android Studio\jbr\bin;C:\Windows\SYSTEM32;C:\Windows\WinSxS\amd64_microsoft.windows.common-controls_6595b64144ccf1df_6.0.19041.4355_none_60b8b9eb71f62e16;C:\Program Files\Android\Android Studio\jbr\bin\server;C:\Users\chaerul\.gradle\native\c067742578af261105cb4f569cf0c3c89f3d7b1fecec35dd04571415982c5e48\windows-amd64;C:\Users\chaerul\.gradle\native\38dada09dfb8b06ba9b0570ebf7e218e3eb74d4ef43ca46872605cf95ebc2f47\windows-amd64

VM Arguments:
jvm_args: --add-opens=java.base/java.util=ALL-UNNAMED --add-opens=java.base/java.lang=ALL-UNNAMED --add-opens=java.base/java.lang.invoke=ALL-UNNAMED --add-opens=java.prefs/java.util.prefs=ALL-UNNAMED --add-opens=java.base/java.nio.charset=ALL-UNNAMED --add-opens=java.base/java.net=ALL-UNNAMED --add-opens=java.base/java.util.concurrent.atomic=ALL-UNNAMED -Xmx2048m -Dfile.encoding=UTF-8 -Duser.country=ID -Duser.language=en -Duser.variant -javaagent:C:\Users\chaerul\.gradle\wrapper\dists\gradle-8.6-bin\afr5mpiioh2wthjmwnkmdsd5w\gradle-8.6\lib\agents\gradle-instrumentation-agent-8.6.jar 
java_command: org.gradle.launcher.daemon.bootstrap.GradleDaemon 8.6
java_class_path (initial): C:\Users\chaerul\.gradle\wrapper\dists\gradle-8.6-bin\afr5mpiioh2wthjmwnkmdsd5w\gradle-8.6\lib\gradle-launcher-8.6.jar
Launcher Type: SUN_STANDARD

[Global flags]
     intx CICompilerCount                          = 2                                         {product} {ergonomic}
     uint ConcGCThreads                            = 1                                         {product} {ergonomic}
     uint G1ConcRefinementThreads                  = 2                                         {product} {ergonomic}
   size_t G1HeapRegionSize                         = 1048576                                   {product} {ergonomic}
    uintx GCDrainStackTargetSize                   = 64                                        {product} {ergonomic}
   size_t InitialHeapSize                          = 67108864                                  {product} {ergonomic}
   size_t MarkStackSize                            = 4194304                                   {product} {ergonomic}
   size_t MaxHeapSize                              = 2147483648                                {product} {command line}
   size_t MaxNewSize                               = 1287651328                                {product} {ergonomic}
   size_t MinHeapDeltaBytes                        = 1048576                                   {product} {ergonomic}
   size_t MinHeapSize                              = 8388608                                   {product} {ergonomic}
    uintx NonNMethodCodeHeapSize                   = 5826188                                {pd product} {ergonomic}
    uintx NonProfiledCodeHeapSize                  = 122916026                              {pd product} {ergonomic}
    uintx ProfiledCodeHeapSize                     = 122916026                              {pd product} {ergonomic}
    uintx ReservedCodeCacheSize                    = 251658240                              {pd product} {ergonomic}
     bool SegmentedCodeCache                       = true                                      {product} {ergonomic}
   size_t SoftMaxHeapSize                          = 2147483648                             {manageable} {ergonomic}
     bool UseCompressedClassPointers               = true                           {product lp64_product} {ergonomic}
     bool UseCompressedOops                        = true                           {product lp64_product} {ergonomic}
     bool UseG1GC                                  = true                                      {product} {ergonomic}
     bool UseLargePagesIndividualAllocation        = false                                  {pd product} {ergonomic}

Logging:
Log output configuration:
 #0: stdout all=warning uptime,level,tags
 #1: stderr all=off uptime,level,tags

Environment Variables:
PATH=C:\Program Files (x86)\Common Files\Intel\Shared Libraries\redist\intel64\compiler;C:\Python311\Scripts\;C:\Python311\;C:\Program Files\Common Files\Oracle\Java\javapath;C:\Windows\system32;C:\Windows;C:\Windows\System32\Wbem;C:\Windows\System32\WindowsPowerShell\v1.0\;C:\Windows\System32\OpenSSH\;C:\Program Files\nodejs\;C:\ProgramData\chocolatey\bin;C:\Program Files\PowerShell\7\;C:\Users\chaerul\xampp\php;C:\ProgramData\ComposerSetup\bin;C:\Program Files\Git\cmd;C:\Program Files\Go\bin;C:\Users\chaerul\AppData\Local\Microsoft\WindowsApps;C:\Users\chaerul\AppData\Local\Programs\Microsoft VS Code\bin;C:\Users\chaerul\AppData\Roaming\npm;C:\Users\chaerul\AppData\Roaming\Composer\vendor\bin;C:\dart-sdk\bin;C:\src\flutter\bin;C:\Users\chaerul\go\bin;C:\xampp\php;
USERNAME=chaerul
OS=Windows_NT
PROCESSOR_IDENTIFIER=Intel64 Family 6 Model 23 Stepping 6, GenuineIntel
TMP=C:\Users\chaerul\AppData\Local\Temp
TEMP=C:\Users\chaerul\AppData\Local\Temp



Periodic native trim disabled

JNI global refs:
JNI global refs: 25, weak refs: 1

JNI global refs memory usage: 843, weak refs: 841

OOME stack traces (most recent first):
Classloader memory used:
Loader org.gradle.internal.classloader.VisitableURLClassLoader                         : 3501K
Loader bootstrap                                                                       : 2442K
Loader org.gradle.initialization.MixInLegacyTypesClassLoader                           : 853K
Loader org.gradle.internal.classloader.VisitableURLClassLoader                         : 80367B
Loader org.gradle.internal.classloader.VisitableURLClassLoader$InstrumentingVisitableURLClassLoader: 79016B
Loader jdk.internal.loader.ClassLoaders$PlatformClassLoader                            : 65512B
Loader jdk.internal.loader.ClassLoaders$AppClassLoader                                 : 28733B
Loader jdk.internal.reflect.DelegatingClassLoader                                      : 26682B
Loader org.gradle.groovy.scripts.internal.DefaultScriptCompilationHandler$ScriptClassLoader: 11110B
Loader org.codehaus.groovy.runtime.callsite.CallSiteClassLoader                        : 5997B

Classes loaded by more than one classloader:
Class org.gradle.internal.Cast                                                        : loaded 3 times (x 69B)
Class org.gradle.api.GradleException                                                  : loaded 3 times (x 80B)
Class org.jetbrains.plugins.gradle.model.MavenRepositoryModel                         : loaded 2 times (x 68B)
Class org.gradle.internal.classpath.ClassPath                                         : loaded 2 times (x 68B)
Class org.gradle.api.internal.classpath.DefaultModuleRegistry                         : loaded 2 times (x 84B)
Class org.gradle.internal.exceptions.NonGradleCauseExceptionsHolder                   : loaded 2 times (x 68B)
Class Settings_gradle$1$1                                                             : loaded 2 times (x 72B)
Class org.gradle.api.Action                                                           : loaded 2 times (x 68B)
Class org.jetbrains.kotlin.idea.gradleTooling.model.samWithReceiver.SamWithReceiverModel: loaded 2 times (x 68B)
Class ijInit1_cvjkftrgge1nkzpbihrg9xvz9                                               : loaded 2 times (x 177B)
Class org.jetbrains.plugins.gradle.model.ExternalProject                              : loaded 2 times (x 68B)
Class org.jetbrains.plugins.gradle.model.IntelliJSettings                             : loaded 2 times (x 68B)
Class org.jetbrains.kotlin.idea.gradleTooling.KotlinMPPGradleModel                    : loaded 2 times (x 68B)
Class org.gradle.api.internal.DefaultClassPathProvider                                : loaded 2 times (x 74B)
Class org.gradle.internal.installation.GradleInstallation$1                           : loaded 2 times (x 73B)
Class sync_studio_tooling_3uwpueiletkcntruz0nfnlhfq$_run_closure1                     : loaded 2 times (x 137B)
Class org.gradle.internal.exceptions.DefaultMultiCauseException                       : loaded 2 times (x 89B)
Class org.gradle.util.GradleVersion                                                   : loaded 2 times (x 81B)
Class org.gradle.internal.time.MonotonicClock                                         : loaded 2 times (x 75B)
Class org.gradle.internal.classloader.FilteringClassLoader                            : loaded 2 times (x 103B)
Class org.gradle.tooling.model.Model                                                  : loaded 2 times (x 68B)
Class org.gradle.internal.classpath.DefaultClassPath$ImmutableUniqueList$Builder      : loaded 2 times (x 73B)
Class org.jetbrains.kotlin.idea.gradleTooling.KotlinSourceSetContainer                : loaded 2 times (x 68B)
Class org.gradle.internal.classloader.ClassLoaderVisitor                              : loaded 2 times (x 74B)
Class org.gradle.internal.time.DefaultCountdownTimer                                  : loaded 2 times (x 86B)
Class org.gradle.internal.service.DefaultServiceLocator                               : loaded 2 times (x 81B)
Class org.gradle.internal.service.UnknownServiceException                             : loaded 2 times (x 81B)
Class org.jetbrains.plugins.gradle.model.DependencyAccessorsModel                     : loaded 2 times (x 68B)
Class org.gradle.internal.classloader.DefaultClassLoaderFactory                       : loaded 2 times (x 80B)
Class org.jetbrains.plugins.gradle.model.GradleExtensions                             : loaded 2 times (x 68B)
Class org.jetbrains.plugins.gradle.model.VersionCatalogsModel                         : loaded 2 times (x 68B)
Class org.gradle.internal.classloader.VisitableURLClassLoader$Spec                    : loaded 2 times (x 72B)
Class org.gradle.tooling.model.ProjectModel                                           : loaded 2 times (x 68B)
Class org.gradle.tooling.model.UnsupportedMethodException                             : loaded 2 times (x 80B)
Class org.gradle.tooling.internal.gradle.DefaultProjectIdentifier                     : loaded 2 times (x 84B)
Class org.gradle.api.internal.classpath.ModuleRegistry                                : loaded 2 times (x 68B)
Class org.jetbrains.plugins.gradle.model.RepositoriesModel                            : loaded 2 times (x 68B)
Class kotlin.jvm.internal.markers.KMappedMarker                                       : loaded 2 times (x 68B)
Class org.gradle.api.internal.ClassPathProvider                                       : loaded 2 times (x 68B)
Class org.gradle.internal.classloader.ClasspathUtil$1                                 : loaded 2 times (x 74B)
Class org.gradle.internal.classloader.ClassLoaderFactory                              : loaded 2 times (x 68B)
Class org.gradle.api.internal.classpath.ManifestUtil                                  : loaded 2 times (x 69B)
Class org.gradle.api.specs.Spec                                                       : loaded 2 times (x 68B)
Class org.gradle.tooling.internal.gradle.GradleBuildIdentity                          : loaded 2 times (x 68B)
Class org.gradle.internal.IoActions                                                   : loaded 2 times (x 69B)
Class org.gradle.api.internal.classpath.EffectiveClassPath                            : loaded 2 times (x 88B)
Class kotlin.jvm.internal.DefaultConstructorMarker                                    : loaded 2 times (x 69B)
Class org.jetbrains.kotlin.idea.gradleTooling.model.annotation.AnnotationBasedPluginModel: loaded 2 times (x 68B)
Class org.jetbrains.kotlin.idea.gradleTooling.model.assignment.AssignmentModel        : loaded 2 times (x 68B)
Class org.gradle.internal.installation.CurrentGradleInstallation                      : loaded 2 times (x 71B)
Class org.gradle.internal.agents.InstrumentingClassLoader                             : loaded 2 times (x 68B)
Class org.gradle.internal.installation.CurrentGradleInstallationLocator               : loaded 2 times (x 69B)
Class org.gradle.api.internal.classpath.Module                                        : loaded 2 times (x 68B)
Class org.gradle.internal.service.CachingServiceLocator                               : loaded 2 times (x 80B)
Class org.gradle.internal.time.Timer                                                  : loaded 2 times (x 68B)
Class org.jetbrains.plugins.gradle.model.tests.ExternalTestsModel                     : loaded 2 times (x 68B)
Class org.jetbrains.kotlin.idea.gradleTooling.KotlinDslScriptAdditionalTask           : loaded 2 times (x 68B)
Class org.gradle.internal.classpath.DefaultClassPath                                  : loaded 2 times (x 88B)
Class sync_studio_tooling_3uwpueiletkcntruz0nfnlhfq                                   : loaded 2 times (x 177B)
Class com.intellij.openapi.externalSystem.model.project.dependencies.ProjectDependencies: loaded 2 times (x 68B)
Class org.jetbrains.kotlin.idea.gradleTooling.PrepareKotlinIdeImportTaskModel         : loaded 2 times (x 68B)
Class org.gradle.internal.impldep.com.google.common.base.Preconditions                : loaded 2 times (x 69B)
Class kotlin.jvm.functions.Function1                                                  : loaded 2 times (x 68B)
Class org.gradle.internal.time.Time                                                   : loaded 2 times (x 69B)
Class org.gradle.internal.time.TimeSource$1                                           : loaded 2 times (x 75B)
Class org.gradle.internal.classloader.SystemClassLoaderSpec                           : loaded 2 times (x 69B)
Class kotlin.Function                                                                 : loaded 2 times (x 68B)
Class org.gradle.api.UncheckedIOException                                             : loaded 2 times (x 80B)
Class Program                                                                         : loaded 2 times (x 70B)
Class org.gradle.tooling.internal.gradle.GradleProjectIdentity                        : loaded 2 times (x 68B)
Class org.gradle.internal.time.CountdownTimer                                         : loaded 2 times (x 68B)
Class org.gradle.internal.time.Clock                                                  : loaded 2 times (x 68B)
Class org.gradle.internal.classloader.ClasspathUtil                                   : loaded 2 times (x 69B)
Class org.gradle.tooling.model.BuildIdentifier                                        : loaded 2 times (x 68B)
Class org.gradle.api.internal.DefaultClassPathRegistry                                : loaded 2 times (x 74B)
Class org.gradle.api.internal.classpath.DefaultModuleRegistry$DefaultModule           : loaded 2 times (x 84B)
Class org.gradle.internal.time.TimeSource                                             : loaded 2 times (x 68B)
Class org.jetbrains.kotlin.android.synthetic.idea.AndroidExtensionsGradleModel        : loaded 2 times (x 68B)
Class org.gradle.api.internal.classpath.UnknownModuleException                        : loaded 2 times (x 80B)
Class org.jetbrains.plugins.gradle.model.IntelliJProjectSettings                      : loaded 2 times (x 68B)
Class org.gradle.internal.service.ServiceLookupException                              : loaded 2 times (x 80B)
Class org.gradle.cache.GlobalCache                                                    : loaded 2 times (x 68B)
Class org.jetbrains.kotlin.idea.gradleTooling.model.lombok.LombokModel                : loaded 2 times (x 68B)
Class org.gradle.tooling.model.ProjectIdentifier                                      : loaded 2 times (x 68B)
Class [Lorg.gradle.api.internal.ClassPathProvider;                                    : loaded 2 times (x 67B)
Class org.gradle.internal.operations.MultipleBuildOperationFailures                   : loaded 2 times (x 89B)
Class org.gradle.util.internal.GUtil                                                  : loaded 2 times (x 69B)
Class org.jetbrains.plugins.gradle.model.AnnotationProcessingModel                    : loaded 2 times (x 68B)
Class org.gradle.internal.classloader.ClassLoaderSpec                                 : loaded 2 times (x 69B)
Class org.jetbrains.plugins.gradle.model.BuildScriptClasspathModel                    : loaded 2 times (x 68B)
Class org.gradle.internal.classloader.VisitableURLClassLoader                         : loaded 2 times (x 115B)
Class org.gradle.internal.installation.GradleInstallation                             : loaded 2 times (x 73B)
Class org.gradle.api.internal.ClassPathRegistry                                       : loaded 2 times (x 68B)
Class org.gradle.internal.classloader.VisitableURLClassLoader$InstrumentingVisitableURLClassLoader: loaded 2 times (x 121B)
Class org.gradle.internal.classloader.ClassLoaderHierarchy                            : loaded 2 times (x 68B)
Class org.gradle.internal.exceptions.MultiCauseException                              : loaded 2 times (x 68B)
Class org.jetbrains.kotlin.idea.gradleTooling.model.parcelize.ParcelizeGradleModel    : loaded 2 times (x 68B)
Class org.gradle.internal.InternalTransformer                                         : loaded 2 times (x 68B)
Class org.jetbrains.kotlin.idea.gradleTooling.model.noarg.NoArgModel                  : loaded 2 times (x 68B)
Class org.jetbrains.kotlin.idea.gradleTooling.KotlinGradleModel                       : loaded 2 times (x 68B)
Class org.gradle.tooling.internal.gradle.DefaultBuildIdentifier                       : loaded 2 times (x 77B)
Class org.gradle.internal.service.ServiceLocator                                      : loaded 2 times (x 68B)
Class Settings_gradle$1                                                               : loaded 2 times (x 72B)
Class org.jetbrains.kotlin.idea.gradleTooling.model.allopen.AllOpenModel              : loaded 2 times (x 68B)
Class org.gradle.internal.classpath.DefaultClassPath$ImmutableUniqueList              : loaded 2 times (x 159B)
Class org.gradle.internal.time.DefaultTimer                                           : loaded 2 times (x 78B)
Class org.gradle.internal.classpath.TransformedClassPath                              : loaded 2 times (x 94B)
Class Settings_gradle                                                                 : loaded 2 times (x 126B)


---------------  S Y S T E M  ---------------

OS:
 Windows 10 , 64 bit Build 19041 (10.0.19041.3636)
OS uptime: 16 days 2:02 hours

CPU: total 2 (initial active 2) (2 cores per cpu, 1 threads per core) family 6 model 23 stepping 6 microcode 0x610, cx8, cmov, fxsr, mmx, sse, sse2, sse3, ssse3, sse4.1, tsc, clflush
Processor Information for all 2 processors :
  Max Mhz: 2267, Current Mhz: 2267, Mhz Limit: 2267

Memory: 4k page, system-wide physical 3990M (51M free)
TotalPageFile size 16278M (AvailPageFile size 15M)
current process WorkingSet (physical memory assigned to process): 253M, peak: 266M
current process commit charge ("private bytes"): 294M, peak: 317M

vm_info: OpenJDK 64-Bit Server VM (17.0.10+0--11572160) for windows-amd64 JRE (17.0.10+0--11572160), built on Mar 13 2024 23:56:38 by "androidbuild" with MS VC++ 16.10 / 16.11 (VS2019)

END.
