#
# There is insufficient memory for the Java Runtime Environment to continue.
# Native memory allocation (malloc) failed to allocate 32744 bytes for ChunkPool::allocate
# Possible reasons:
#   The system is out of physical RAM or swap space
#   The process is running with CompressedOops enabled, and the Java Heap may be blocking the growth of the native heap
# Possible solutions:
#   Reduce memory load on the system
#   Increase physical memory or swap space
#   Check if swap backing store is full
#   Decrease Java heap size (-Xmx/-Xms)
#   Decrease number of Java threads
#   Decrease Java thread stack sizes (-Xss)
#   Set larger code cache with -XX:ReservedCodeCacheSize=
#   JVM is running with Unscaled Compressed Oops mode in which the Java heap is
#     placed in the first 4GB address space. The Java Heap base address is the
#     maximum limit for the native heap growth. Please use -XX:HeapBaseMinAddress
#     to set the Java Heap base and to place the Java Heap above 4GB virtual address.
# This output file may be truncated or incomplete.
#
#  Out of Memory Error (arena.cpp:79), pid=13800, tid=11416
#
# JRE version: OpenJDK Runtime Environment (17.0.10) (build 17.0.10+0--11572160)
# Java VM: OpenJDK 64-Bit Server VM (17.0.10+0--11572160, mixed mode, tiered, compressed oops, compressed class ptrs, g1 gc, windows-amd64)
# No core dump will be written. Minidumps are not enabled by default on client versions of Windows
#

---------------  S U M M A R Y ------------

Command Line: --add-opens=java.base/java.util=ALL-UNNAMED --add-opens=java.base/java.lang=ALL-UNNAMED --add-opens=java.base/java.lang.invoke=ALL-UNNAMED --add-opens=java.prefs/java.util.prefs=ALL-UNNAMED --add-opens=java.base/java.nio.charset=ALL-UNNAMED --add-opens=java.base/java.net=ALL-UNNAMED --add-opens=java.base/java.util.concurrent.atomic=ALL-UNNAMED -Xmx2048m -Dfile.encoding=UTF-8 -Duser.country=ID -Duser.language=en -Duser.variant -javaagent:C:\Users\chaerul\.gradle\wrapper\dists\gradle-8.6-bin\afr5mpiioh2wthjmwnkmdsd5w\gradle-8.6\lib\agents\gradle-instrumentation-agent-8.6.jar org.gradle.launcher.daemon.bootstrap.GradleDaemon 8.6

Host: Intel(R) Core(TM)2 Duo CPU     P8400  @ 2.26GHz, 2 cores, 3G,  Windows 10 , 64 bit Build 19041 (10.0.19041.3636)
Time: Wed Jun 12 00:40:47 2024 SE Asia Standard Time elapsed time: 22.375967 seconds (0d 0h 0m 22s)

---------------  T H R E A D  ---------------

Current thread (0x000001cb133e90a0):  JavaThread "C2 CompilerThread0" daemon [_thread_in_native, id=11416, stack(0x0000004336000000,0x0000004336100000)]


Current CompileTask:
C2:  22376 3099   !   4       java.lang.ClassLoader::loadClass (121 bytes)

Stack: [0x0000004336000000,0x0000004336100000]
Native frames: (J=compiled Java code, j=interpreted, Vv=VM code, C=native code)
V  [jvm.dll+0x688e89]
V  [jvm.dll+0x84247a]
V  [jvm.dll+0x8440be]
V  [jvm.dll+0x844723]
V  [jvm.dll+0x24be0f]
V  [jvm.dll+0xac721]
V  [jvm.dll+0xacb6c]
V  [jvm.dll+0x371960]
V  [jvm.dll+0x370eb1]
V  [jvm.dll+0x370ef4]
V  [jvm.dll+0x571805]
V  [jvm.dll+0x572033]
V  [jvm.dll+0x336189]
V  [jvm.dll+0x3355fa]
V  [jvm.dll+0x21daa1]
V  [jvm.dll+0x21cec1]
V  [jvm.dll+0x1a60ad]
V  [jvm.dll+0x22cd78]
V  [jvm.dll+0x22aeb0]
V  [jvm.dll+0x7f6917]
V  [jvm.dll+0x7f0d1a]
V  [jvm.dll+0x687d05]
C  [ucrtbase.dll+0x21bb2]
C  [KERNEL32.DLL+0x17344]
C  [ntdll.dll+0x526b1]


---------------  P R O C E S S  ---------------

Threads class SMR info:
_java_thread_list=0x000001cb18a1b050, length=34, elements={
0x000001cb7a28eca0, 0x000001cb13399e20, 0x000001cb1339ccb0, 0x000001cb133b5bc0,
0x000001cb133b6780, 0x000001cb133b9250, 0x000001cb133e83f0, 0x000001cb133e90a0,
0x000001cb1341b770, 0x000001cb1341e440, 0x000001cb7a34e290, 0x000001cb1387b7c0,
0x000001cb1382e790, 0x000001cb18d1d8f0, 0x000001cb19b7e9d0, 0x000001cb189476b0,
0x000001cb181bf420, 0x000001cb1384df80, 0x000001cb188fef60, 0x000001cb18abc480,
0x000001cb18abed00, 0x000001cb18abd3b0, 0x000001cb18abcea0, 0x000001cb18abd8c0,
0x000001cb18abddd0, 0x000001cb18abe2e0, 0x000001cb18abe7f0, 0x000001cb18abf210,
0x000001cb18abfc30, 0x000001cb18abf720, 0x000001cb18964080, 0x000001cb18967320,
0x000001cb18960de0, 0x000001cb18962730
}

Java Threads: ( => current thread )
  0x000001cb7a28eca0 JavaThread "main" [_thread_blocked, id=12520, stack(0x0000004335300000,0x0000004335400000)]
  0x000001cb13399e20 JavaThread "Reference Handler" daemon [_thread_blocked, id=12948, stack(0x0000004335a00000,0x0000004335b00000)]
  0x000001cb1339ccb0 JavaThread "Finalizer" daemon [_thread_blocked, id=12384, stack(0x0000004335b00000,0x0000004335c00000)]
  0x000001cb133b5bc0 JavaThread "Signal Dispatcher" daemon [_thread_blocked, id=10128, stack(0x0000004335c00000,0x0000004335d00000)]
  0x000001cb133b6780 JavaThread "Attach Listener" daemon [_thread_blocked, id=6432, stack(0x0000004335d00000,0x0000004335e00000)]
  0x000001cb133b9250 JavaThread "Service Thread" daemon [_thread_blocked, id=7868, stack(0x0000004335e00000,0x0000004335f00000)]
  0x000001cb133e83f0 JavaThread "Monitor Deflation Thread" daemon [_thread_blocked, id=8420, stack(0x0000004335f00000,0x0000004336000000)]
=>0x000001cb133e90a0 JavaThread "C2 CompilerThread0" daemon [_thread_in_native, id=11416, stack(0x0000004336000000,0x0000004336100000)]
  0x000001cb1341b770 JavaThread "C1 CompilerThread0" daemon [_thread_in_vm, id=8384, stack(0x0000004336100000,0x0000004336200000)]
  0x000001cb1341e440 JavaThread "Sweeper thread" daemon [_thread_blocked, id=5760, stack(0x0000004336200000,0x0000004336300000)]
  0x000001cb7a34e290 JavaThread "Common-Cleaner" daemon [_thread_blocked, id=1256, stack(0x0000004336300000,0x0000004336400000)]
  0x000001cb1387b7c0 JavaThread "Notification Thread" daemon [_thread_blocked, id=11976, stack(0x0000004336400000,0x0000004336500000)]
  0x000001cb1382e790 JavaThread "Daemon health stats" [_thread_blocked, id=3728, stack(0x0000004336700000,0x0000004336800000)]
  0x000001cb18d1d8f0 JavaThread "Incoming local TCP Connector on port 63173" [_thread_in_native, id=1616, stack(0x0000004336800000,0x0000004336900000)]
  0x000001cb19b7e9d0 JavaThread "Daemon periodic checks" [_thread_blocked, id=8256, stack(0x0000004336900000,0x0000004336a00000)]
  0x000001cb189476b0 JavaThread "Daemon" [_thread_blocked, id=4772, stack(0x0000004336a00000,0x0000004336b00000)]
  0x000001cb181bf420 JavaThread "Handler for socket connection from /127.0.0.1:63173 to /127.0.0.1:63174" [_thread_in_native, id=10548, stack(0x0000004336b00000,0x0000004336c00000)]
  0x000001cb1384df80 JavaThread "Cancel handler" [_thread_blocked, id=3912, stack(0x0000004336c00000,0x0000004336d00000)]
  0x000001cb188fef60 JavaThread "Daemon worker" [_thread_in_vm, id=2520, stack(0x0000004336d00000,0x0000004336e00000)]
  0x000001cb18abc480 JavaThread "Asynchronous log dispatcher for DefaultDaemonConnection: socket connection from /127.0.0.1:63173 to /127.0.0.1:63174" [_thread_blocked, id=1860, stack(0x0000004336e00000,0x0000004336f00000)]
  0x000001cb18abed00 JavaThread "Stdin handler" [_thread_blocked, id=6724, stack(0x0000004336f00000,0x0000004337000000)]
  0x000001cb18abd3b0 JavaThread "Daemon client event forwarder" [_thread_blocked, id=12100, stack(0x0000004337000000,0x0000004337100000)]
  0x000001cb18abcea0 JavaThread "Cache worker for journal cache (C:\Users\chaerul\.gradle\caches\journal-1)" [_thread_blocked, id=3848, stack(0x0000004337100000,0x0000004337200000)]
  0x000001cb18abd8c0 JavaThread "File lock request listener" [_thread_in_native, id=7600, stack(0x0000004337200000,0x0000004337300000)]
  0x000001cb18abddd0 JavaThread "Cache worker for file hash cache (C:\Users\chaerul\.gradle\caches\8.6\fileHashes)" [_thread_blocked, id=12076, stack(0x0000004337300000,0x0000004337400000)]
  0x000001cb18abe2e0 JavaThread "File watcher server" daemon [_thread_in_native, id=1716, stack(0x0000004337400000,0x0000004337500000)]
  0x000001cb18abe7f0 JavaThread "File watcher consumer" daemon [_thread_blocked, id=11744, stack(0x0000004337500000,0x0000004337600000)]
  0x000001cb18abf210 JavaThread "jar transforms" [_thread_blocked, id=14824, stack(0x0000004337600000,0x0000004337700000)]
  0x000001cb18abfc30 JavaThread "jar transforms Thread 2" [_thread_blocked, id=3656, stack(0x0000004337700000,0x0000004337800000)]
  0x000001cb18abf720 JavaThread "Cache worker for checksums cache (C:\Users\chaerul\Desktop\projek apk\laundryku\.gradle\8.6\checksums)" [_thread_blocked, id=6576, stack(0x0000004337800000,0x0000004337900000)]
  0x000001cb18964080 JavaThread "Cache worker for file hash cache (C:\Users\chaerul\Desktop\projek apk\laundryku\.gradle\8.6\fileHashes)" [_thread_blocked, id=11008, stack(0x0000004337900000,0x0000004337a00000)]
  0x000001cb18967320 JavaThread "Cache worker for cache directory md-supplier (C:\Users\chaerul\.gradle\caches\8.6\md-supplier)" [_thread_blocked, id=8320, stack(0x0000004337a00000,0x0000004337b00000)]
  0x000001cb18960de0 JavaThread "Cache worker for cache directory md-rule (C:\Users\chaerul\.gradle\caches\8.6\md-rule)" [_thread_blocked, id=11784, stack(0x0000004337b00000,0x0000004337c00000)]
  0x000001cb18962730 JavaThread "Cache worker for file content cache (C:\Users\chaerul\.gradle\caches\8.6\fileContent)" [_thread_blocked, id=1868, stack(0x0000004337c00000,0x0000004337d00000)]

Other Threads:
  0x000001cb133ce100 VMThread "VM Thread" [stack: 0x0000004335900000,0x0000004335a00000] [id=4956]
  0x000001cb13879e50 WatcherThread [stack: 0x0000004336500000,0x0000004336600000] [id=11952]
  0x000001cb7a2e7cb0 GCTaskThread "GC Thread#0" [stack: 0x0000004335400000,0x0000004335500000] [id=13700]
  0x000001cb139a0030 GCTaskThread "GC Thread#1" [stack: 0x0000004336600000,0x0000004336700000] [id=9108]
  0x000001cb7a2f8c00 ConcurrentGCThread "G1 Main Marker" [stack: 0x0000004335500000,0x0000004335600000] [id=9636]
  0x000001cb7a2f9620 ConcurrentGCThread "G1 Conc#0" [stack: 0x0000004335600000,0x0000004335700000] [id=7020]
  0x000001cb7a3429b0 ConcurrentGCThread "G1 Refine#0" [stack: 0x0000004335700000,0x0000004335800000] [id=13864]
  0x000001cb7a3433e0 ConcurrentGCThread "G1 Service" [stack: 0x0000004335800000,0x0000004335900000] [id=464]

Threads with active compile tasks:
C2 CompilerThread0    22451 3099   !   4       java.lang.ClassLoader::loadClass (121 bytes)
C1 CompilerThread0    22451 3128       3       org.objectweb.asm.Frame::setInputFrameFromDescriptor (175 bytes)

VM state: not at safepoint (normal execution)

VM Mutex/Monitor currently owned by a thread: None

Heap address: 0x0000000080000000, size: 2048 MB, Compressed Oops mode: 32-bit

CDS archive(s) not mapped
Compressed class space mapped at: 0x0000000100000000-0x0000000140000000, reserved size: 1073741824
Narrow klass base: 0x0000000000000000, Narrow klass shift: 3, Narrow klass range: 0x140000000

GC Precious Log:
 CPUs: 2 total, 2 available
 Memory: 3990M
 Large Page Support: Disabled
 NUMA Support: Disabled
 Compressed Oops: Enabled (32-bit)
 Heap Region Size: 1M
 Heap Min Capacity: 8M
 Heap Initial Capacity: 64M
 Heap Max Capacity: 2G
 Pre-touch: Disabled
 Parallel Workers: 2
 Concurrent Workers: 1
 Concurrent Refinement Workers: 2
 Periodic GC: Disabled

Heap:
 garbage-first heap   total 70656K, used 43297K [0x0000000080000000, 0x0000000100000000)
  region size 1024K, 5 young (5120K), 1 survivors (1024K)
 Metaspace       used 35063K, committed 35456K, reserved 1114112K
  class space    used 4807K, committed 4992K, reserved 1048576K

Heap Regions: E=young(eden), S=young(survivor), O=old, HS=humongous(starts), HC=humongous(continues), CS=collection set, F=free, OA=open archive, CA=closed archive, TAMS=top-at-mark-start (previous, next)
|   0|0x0000000080000000, 0x0000000080100000, 0x0000000080100000|100%| O|  |TAMS 0x0000000080100000, 0x0000000080000000| Untracked 
|   1|0x0000000080100000, 0x0000000080200000, 0x0000000080200000|100%| O|  |TAMS 0x0000000080200000, 0x0000000080100000| Untracked 
|   2|0x0000000080200000, 0x0000000080300000, 0x0000000080300000|100%|HS|  |TAMS 0x0000000080300000, 0x0000000080200000| Complete 
|   3|0x0000000080300000, 0x0000000080400000, 0x0000000080400000|100%|HC|  |TAMS 0x0000000080400000, 0x0000000080300000| Complete 
|   4|0x0000000080400000, 0x0000000080500000, 0x0000000080500000|100%|HC|  |TAMS 0x0000000080500000, 0x0000000080400000| Complete 
|   5|0x0000000080500000, 0x0000000080600000, 0x0000000080600000|100%|HC|  |TAMS 0x0000000080600000, 0x0000000080500000| Complete 
|   6|0x0000000080600000, 0x0000000080700000, 0x0000000080700000|100%| O|  |TAMS 0x0000000080700000, 0x0000000080600000| Untracked 
|   7|0x0000000080700000, 0x0000000080800000, 0x0000000080800000|100%| O|  |TAMS 0x0000000080800000, 0x0000000080700000| Untracked 
|   8|0x0000000080800000, 0x0000000080900000, 0x0000000080900000|100%| O|  |TAMS 0x0000000080900000, 0x0000000080800000| Untracked 
|   9|0x0000000080900000, 0x0000000080a00000, 0x0000000080a00000|100%| O|  |TAMS 0x0000000080a00000, 0x0000000080900000| Untracked 
|  10|0x0000000080a00000, 0x0000000080b00000, 0x0000000080b00000|100%| O|  |TAMS 0x0000000080b00000, 0x0000000080a00000| Untracked 
|  11|0x0000000080b00000, 0x0000000080c00000, 0x0000000080c00000|100%| O|  |TAMS 0x0000000080c00000, 0x0000000080b00000| Untracked 
|  12|0x0000000080c00000, 0x0000000080d00000, 0x0000000080d00000|100%| O|  |TAMS 0x0000000080d00000, 0x0000000080c00000| Untracked 
|  13|0x0000000080d00000, 0x0000000080e00000, 0x0000000080e00000|100%| O|  |TAMS 0x0000000080e00000, 0x0000000080d00000| Untracked 
|  14|0x0000000080e00000, 0x0000000080f00000, 0x0000000080f00000|100%| O|  |TAMS 0x0000000080f00000, 0x0000000080e00000| Untracked 
|  15|0x0000000080f00000, 0x0000000081000000, 0x0000000081000000|100%| O|  |TAMS 0x0000000081000000, 0x0000000080f00000| Untracked 
|  16|0x0000000081000000, 0x0000000081100000, 0x0000000081100000|100%| O|  |TAMS 0x0000000081100000, 0x0000000081000000| Untracked 
|  17|0x0000000081100000, 0x0000000081200000, 0x0000000081200000|100%| O|  |TAMS 0x0000000081200000, 0x0000000081100000| Untracked 
|  18|0x0000000081200000, 0x0000000081300000, 0x0000000081300000|100%| O|  |TAMS 0x0000000081300000, 0x0000000081200000| Untracked 
|  19|0x0000000081300000, 0x0000000081400000, 0x0000000081400000|100%|HS|  |TAMS 0x0000000081400000, 0x0000000081300000| Complete 
|  20|0x0000000081400000, 0x0000000081500000, 0x0000000081500000|100%|HC|  |TAMS 0x0000000081500000, 0x0000000081400000| Complete 
|  21|0x0000000081500000, 0x0000000081600000, 0x0000000081600000|100%|HS|  |TAMS 0x0000000081600000, 0x0000000081500000| Complete 
|  22|0x0000000081600000, 0x0000000081700000, 0x0000000081700000|100%|HC|  |TAMS 0x0000000081700000, 0x0000000081600000| Complete 
|  23|0x0000000081700000, 0x0000000081800000, 0x0000000081800000|100%|HC|  |TAMS 0x0000000081800000, 0x0000000081700000| Complete 
|  24|0x0000000081800000, 0x0000000081900000, 0x0000000081900000|100%|HS|  |TAMS 0x0000000081900000, 0x0000000081800000| Complete 
|  25|0x0000000081900000, 0x0000000081a00000, 0x0000000081a00000|100%|HC|  |TAMS 0x0000000081a00000, 0x0000000081900000| Complete 
|  26|0x0000000081a00000, 0x0000000081b00000, 0x0000000081b00000|100%|HC|  |TAMS 0x0000000081b00000, 0x0000000081a00000| Complete 
|  27|0x0000000081b00000, 0x0000000081c00000, 0x0000000081c00000|100%| O|  |TAMS 0x0000000081c00000, 0x0000000081b00000| Untracked 
|  28|0x0000000081c00000, 0x0000000081d00000, 0x0000000081d00000|100%| O|  |TAMS 0x0000000081d00000, 0x0000000081c00000| Untracked 
|  29|0x0000000081d00000, 0x0000000081e00000, 0x0000000081e00000|100%| O|  |TAMS 0x0000000081e00000, 0x0000000081d00000| Untracked 
|  30|0x0000000081e00000, 0x0000000081f00000, 0x0000000081f00000|100%|HS|  |TAMS 0x0000000081f00000, 0x0000000081e00000| Complete 
|  31|0x0000000081f00000, 0x0000000082000000, 0x0000000082000000|100%|HC|  |TAMS 0x0000000082000000, 0x0000000081f00000| Complete 
|  32|0x0000000082000000, 0x0000000082100000, 0x0000000082100000|100%|HC|  |TAMS 0x0000000082100000, 0x0000000082000000| Complete 
|  33|0x0000000082100000, 0x0000000082200000, 0x0000000082200000|100%| O|  |TAMS 0x0000000082200000, 0x0000000082100000| Untracked 
|  34|0x0000000082200000, 0x0000000082300000, 0x0000000082300000|100%| O|  |TAMS 0x0000000082300000, 0x0000000082200000| Untracked 
|  35|0x0000000082300000, 0x0000000082400000, 0x0000000082400000|100%| O|  |TAMS 0x0000000082400000, 0x0000000082300000| Untracked 
|  36|0x0000000082400000, 0x0000000082500000, 0x0000000082500000|100%| O|  |TAMS 0x00000000824c8a00, 0x0000000082400000| Untracked 
|  37|0x0000000082500000, 0x0000000082600000, 0x0000000082600000|100%| O|  |TAMS 0x0000000082500000, 0x0000000082500000| Untracked 
|  38|0x0000000082600000, 0x00000000826a9400, 0x0000000082700000| 66%| O|  |TAMS 0x0000000082600000, 0x0000000082600000| Untracked 
|  39|0x0000000082700000, 0x0000000082700000, 0x0000000082800000|  0%| F|  |TAMS 0x0000000082700000, 0x0000000082700000| Untracked 
|  40|0x0000000082800000, 0x0000000082800000, 0x0000000082900000|  0%| F|  |TAMS 0x0000000082800000, 0x0000000082800000| Untracked 
|  41|0x0000000082900000, 0x0000000082900000, 0x0000000082a00000|  0%| F|  |TAMS 0x0000000082900000, 0x0000000082900000| Untracked 
|  42|0x0000000082a00000, 0x0000000082a00000, 0x0000000082b00000|  0%| F|  |TAMS 0x0000000082a00000, 0x0000000082a00000| Untracked 
|  43|0x0000000082b00000, 0x0000000082b00000, 0x0000000082c00000|  0%| F|  |TAMS 0x0000000082b00000, 0x0000000082b00000| Untracked 
|  44|0x0000000082c00000, 0x0000000082c00000, 0x0000000082d00000|  0%| F|  |TAMS 0x0000000082c00000, 0x0000000082c00000| Untracked 
|  45|0x0000000082d00000, 0x0000000082d00000, 0x0000000082e00000|  0%| F|  |TAMS 0x0000000082d00000, 0x0000000082d00000| Untracked 
|  46|0x0000000082e00000, 0x0000000082e00000, 0x0000000082f00000|  0%| F|  |TAMS 0x0000000082e00000, 0x0000000082e00000| Untracked 
|  47|0x0000000082f00000, 0x0000000082f00000, 0x0000000083000000|  0%| F|  |TAMS 0x0000000082f00000, 0x0000000082f00000| Untracked 
|  48|0x0000000083000000, 0x0000000083000000, 0x0000000083100000|  0%| F|  |TAMS 0x0000000083000000, 0x0000000083000000| Untracked 
|  49|0x0000000083100000, 0x0000000083100000, 0x0000000083200000|  0%| F|  |TAMS 0x0000000083100000, 0x0000000083100000| Untracked 
|  50|0x0000000083200000, 0x0000000083200000, 0x0000000083300000|  0%| F|  |TAMS 0x0000000083200000, 0x0000000083200000| Untracked 
|  51|0x0000000083300000, 0x0000000083300000, 0x0000000083400000|  0%| F|  |TAMS 0x0000000083300000, 0x0000000083300000| Untracked 
|  52|0x0000000083400000, 0x000000008349f270, 0x0000000083500000| 62%| S|CS|TAMS 0x0000000083400000, 0x0000000083400000| Complete 
|  53|0x0000000083500000, 0x0000000083500000, 0x0000000083600000|  0%| F|  |TAMS 0x0000000083500000, 0x0000000083500000| Untracked 
|  54|0x0000000083600000, 0x0000000083600000, 0x0000000083700000|  0%| F|  |TAMS 0x0000000083600000, 0x0000000083600000| Untracked 
|  55|0x0000000083700000, 0x0000000083700000, 0x0000000083800000|  0%| F|  |TAMS 0x0000000083700000, 0x0000000083700000| Untracked 
|  56|0x0000000083800000, 0x0000000083800000, 0x0000000083900000|  0%| F|  |TAMS 0x0000000083800000, 0x0000000083800000| Untracked 
|  57|0x0000000083900000, 0x0000000083900000, 0x0000000083a00000|  0%| F|  |TAMS 0x0000000083900000, 0x0000000083900000| Untracked 
|  58|0x0000000083a00000, 0x0000000083a00000, 0x0000000083b00000|  0%| F|  |TAMS 0x0000000083a00000, 0x0000000083a00000| Untracked 
|  59|0x0000000083b00000, 0x0000000083b00000, 0x0000000083c00000|  0%| F|  |TAMS 0x0000000083b00000, 0x0000000083b00000| Untracked 
|  60|0x0000000083c00000, 0x0000000083c00000, 0x0000000083d00000|  0%| F|  |TAMS 0x0000000083c00000, 0x0000000083c00000| Untracked 
|  61|0x0000000083d00000, 0x0000000083d00000, 0x0000000083e00000|  0%| F|  |TAMS 0x0000000083d00000, 0x0000000083d00000| Untracked 
|  62|0x0000000083e00000, 0x0000000083e00000, 0x0000000083f00000|  0%| F|  |TAMS 0x0000000083e00000, 0x0000000083e00000| Untracked 
|  63|0x0000000083f00000, 0x0000000084000000, 0x0000000084000000|100%| E|CS|TAMS 0x0000000083f00000, 0x0000000083f00000| Complete 
|  64|0x0000000084000000, 0x0000000084000000, 0x0000000084100000|  0%| F|  |TAMS 0x0000000084000000, 0x0000000084000000| Untracked 
|  65|0x0000000084100000, 0x0000000084100000, 0x0000000084200000|  0%| F|  |TAMS 0x0000000084100000, 0x0000000084100000| Untracked 
|  66|0x0000000084200000, 0x00000000842aadb8, 0x0000000084300000| 66%| E|  |TAMS 0x0000000084200000, 0x0000000084200000| Complete 
|  67|0x0000000084300000, 0x0000000084400000, 0x0000000084400000|100%| E|CS|TAMS 0x0000000084300000, 0x0000000084300000| Complete 
|  68|0x0000000084400000, 0x0000000084500000, 0x0000000084500000|100%| E|CS|TAMS 0x0000000084400000, 0x0000000084400000| Complete 

Card table byte_map: [0x000001cb7d770000,0x000001cb7db70000] _byte_map_base: 0x000001cb7d370000

Marking Bits (Prev, Next): (CMBitMap*) 0x000001cb7a2e8310, (CMBitMap*) 0x000001cb7a2e82d0
 Prev Bits: [0x000001cb0f000000, 0x000001cb11000000)
 Next Bits: [0x000001cb7df70000, 0x000001cb7ff70000)

Polling page: 0x000001cb78100000

Metaspace:

Usage:
  Non-class:     29.55 MB used.
      Class:      4.69 MB used.
       Both:     34.24 MB used.

Virtual space:
  Non-class space:       64.00 MB reserved,      29.75 MB ( 46%) committed,  1 nodes.
      Class space:        1.00 GB reserved,       4.88 MB ( <1%) committed,  1 nodes.
             Both:        1.06 GB reserved,      34.62 MB (  3%) committed. 

Chunk freelists:
   Non-Class:  1.92 MB
       Class:  11.05 MB
        Both:  12.97 MB

MaxMetaspaceSize: unlimited
CompressedClassSpaceSize: 1.00 GB
Initial GC threshold: 21.00 MB
Current GC threshold: 57.00 MB
CDS: off
MetaspaceReclaimPolicy: balanced
 - commit_granule_bytes: 65536.
 - commit_granule_words: 8192.
 - virtual_space_node_default_size: 8388608.
 - enlarge_chunks_in_place: 1.
 - new_chunks_are_fully_committed: 0.
 - uncommit_free_chunks: 1.
 - use_allocation_guard: 0.
 - handle_deallocations: 1.


Internal statistics:

num_allocs_failed_limit: 3.
num_arena_births: 360.
num_arena_deaths: 0.
num_vsnodes_births: 2.
num_vsnodes_deaths: 0.
num_space_committed: 554.
num_space_uncommitted: 0.
num_chunks_returned_to_freelist: 3.
num_chunks_taken_from_freelist: 1410.
num_chunk_merges: 0.
num_chunk_splits: 869.
num_chunks_enlarged: 578.
num_inconsistent_stats: 0.

CodeHeap 'non-profiled nmethods': size=120064Kb used=1653Kb max_used=1653Kb free=118410Kb
 bounds [0x000001cb07ac0000, 0x000001cb07d30000, 0x000001cb0f000000]
CodeHeap 'profiled nmethods': size=120000Kb used=6672Kb max_used=6672Kb free=113327Kb
 bounds [0x000001cb00000000, 0x000001cb00690000, 0x000001cb07530000]
CodeHeap 'non-nmethods': size=5696Kb used=1234Kb max_used=1269Kb free=4461Kb
 bounds [0x000001cb07530000, 0x000001cb077a0000, 0x000001cb07ac0000]
 total_blobs=3667 nmethods=3115 adapters=464
 compilation: enabled
              stopped_count=0, restarted_count=0
 full_count=0

Compilation events (20 events):
Event: 22.348 Thread 0x000001cb1341b770 nmethod 3118 0x000001cb0067d890 code [0x000001cb0067da20, 0x000001cb0067dbd8]
Event: 22.348 Thread 0x000001cb1341b770 3119       3       java.util.ArrayList$ArrayListSpliterator::tryAdvance (79 bytes)
Event: 22.349 Thread 0x000001cb1341b770 nmethod 3119 0x000001cb0067dc90 code [0x000001cb0067de80, 0x000001cb0067e3c8]
Event: 22.350 Thread 0x000001cb1341b770 3120       3       org.gradle.internal.instantiation.generator.AbstractClassGenerator$PropertyMetadata::isReadableWithoutSetterOfPropertyType (36 bytes)
Event: 22.351 Thread 0x000001cb1341b770 nmethod 3120 0x000001cb0067e610 code [0x000001cb0067e860, 0x000001cb0067f2b8]
Event: 22.355 Thread 0x000001cb1341b770 3121       3       org.gradle.model.internal.asm.ClassVisitorScope::addMethod (34 bytes)
Event: 22.356 Thread 0x000001cb1341b770 nmethod 3121 0x000001cb0067f610 code [0x000001cb0067f7e0, 0x000001cb0067fbf8]
Event: 22.358 Thread 0x000001cb1341b770 3122       3       org.objectweb.asm.MethodVisitor::visitJumpInsn (17 bytes)
Event: 22.358 Thread 0x000001cb1341b770 nmethod 3122 0x000001cb0067fd90 code [0x000001cb0067ff40, 0x000001cb00680148]
Event: 22.358 Thread 0x000001cb1341b770 3123       3       org.objectweb.asm.MethodVisitor::visitLabel (16 bytes)
Event: 22.359 Thread 0x000001cb1341b770 nmethod 3123 0x000001cb00680210 code [0x000001cb006803c0, 0x000001cb006805c8]
Event: 22.359 Thread 0x000001cb1341b770 3124       3       org.gradle.model.internal.asm.MethodVisitorScope::_INVOKEINTERFACE (11 bytes)
Event: 22.360 Thread 0x000001cb1341b770 nmethod 3124 0x000001cb00680690 code [0x000001cb00680840, 0x000001cb00680ad8]
Event: 22.360 Thread 0x000001cb1341b770 3125       3       org.objectweb.asm.MethodWriter::putFrame (549 bytes)
Event: 22.363 Thread 0x000001cb1341b770 nmethod 3125 0x000001cb00680c10 code [0x000001cb00681060, 0x000001cb00682b58]
Event: 22.364 Thread 0x000001cb1341b770 3126       3       org.gradle.model.internal.asm.MethodVisitorScope::_GETFIELD (11 bytes)
Event: 22.364 Thread 0x000001cb1341b770 nmethod 3126 0x000001cb00683790 code [0x000001cb00683920, 0x000001cb00683a68]
Event: 22.365 Thread 0x000001cb1341b770 3127       3       org.gradle.model.internal.asm.MethodVisitorScope::_GETFIELD (11 bytes)
Event: 22.366 Thread 0x000001cb1341b770 nmethod 3127 0x000001cb00683b10 code [0x000001cb00683cc0, 0x000001cb00683f58]
Event: 22.367 Thread 0x000001cb1341b770 3128       3       org.objectweb.asm.Frame::setInputFrameFromDescriptor (175 bytes)

GC Heap History (20 events):
Event: 4.577 GC heap before
{Heap before GC invocations=2 (full 0):
 garbage-first heap   total 65536K, used 18803K [0x0000000080000000, 0x0000000100000000)
  region size 1024K, 14 young (14336K), 1 survivors (1024K)
 Metaspace       used 10623K, committed 10752K, reserved 1114112K
  class space    used 1099K, committed 1152K, reserved 1048576K
}
Event: 4.586 GC heap after
{Heap after GC invocations=3 (full 0):
 garbage-first heap   total 65536K, used 10787K [0x0000000080000000, 0x0000000100000000)
  region size 1024K, 2 young (2048K), 2 survivors (2048K)
 Metaspace       used 10623K, committed 10752K, reserved 1114112K
  class space    used 1099K, committed 1152K, reserved 1048576K
}
Event: 6.492 GC heap before
{Heap before GC invocations=3 (full 0):
 garbage-first heap   total 65536K, used 25123K [0x0000000080000000, 0x0000000100000000)
  region size 1024K, 16 young (16384K), 2 survivors (2048K)
 Metaspace       used 11485K, committed 11648K, reserved 1114112K
  class space    used 1199K, committed 1280K, reserved 1048576K
}
Event: 6.501 GC heap after
{Heap after GC invocations=4 (full 0):
 garbage-first heap   total 65536K, used 11416K [0x0000000080000000, 0x0000000100000000)
  region size 1024K, 1 young (1024K), 1 survivors (1024K)
 Metaspace       used 11485K, committed 11648K, reserved 1114112K
  class space    used 1199K, committed 1280K, reserved 1048576K
}
Event: 9.836 GC heap before
{Heap before GC invocations=4 (full 0):
 garbage-first heap   total 65536K, used 45208K [0x0000000080000000, 0x0000000100000000)
  region size 1024K, 33 young (33792K), 1 survivors (1024K)
 Metaspace       used 12873K, committed 12992K, reserved 1114112K
  class space    used 1418K, committed 1472K, reserved 1048576K
}
Event: 9.852 GC heap after
{Heap after GC invocations=5 (full 0):
 garbage-first heap   total 65536K, used 16281K [0x0000000080000000, 0x0000000100000000)
  region size 1024K, 5 young (5120K), 5 survivors (5120K)
 Metaspace       used 12873K, committed 12992K, reserved 1114112K
  class space    used 1418K, committed 1472K, reserved 1048576K
}
Event: 13.872 GC heap before
{Heap before GC invocations=5 (full 0):
 garbage-first heap   total 65536K, used 38809K [0x0000000080000000, 0x0000000100000000)
  region size 1024K, 28 young (28672K), 5 survivors (5120K)
 Metaspace       used 20623K, committed 20864K, reserved 1114112K
  class space    used 2411K, committed 2496K, reserved 1048576K
}
Event: 13.892 GC heap after
{Heap after GC invocations=6 (full 0):
 garbage-first heap   total 65536K, used 19610K [0x0000000080000000, 0x0000000100000000)
  region size 1024K, 4 young (4096K), 4 survivors (4096K)
 Metaspace       used 20623K, committed 20864K, reserved 1114112K
  class space    used 2411K, committed 2496K, reserved 1048576K
}
Event: 14.029 GC heap before
{Heap before GC invocations=6 (full 0):
 garbage-first heap   total 65536K, used 22682K [0x0000000080000000, 0x0000000100000000)
  region size 1024K, 8 young (8192K), 4 survivors (4096K)
 Metaspace       used 21277K, committed 21504K, reserved 1114112K
  class space    used 2503K, committed 2624K, reserved 1048576K
}
Event: 14.041 GC heap after
{Heap after GC invocations=7 (full 0):
 garbage-first heap   total 65536K, used 19879K [0x0000000080000000, 0x0000000100000000)
  region size 1024K, 1 young (1024K), 1 survivors (1024K)
 Metaspace       used 21277K, committed 21504K, reserved 1114112K
  class space    used 2503K, committed 2624K, reserved 1048576K
}
Event: 16.456 GC heap before
{Heap before GC invocations=8 (full 0):
 garbage-first heap   total 65536K, used 43431K [0x0000000080000000, 0x0000000100000000)
  region size 1024K, 25 young (25600K), 1 survivors (1024K)
 Metaspace       used 25499K, committed 25792K, reserved 1114112K
  class space    used 3188K, committed 3328K, reserved 1048576K
}
Event: 16.462 GC heap after
{Heap after GC invocations=9 (full 0):
 garbage-first heap   total 65536K, used 20600K [0x0000000080000000, 0x0000000100000000)
  region size 1024K, 2 young (2048K), 2 survivors (2048K)
 Metaspace       used 25499K, committed 25792K, reserved 1114112K
  class space    used 3188K, committed 3328K, reserved 1048576K
}
Event: 18.381 GC heap before
{Heap before GC invocations=9 (full 0):
 garbage-first heap   total 65536K, used 46200K [0x0000000080000000, 0x0000000100000000)
  region size 1024K, 27 young (27648K), 2 survivors (2048K)
 Metaspace       used 28749K, committed 29056K, reserved 1114112K
  class space    used 3774K, committed 3904K, reserved 1048576K
}
Event: 18.392 GC heap after
{Heap after GC invocations=10 (full 0):
 garbage-first heap   total 65536K, used 22145K [0x0000000080000000, 0x0000000100000000)
  region size 1024K, 3 young (3072K), 3 survivors (3072K)
 Metaspace       used 28749K, committed 29056K, reserved 1114112K
  class space    used 3774K, committed 3904K, reserved 1048576K
}
Event: 20.385 GC heap before
{Heap before GC invocations=10 (full 0):
 garbage-first heap   total 65536K, used 49793K [0x0000000080000000, 0x0000000100000000)
  region size 1024K, 24 young (24576K), 3 survivors (3072K)
 Metaspace       used 31402K, committed 31744K, reserved 1114112K
  class space    used 4234K, committed 4352K, reserved 1048576K
}
Event: 20.401 GC heap after
{Heap after GC invocations=11 (full 0):
 garbage-first heap   total 65536K, used 33889K [0x0000000080000000, 0x0000000100000000)
  region size 1024K, 4 young (4096K), 4 survivors (4096K)
 Metaspace       used 31402K, committed 31744K, reserved 1114112K
  class space    used 4234K, committed 4352K, reserved 1048576K
}
Event: 21.366 GC heap before
{Heap before GC invocations=12 (full 0):
 garbage-first heap   total 65536K, used 51297K [0x0000000080000000, 0x0000000100000000)
  region size 1024K, 19 young (19456K), 4 survivors (4096K)
 Metaspace       used 33239K, committed 33600K, reserved 1114112K
  class space    used 4501K, committed 4672K, reserved 1048576K
}
Event: 21.379 GC heap after
{Heap after GC invocations=13 (full 0):
 garbage-first heap   total 65536K, used 39948K [0x0000000080000000, 0x0000000100000000)
  region size 1024K, 3 young (3072K), 3 survivors (3072K)
 Metaspace       used 33239K, committed 33600K, reserved 1114112K
  class space    used 4501K, committed 4672K, reserved 1048576K
}
Event: 21.954 GC heap before
{Heap before GC invocations=13 (full 0):
 garbage-first heap   total 65536K, used 51212K [0x0000000080000000, 0x0000000100000000)
  region size 1024K, 14 young (14336K), 3 survivors (3072K)
 Metaspace       used 34630K, committed 34944K, reserved 1114112K
  class space    used 4731K, committed 4864K, reserved 1048576K
}
Event: 21.960 GC heap after
{Heap after GC invocations=14 (full 0):
 garbage-first heap   total 65536K, used 40225K [0x0000000080000000, 0x0000000100000000)
  region size 1024K, 1 young (1024K), 1 survivors (1024K)
 Metaspace       used 34630K, committed 34944K, reserved 1114112K
  class space    used 4731K, committed 4864K, reserved 1048576K
}

Dll operation events (3 events):
Event: 0.030 Loaded shared library C:\Program Files\Android\Android Studio\jbr\bin\java.dll
Event: 0.468 Loaded shared library C:\Program Files\Android\Android Studio\jbr\bin\zip.dll
Event: 2.136 Loaded shared library C:\Program Files\Android\Android Studio\jbr\bin\verify.dll

Deoptimization events (20 events):
Event: 20.028 Thread 0x000001cb188fef60 Uncommon trap: trap_request=0xffffffc6 fr.pc=0x000001cb07be16d4 relative=0x00000000000040b4
Event: 20.028 Thread 0x000001cb188fef60 Uncommon trap: reason=bimorphic_or_optimized_type_check action=maybe_recompile pc=0x000001cb07be16d4 method=java.lang.ClassLoader.loadClass(Ljava/lang/String;Z)Ljava/lang/Class; @ 38 c2
Event: 20.028 Thread 0x000001cb188fef60 DEOPT PACKING pc=0x000001cb07be16d4 sp=0x0000004336dfbb90
Event: 20.028 Thread 0x000001cb188fef60 DEOPT UNPACKING pc=0x000001cb0758699d sp=0x0000004336dfbb70 mode 2
Event: 20.035 Thread 0x000001cb188fef60 Uncommon trap: trap_request=0xffffff45 fr.pc=0x000001cb07bf1e38 relative=0x0000000000005978
Event: 20.035 Thread 0x000001cb188fef60 Uncommon trap: reason=unstable_if action=reinterpret pc=0x000001cb07bf1e38 method=java.net.URLClassLoader.getAndVerifyPackage(Ljava/lang/String;Ljava/util/jar/Manifest;Ljava/net/URL;)Ljava/lang/Package; @ 62 c2
Event: 20.036 Thread 0x000001cb188fef60 DEOPT PACKING pc=0x000001cb07bf1e38 sp=0x0000004336dfbe30
Event: 20.036 Thread 0x000001cb188fef60 DEOPT UNPACKING pc=0x000001cb0758699d sp=0x0000004336dfbd30 mode 2
Event: 20.139 Thread 0x000001cb188fef60 DEOPT PACKING pc=0x000001cb004516d4 sp=0x0000004336dfafd0
Event: 20.139 Thread 0x000001cb188fef60 DEOPT UNPACKING pc=0x000001cb07587124 sp=0x0000004336dfa528 mode 0
Event: 20.343 Thread 0x000001cb188fef60 DEOPT PACKING pc=0x000001cb0025dce9 sp=0x0000004336df9d70
Event: 20.343 Thread 0x000001cb188fef60 DEOPT UNPACKING pc=0x000001cb07587124 sp=0x0000004336df92f0 mode 0
Event: 20.502 Thread 0x000001cb188fef60 DEOPT PACKING pc=0x000001cb0025dce9 sp=0x0000004336df9d70
Event: 20.502 Thread 0x000001cb188fef60 DEOPT UNPACKING pc=0x000001cb07587124 sp=0x0000004336df92f0 mode 0
Event: 20.749 Thread 0x000001cb188fef60 DEOPT PACKING pc=0x000001cb003d373a sp=0x0000004336dfb390
Event: 20.749 Thread 0x000001cb188fef60 DEOPT UNPACKING pc=0x000001cb07587124 sp=0x0000004336dfa808 mode 0
Event: 21.833 Thread 0x000001cb188fef60 Uncommon trap: trap_request=0xffffff45 fr.pc=0x000001cb07b17890 relative=0x00000000000004d0
Event: 21.833 Thread 0x000001cb188fef60 Uncommon trap: reason=unstable_if action=reinterpret pc=0x000001cb07b17890 method=java.util.HashMap.hash(Ljava/lang/Object;)I @ 1 c2
Event: 21.833 Thread 0x000001cb188fef60 DEOPT PACKING pc=0x000001cb07b17890 sp=0x0000004336df6560
Event: 21.833 Thread 0x000001cb188fef60 DEOPT UNPACKING pc=0x000001cb0758699d sp=0x0000004336df6408 mode 2

Classes unloaded (0 events):
No events

Classes redefined (0 events):
No events

Internal exceptions (20 events):
Event: 20.762 Thread 0x000001cb188fef60 Exception <a 'java/lang/NoSuchMethodError'{0x0000000083c6f420}: static Lorg/jetbrains/plugins/gradle/model/ExternalProjectDependency;.<clinit>()V> (0x0000000083c6f420) 
thrown [s\src\hotspot\share\prims\jni.cpp, line 1108]
Event: 20.766 Thread 0x000001cb188fef60 Exception <a 'java/lang/NoSuchMethodError'{0x0000000083c78e68}: static Lorg/jetbrains/plugins/gradle/model/ExternalLibraryDependency;.<clinit>()V> (0x0000000083c78e68) 
thrown [s\src\hotspot\share\prims\jni.cpp, line 1108]
Event: 20.767 Thread 0x000001cb188fef60 Exception <a 'java/lang/NoSuchMethodError'{0x0000000083c82350}: static Lorg/jetbrains/plugins/gradle/model/FileCollectionDependency;.<clinit>()V> (0x0000000083c82350) 
thrown [s\src\hotspot\share\prims\jni.cpp, line 1108]
Event: 20.771 Thread 0x000001cb188fef60 Exception <a 'java/lang/NoSuchMethodError'{0x0000000083c8b728}: static Lorg/jetbrains/plugins/gradle/model/UnresolvedExternalDependency;.<clinit>()V> (0x0000000083c8b728) 
thrown [s\src\hotspot\share\prims\jni.cpp, line 1108]
Event: 20.790 Thread 0x000001cb188fef60 Exception <a 'java/lang/NoSuchMethodError'{0x0000000083b22340}: static Lorg/gradle/tooling/internal/consumer/versioning/VersionDetails;.<clinit>()V> (0x0000000083b22340) 
thrown [s\src\hotspot\share\prims\jni.cpp, line 1108]
Event: 20.790 Thread 0x000001cb188fef60 Exception <a 'java/lang/NoSuchMethodError'{0x0000000083b24ce8}: static Lorg/gradle/tooling/internal/consumer/versioning/VersionDetails$R26VersionDetails;.<clinit>()V> (0x0000000083b24ce8) 
thrown [s\src\hotspot\share\prims\jni.cpp, line 1108]
Event: 20.790 Thread 0x000001cb188fef60 Exception <a 'java/lang/NoSuchMethodError'{0x0000000083b26260}: static Lorg/gradle/tooling/internal/consumer/versioning/VersionDetails$R28VersionDetails;.<clinit>()V> (0x0000000083b26260) 
thrown [s\src\hotspot\share\prims\jni.cpp, line 1108]
Event: 20.791 Thread 0x000001cb188fef60 Exception <a 'java/lang/NoSuchMethodError'{0x0000000083b27768}: static Lorg/gradle/tooling/internal/consumer/versioning/VersionDetails$R35VersionDetails;.<clinit>()V> (0x0000000083b27768) 
thrown [s\src\hotspot\share\prims\jni.cpp, line 1108]
Event: 20.791 Thread 0x000001cb188fef60 Exception <a 'java/lang/NoSuchMethodError'{0x0000000083b28e38}: static Lorg/gradle/tooling/internal/consumer/versioning/VersionDetails$R44VersionDetails;.<clinit>()V> (0x0000000083b28e38) 
thrown [s\src\hotspot\share\prims\jni.cpp, line 1108]
Event: 20.791 Thread 0x000001cb188fef60 Exception <a 'java/lang/NoSuchMethodError'{0x0000000083b2a440}: static Lorg/gradle/tooling/internal/consumer/versioning/VersionDetails$R48VersionDetails;.<clinit>()V> (0x0000000083b2a440) 
thrown [s\src\hotspot\share\prims\jni.cpp, line 1108]
Event: 20.791 Thread 0x000001cb188fef60 Exception <a 'java/lang/NoSuchMethodError'{0x0000000083b2b8e8}: static Lorg/gradle/tooling/internal/consumer/versioning/VersionDetails$R51VersionDetails;.<clinit>()V> (0x0000000083b2b8e8) 
thrown [s\src\hotspot\share\prims\jni.cpp, line 1108]
Event: 20.857 Thread 0x000001cb188fef60 Exception <a 'java/lang/NoSuchMethodError'{0x0000000083a54ee8}: 'java.lang.Object java.lang.invoke.DirectMethodHandle$Holder.newInvokeSpecial(java.lang.Object, java.lang.Object, int)'> (0x0000000083a54ee8) 
thrown [s\src\hotspot\share\interpreter\linkResolver.cpp, line 771]
Event: 21.496 Thread 0x000001cb188fef60 Exception <a 'java/lang/NoSuchMethodError'{0x0000000083d19f70}: 'java.lang.Object java.lang.invoke.DirectMethodHandle$Holder.invokeSpecialIFC(java.lang.Object, java.lang.Object, java.lang.Object, java.lang.Object)'> (0x0000000083d19f70) 
thrown [s\src\hotspot\share\interpreter\linkResolver.cpp, line 771]
Event: 21.512 Thread 0x000001cb188fef60 Exception <a 'java/lang/NoSuchMethodError'{0x0000000083d9c610}: 'java.lang.Object java.lang.invoke.DirectMethodHandle$Holder.newInvokeSpecial(java.lang.Object, java.lang.Object, java.lang.Object, java.lang.Object, java.lang.Object, java.lang.Object, java.lang.Object, java.lang.Object, java.lang.Object, java.lang.Object)'> (0x0000000083d9c610) 
thrown [s\src\hotspot\share\interpreter\linkResolver.cpp, line 771]
Event: 21.513 Thread 0x000001cb188fef60 Exception <a 'java/lang/NoSuchMethodError'{0x0000000083da17a0}: 'java.lang.Object java.lang.invoke.Invokers$Holder.linkToTargetMethod(java.lang.Object, java.lang.Object, java.lang.Object, java.lang.Object, java.lang.Object, java.lang.Object, java.lang.Object, java.lang.Object, java.lang.Object, java.lang.Object)'> (0x0000000083da17a0) 
thrown [s\src\hotspot\share\interpreter\linkResolver.cpp, line 771]
Event: 21.526 Thread 0x000001cb188fef60 Exception <a 'java/lang/NoSuchMethodError'{0x0000000083c17608}: 'java.lang.Object java.lang.invoke.DirectMethodHandle$Holder.newInvokeSpecial(java.lang.Object, java.lang.Object, java.lang.Object, java.lang.Object, java.lang.Object, java.lang.Object, java.lang.Object, java.lang.Object, java.lang.Object, java.lang.Object, java.lang.Object)'> (0x0000000083c17608) 
thrown [s\src\hotspot\share\interpreter\linkResolver.cpp, line 771]
Event: 21.527 Thread 0x000001cb188fef60 Exception <a 'java/lang/NoSuchMethodError'{0x0000000083c1d3e8}: 'java.lang.Object java.lang.invoke.DirectMethodHandle$Holder.invokeSpecial(java.lang.Object, java.lang.Object, java.lang.Object, java.lang.Object, java.lang.Object, java.lang.Object, java.lang.Object, java.lang.Object, java.lang.Object, java.lang.Object, java.lang.Object, java.lang.Object)'> (0x0000000083c1d3e8) 
thrown [s\src\hotspot\share\interpreter\linkResolver.cpp, line 771]
Event: 21.528 Thread 0x000001cb188fef60 Exception <a 'java/lang/NoSuchMethodError'{0x0000000083c22d28}: 'java.lang.Object java.lang.invoke.Invokers$Holder.linkToTargetMethod(java.lang.Object, java.lang.Object, java.lang.Object, java.lang.Object, java.lang.Object, java.lang.Object, java.lang.Object, java.lang.Object, java.lang.Object, java.lang.Object, java.lang.Object)'> (0x0000000083c22d28) 
thrown [s\src\hotspot\share\interpreter\linkResolver.cpp, line 771]
Event: 21.571 Thread 0x000001cb188fef60 Exception <a 'java/lang/NoSuchMethodError'{0x0000000083cbb120}: 'java.lang.Object java.lang.invoke.DirectMethodHandle$Holder.invokeStaticInit(java.lang.Object, java.lang.Object, java.lang.Object, java.lang.Object)'> (0x0000000083cbb120) 
thrown [s\src\hotspot\share\interpreter\linkResolver.cpp, line 771]
Event: 21.833 Thread 0x000001cb188fef60 Implicit null exception at 0x000001cb07b1740c to 0x000001cb07b17870

VM Operations (20 events):
Event: 20.384 Executing VM operation: G1TryInitiateConcMark
Event: 20.401 Executing VM operation: G1TryInitiateConcMark done
Event: 20.437 Executing VM operation: G1PauseRemark
Event: 20.441 Executing VM operation: G1PauseRemark done
Event: 20.457 Executing VM operation: G1PauseCleanup
Event: 20.457 Executing VM operation: G1PauseCleanup done
Event: 20.851 Executing VM operation: HandshakeAllThreads
Event: 20.851 Executing VM operation: HandshakeAllThreads done
Event: 21.074 Executing VM operation: HandshakeAllThreads
Event: 21.074 Executing VM operation: HandshakeAllThreads done
Event: 21.366 Executing VM operation: G1CollectForAllocation
Event: 21.380 Executing VM operation: G1CollectForAllocation done
Event: 21.838 Executing VM operation: HandshakeAllThreads
Event: 21.838 Executing VM operation: HandshakeAllThreads done
Event: 21.953 Executing VM operation: G1CollectForAllocation
Event: 21.961 Executing VM operation: G1CollectForAllocation done
Event: 22.010 Executing VM operation: G1PauseRemark
Event: 22.015 Executing VM operation: G1PauseRemark done
Event: 22.036 Executing VM operation: G1PauseCleanup
Event: 22.042 Executing VM operation: G1PauseCleanup done

Events (20 events):
Event: 21.018 loading class java/lang/StringIndexOutOfBoundsException done
Event: 21.462 Thread 0x000001cb18abf720 Thread added: 0x000001cb18abf720
Event: 21.559 Thread 0x000001cb18964080 Thread added: 0x000001cb18964080
Event: 21.609 Thread 0x000001cb18967320 Thread added: 0x000001cb18967320
Event: 21.630 Thread 0x000001cb18960de0 Thread added: 0x000001cb18960de0
Event: 21.818 loading class java/lang/invoke/SerializedLambda
Event: 21.819 loading class java/lang/invoke/SerializedLambda done
Event: 21.829 loading class java/lang/reflect/AnnotatedType
Event: 21.829 loading class java/lang/reflect/AnnotatedType done
Event: 21.841 loading class java/lang/Class$EnclosingMethodInfo
Event: 21.841 loading class java/lang/Class$EnclosingMethodInfo done
Event: 21.845 loading class sun/reflect/generics/tree/IntSignature
Event: 21.845 loading class sun/reflect/generics/tree/IntSignature done
Event: 21.846 loading class sun/reflect/generics/tree/ArrayTypeSignature
Event: 21.846 loading class sun/reflect/generics/tree/ArrayTypeSignature done
Event: 21.862 loading class java/lang/SafeVarargs
Event: 21.862 loading class java/lang/SafeVarargs done
Event: 21.894 loading class java/util/regex/Pattern$GroupCurly
Event: 21.894 loading class java/util/regex/Pattern$GroupCurly done
Event: 22.132 Thread 0x000001cb18962730 Thread added: 0x000001cb18962730


Dynamic libraries:
0x00007ff6efe60000 - 0x00007ff6efe6a000 	C:\Program Files\Android\Android Studio\jbr\bin\java.exe
0x00007fffa9af0000 - 0x00007fffa9ce8000 	C:\Windows\SYSTEM32\ntdll.dll
0x00007fffa8740000 - 0x00007fffa87fd000 	C:\Windows\System32\KERNEL32.DLL
0x00007fffa7720000 - 0x00007fffa7a16000 	C:\Windows\System32\KERNELBASE.dll
0x00007fffa7a20000 - 0x00007fffa7b20000 	C:\Windows\System32\ucrtbase.dll
0x00007fff8e530000 - 0x00007fff8e547000 	C:\Program Files\Android\Android Studio\jbr\bin\jli.dll
0x00007fffa4370000 - 0x00007fffa438b000 	C:\Program Files\Android\Android Studio\jbr\bin\VCRUNTIME140.dll
0x00007fffa9020000 - 0x00007fffa91bf000 	C:\Windows\System32\USER32.dll
0x00007fffa71a0000 - 0x00007fffa71c2000 	C:\Windows\System32\win32u.dll
0x00007fffa86d0000 - 0x00007fffa86fb000 	C:\Windows\System32\GDI32.dll
0x00007fffa73a0000 - 0x00007fffa74b7000 	C:\Windows\System32\gdi32full.dll
0x00007fffa7570000 - 0x00007fffa760d000 	C:\Windows\System32\msvcp_win.dll
0x00007fff96a10000 - 0x00007fff96caa000 	C:\Windows\WinSxS\amd64_microsoft.windows.common-controls_6595b64144ccf1df_6.0.19041.4355_none_60b8b9eb71f62e16\COMCTL32.dll
0x00007fffa83b0000 - 0x00007fffa844e000 	C:\Windows\System32\msvcrt.dll
0x00007fffa8700000 - 0x00007fffa8732000 	C:\Windows\System32\IMM32.DLL
0x00007fffa31f0000 - 0x00007fffa31fc000 	C:\Program Files\Android\Android Studio\jbr\bin\vcruntime140_1.dll
0x00007fff8d420000 - 0x00007fff8d4ad000 	C:\Program Files\Android\Android Studio\jbr\bin\msvcp140.dll
0x00007fff601e0000 - 0x00007fff60e63000 	C:\Program Files\Android\Android Studio\jbr\bin\server\jvm.dll
0x00007fffa8920000 - 0x00007fffa89d0000 	C:\Windows\System32\ADVAPI32.dll
0x00007fffa8880000 - 0x00007fffa8920000 	C:\Windows\System32\sechost.dll
0x00007fffa84d0000 - 0x00007fffa85f3000 	C:\Windows\System32\RPCRT4.dll
0x00007fffa76f0000 - 0x00007fffa7717000 	C:\Windows\System32\bcrypt.dll
0x00007fffa66d0000 - 0x00007fffa671b000 	C:\Windows\SYSTEM32\POWRPROF.dll
0x00007fffa3220000 - 0x00007fffa3229000 	C:\Windows\SYSTEM32\WSOCK32.dll
0x00007fff917a0000 - 0x00007fff917c7000 	C:\Windows\SYSTEM32\WINMM.dll
0x00007fffa8460000 - 0x00007fffa84cb000 	C:\Windows\System32\WS2_32.dll
0x00007fff98450000 - 0x00007fff9845a000 	C:\Windows\SYSTEM32\VERSION.dll
0x00007fffa6590000 - 0x00007fffa65a2000 	C:\Windows\SYSTEM32\UMPDC.dll
0x00007fffa5020000 - 0x00007fffa5032000 	C:\Windows\SYSTEM32\kernel.appcore.dll
0x00007fffa3210000 - 0x00007fffa321a000 	C:\Program Files\Android\Android Studio\jbr\bin\jimage.dll
0x00007fff92f80000 - 0x00007fff93164000 	C:\Windows\SYSTEM32\DBGHELP.DLL
0x00007fff92f20000 - 0x00007fff92f54000 	C:\Windows\SYSTEM32\dbgcore.DLL
0x00007fffa7610000 - 0x00007fffa7692000 	C:\Windows\System32\bcryptPrimitives.dll
0x00007fff96450000 - 0x00007fff9645e000 	C:\Program Files\Android\Android Studio\jbr\bin\instrument.dll
0x00007fff9f610000 - 0x00007fff9f635000 	C:\Program Files\Android\Android Studio\jbr\bin\java.dll
0x00007fff9edb0000 - 0x00007fff9edc8000 	C:\Program Files\Android\Android Studio\jbr\bin\zip.dll
0x00007fffa7c40000 - 0x00007fffa83ab000 	C:\Windows\System32\SHELL32.dll
0x00007fffa5220000 - 0x00007fffa59bd000 	C:\Windows\SYSTEM32\windows.storage.dll
0x00007fffa8c60000 - 0x00007fffa8fb3000 	C:\Windows\System32\combase.dll
0x00007fffa6bc0000 - 0x00007fffa6bee000 	C:\Windows\SYSTEM32\Wldp.dll
0x00007fffa8600000 - 0x00007fffa86cd000 	C:\Windows\System32\OLEAUT32.dll
0x00007fffa9710000 - 0x00007fffa97bd000 	C:\Windows\System32\SHCORE.dll
0x00007fffa8c00000 - 0x00007fffa8c55000 	C:\Windows\System32\shlwapi.dll
0x00007fffa70d0000 - 0x00007fffa70f4000 	C:\Windows\SYSTEM32\profapi.dll
0x00007fff9cb90000 - 0x00007fff9cba9000 	C:\Program Files\Android\Android Studio\jbr\bin\net.dll
0x00007fff9e940000 - 0x00007fff9ea4a000 	C:\Windows\SYSTEM32\WINHTTP.dll
0x00007fffa6920000 - 0x00007fffa698a000 	C:\Windows\system32\mswsock.dll
0x00007fff9cb00000 - 0x00007fff9cb16000 	C:\Program Files\Android\Android Studio\jbr\bin\nio.dll
0x00007fff9cb80000 - 0x00007fff9cb90000 	C:\Program Files\Android\Android Studio\jbr\bin\verify.dll
0x00007fff9e0a0000 - 0x00007fff9e0c7000 	C:\Users\chaerul\.gradle\native\c067742578af261105cb4f569cf0c3c89f3d7b1fecec35dd04571415982c5e48\windows-amd64\native-platform.dll
0x00007fff81b80000 - 0x00007fff81cc4000 	C:\Users\chaerul\.gradle\native\38dada09dfb8b06ba9b0570ebf7e218e3eb74d4ef43ca46872605cf95ebc2f47\windows-amd64\native-platform-file-events.dll
0x00007fff97890000 - 0x00007fff97899000 	C:\Program Files\Android\Android Studio\jbr\bin\management.dll
0x00007fff969c0000 - 0x00007fff969cb000 	C:\Program Files\Android\Android Studio\jbr\bin\management_ext.dll
0x00007fffa97c0000 - 0x00007fffa97c8000 	C:\Windows\System32\PSAPI.DLL
0x00007fffa6b10000 - 0x00007fffa6b28000 	C:\Windows\SYSTEM32\CRYPTSP.dll
0x00007fffa61d0000 - 0x00007fffa6204000 	C:\Windows\system32\rsaenh.dll
0x00007fffa7080000 - 0x00007fffa70ae000 	C:\Windows\SYSTEM32\USERENV.dll
0x00007fffa6b30000 - 0x00007fffa6b3c000 	C:\Windows\SYSTEM32\CRYPTBASE.dll
0x00007fffa65b0000 - 0x00007fffa65eb000 	C:\Windows\SYSTEM32\IPHLPAPI.DLL
0x00007fffa89d0000 - 0x00007fffa89d8000 	C:\Windows\System32\NSI.dll
0x00007fff9ed90000 - 0x00007fff9eda7000 	C:\Windows\SYSTEM32\dhcpcsvc6.DLL
0x00007fff9fe80000 - 0x00007fff9fe9d000 	C:\Windows\SYSTEM32\dhcpcsvc.DLL
0x00007fffa65f0000 - 0x00007fffa66bb000 	C:\Windows\SYSTEM32\DNSAPI.dll
0x00007fff9caf0000 - 0x00007fff9caf9000 	C:\Program Files\Android\Android Studio\jbr\bin\extnet.dll
0x00007fffa1510000 - 0x00007fffa1517000 	C:\Windows\system32\wshunix.dll

dbghelp: loaded successfully - version: 4.0.5 - missing functions: none
symbol engine: initialized successfully - sym options: 0x614 - pdb path: .;C:\Program Files\Android\Android Studio\jbr\bin;C:\Windows\SYSTEM32;C:\Windows\WinSxS\amd64_microsoft.windows.common-controls_6595b64144ccf1df_6.0.19041.4355_none_60b8b9eb71f62e16;C:\Program Files\Android\Android Studio\jbr\bin\server;C:\Users\chaerul\.gradle\native\c067742578af261105cb4f569cf0c3c89f3d7b1fecec35dd04571415982c5e48\windows-amd64;C:\Users\chaerul\.gradle\native\38dada09dfb8b06ba9b0570ebf7e218e3eb74d4ef43ca46872605cf95ebc2f47\windows-amd64

VM Arguments:
jvm_args: --add-opens=java.base/java.util=ALL-UNNAMED --add-opens=java.base/java.lang=ALL-UNNAMED --add-opens=java.base/java.lang.invoke=ALL-UNNAMED --add-opens=java.prefs/java.util.prefs=ALL-UNNAMED --add-opens=java.base/java.nio.charset=ALL-UNNAMED --add-opens=java.base/java.net=ALL-UNNAMED --add-opens=java.base/java.util.concurrent.atomic=ALL-UNNAMED -Xmx2048m -Dfile.encoding=UTF-8 -Duser.country=ID -Duser.language=en -Duser.variant -javaagent:C:\Users\chaerul\.gradle\wrapper\dists\gradle-8.6-bin\afr5mpiioh2wthjmwnkmdsd5w\gradle-8.6\lib\agents\gradle-instrumentation-agent-8.6.jar 
java_command: org.gradle.launcher.daemon.bootstrap.GradleDaemon 8.6
java_class_path (initial): C:\Users\chaerul\.gradle\wrapper\dists\gradle-8.6-bin\afr5mpiioh2wthjmwnkmdsd5w\gradle-8.6\lib\gradle-launcher-8.6.jar
Launcher Type: SUN_STANDARD

[Global flags]
     intx CICompilerCount                          = 2                                         {product} {ergonomic}
     uint ConcGCThreads                            = 1                                         {product} {ergonomic}
     uint G1ConcRefinementThreads                  = 2                                         {product} {ergonomic}
   size_t G1HeapRegionSize                         = 1048576                                   {product} {ergonomic}
    uintx GCDrainStackTargetSize                   = 64                                        {product} {ergonomic}
   size_t InitialHeapSize                          = 67108864                                  {product} {ergonomic}
   size_t MarkStackSize                            = 4194304                                   {product} {ergonomic}
   size_t MaxHeapSize                              = 2147483648                                {product} {command line}
   size_t MaxNewSize                               = 1287651328                                {product} {ergonomic}
   size_t MinHeapDeltaBytes                        = 1048576                                   {product} {ergonomic}
   size_t MinHeapSize                              = 8388608                                   {product} {ergonomic}
    uintx NonNMethodCodeHeapSize                   = 5826188                                {pd product} {ergonomic}
    uintx NonProfiledCodeHeapSize                  = 122916026                              {pd product} {ergonomic}
    uintx ProfiledCodeHeapSize                     = 122916026                              {pd product} {ergonomic}
    uintx ReservedCodeCacheSize                    = 251658240                              {pd product} {ergonomic}
     bool SegmentedCodeCache                       = true                                      {product} {ergonomic}
   size_t SoftMaxHeapSize                          = 2147483648                             {manageable} {ergonomic}
     bool UseCompressedClassPointers               = true                           {product lp64_product} {ergonomic}
     bool UseCompressedOops                        = true                           {product lp64_product} {ergonomic}
     bool UseG1GC                                  = true                                      {product} {ergonomic}
     bool UseLargePagesIndividualAllocation        = false                                  {pd product} {ergonomic}

Logging:
Log output configuration:
 #0: stdout all=warning uptime,level,tags
 #1: stderr all=off uptime,level,tags

Environment Variables:
PATH=C:\Program Files (x86)\Common Files\Intel\Shared Libraries\redist\intel64\compiler;C:\Python311\Scripts\;C:\Python311\;C:\Program Files\Common Files\Oracle\Java\javapath;C:\Windows\system32;C:\Windows;C:\Windows\System32\Wbem;C:\Windows\System32\WindowsPowerShell\v1.0\;C:\Windows\System32\OpenSSH\;C:\Program Files\nodejs\;C:\ProgramData\chocolatey\bin;C:\Program Files\PowerShell\7\;C:\Users\chaerul\xampp\php;C:\ProgramData\ComposerSetup\bin;C:\Program Files\Git\cmd;C:\Program Files\Go\bin;C:\Users\chaerul\AppData\Local\Microsoft\WindowsApps;C:\Users\chaerul\AppData\Local\Programs\Microsoft VS Code\bin;C:\Users\chaerul\AppData\Roaming\npm;C:\Users\chaerul\AppData\Roaming\Composer\vendor\bin;C:\dart-sdk\bin;C:\src\flutter\bin;C:\Users\chaerul\go\bin;C:\xampp\php;
USERNAME=chaerul
OS=Windows_NT
PROCESSOR_IDENTIFIER=Intel64 Family 6 Model 23 Stepping 6, GenuineIntel
TMP=C:\Users\chaerul\AppData\Local\Temp
TEMP=C:\Users\chaerul\AppData\Local\Temp



Periodic native trim disabled

JNI global refs:
JNI global refs: 24, weak refs: 2

JNI global refs memory usage: 843, weak refs: 841

OOME stack traces (most recent first):
Classloader memory used:
Loader bootstrap                                                                       : 1989K
Loader org.gradle.internal.classloader.VisitableURLClassLoader                         : 1865K
Loader org.gradle.initialization.MixInLegacyTypesClassLoader                           : 407K
Loader org.gradle.internal.classloader.VisitableURLClassLoader                         : 57167B
Loader jdk.internal.loader.ClassLoaders$AppClassLoader                                 : 28733B
Loader jdk.internal.reflect.DelegatingClassLoader                                      : 22432B
Loader jdk.internal.loader.ClassLoaders$PlatformClassLoader                            : 14824B


[error occurred during error reporting (Classloader stats), id 0xe0000001, Out of Memory Error (s\src\hotspot\share\memory\arena.cpp:79)]


---------------  S Y S T E M  ---------------

OS:
 Windows 10 , 64 bit Build 19041 (10.0.19041.3636)
OS uptime: 16 days 2:06 hours

CPU: total 2 (initial active 2) (2 cores per cpu, 1 threads per core) family 6 model 23 stepping 6 microcode 0x610, cx8, cmov, fxsr, mmx, sse, sse2, sse3, ssse3, sse4.1, tsc, clflush
Processor Information for all 2 processors :
  Max Mhz: 2267, Current Mhz: 2267, Mhz Limit: 2267

Memory: 4k page, system-wide physical 3990M (73M free)
TotalPageFile size 16278M (AvailPageFile size 4M)
current process WorkingSet (physical memory assigned to process): 183M, peak: 183M
current process commit charge ("private bytes"): 219M, peak: 219M

vm_info: OpenJDK 64-Bit Server VM (17.0.10+0--11572160) for windows-amd64 JRE (17.0.10+0--11572160), built on Mar 13 2024 23:56:38 by "androidbuild" with MS VC++ 16.10 / 16.11 (VS2019)

END.
